2024-05-20T08:22:01.354+07:00  INFO 19188 --- [AFK3] [Test worker] i.a.u.c.a.a.c.ListingControllerTest      : Starting ListingControllerTest using Java 21.0.2 with PID 19188 (started by Jim in C:\Users\Jim\IdeaProjects\AFK3)
2024-05-20T08:22:01.389+07:00  INFO 19188 --- [AFK3] [Test worker] i.a.u.c.a.a.c.ListingControllerTest      : The following 1 profile is active: "test"
2024-05-20T08:22:08.593+07:00  INFO 19188 --- [AFK3] [Test worker] o.s.b.t.m.w.SpringBootMockServletContext : Initializing Spring TestDispatcherServlet ''
2024-05-20T08:22:08.594+07:00  INFO 19188 --- [AFK3] [Test worker] o.s.t.web.servlet.TestDispatcherServlet  : Initializing Servlet ''
2024-05-20T08:22:08.605+07:00  INFO 19188 --- [AFK3] [Test worker] o.s.t.web.servlet.TestDispatcherServlet  : Completed initialization in 10 ms
2024-05-20T08:22:08.721+07:00  INFO 19188 --- [AFK3] [Test worker] i.a.u.c.a.a.c.ListingControllerTest      : Started ListingControllerTest in 9.34 seconds (process running for 17.718)
2024-05-20T08:22:09.519+07:00  INFO 19188 --- [AFK3] [Test worker] i.a.u.c.a.a.c.ListingController          : get by seller hitted
2024-05-20T08:22:09.534+07:00  INFO 19188 --- [AFK3] [Test worker] i.a.u.c.a.a.c.ListingController          : returning successfull
2024-05-20T08:22:10.013+07:00  WARN 19188 --- [AFK3] [Test worker] .w.s.m.s.DefaultHandlerExceptionResolver : Resolved [org.springframework.http.converter.HttpMessageNotReadableException: Required request body is missing: public org.springframework.http.ResponseEntity<id.ac.ui.cs.advprog.afk3.model.Listing> id.ac.ui.cs.advprog.afk3.controller.ListingController.createListingPost(id.ac.ui.cs.advprog.afk3.model.Listing,java.lang.String)]
2024-05-20T08:22:10.329+07:00  WARN 19188 --- [AFK3] [Test worker] .w.s.m.s.DefaultHandlerExceptionResolver : Resolved [org.springframework.http.converter.HttpMessageNotReadableException: Required request body is missing: public org.springframework.http.ResponseEntity<id.ac.ui.cs.advprog.afk3.model.Listing> id.ac.ui.cs.advprog.afk3.controller.ListingController.createListingPost(id.ac.ui.cs.advprog.afk3.model.Listing,java.lang.String)]
2024-05-20T08:22:10.477+07:00  WARN 19188 --- [AFK3] [Test worker] .w.s.m.s.DefaultHandlerExceptionResolver : Resolved [org.springframework.http.converter.HttpMessageNotReadableException: Required request body is missing: public org.springframework.http.ResponseEntity<id.ac.ui.cs.advprog.afk3.model.Listing> id.ac.ui.cs.advprog.afk3.controller.ListingController.createListingPost(id.ac.ui.cs.advprog.afk3.model.Listing,java.lang.String)]
2024-05-20T08:22:10.598+07:00  WARN 19188 --- [AFK3] [Test worker] .w.s.m.s.DefaultHandlerExceptionResolver : Resolved [org.springframework.http.converter.HttpMessageNotReadableException: Required request body is missing: public org.springframework.http.ResponseEntity<id.ac.ui.cs.advprog.afk3.model.Listing> id.ac.ui.cs.advprog.afk3.controller.ListingController.createListingPost(id.ac.ui.cs.advprog.afk3.model.Listing,java.lang.String)]
2024-05-20T08:22:13.333+07:00  INFO 19188 --- [AFK3] [Test worker] t.c.s.AnnotationConfigContextLoaderUtils : Could not detect default configuration classes for test class [id.ac.ui.cs.advprog.afk3.Afk3ApplicationTests]: Afk3ApplicationTests does not declare any static, non-private, non-final, nested classes annotated with @Configuration.
2024-05-20T08:22:13.363+07:00  INFO 19188 --- [AFK3] [Test worker] .b.t.c.SpringBootTestContextBootstrapper : Found @SpringBootConfiguration id.ac.ui.cs.advprog.afk3.Afk3Application for test class id.ac.ui.cs.advprog.afk3.Afk3ApplicationTests
2024-05-20T08:22:13.500+07:00  INFO 19188 --- [AFK3] [Test worker] i.a.u.c.a.afk3.Afk3ApplicationTests      : Starting Afk3ApplicationTests using Java 21.0.2 with PID 19188 (started by Jim in C:\Users\Jim\IdeaProjects\AFK3)
2024-05-20T08:22:13.504+07:00  INFO 19188 --- [AFK3] [Test worker] i.a.u.c.a.afk3.Afk3ApplicationTests      : The following 1 profile is active: "test"
2024-05-20T08:22:16.208+07:00  INFO 19188 --- [AFK3] [Test worker] .s.d.r.c.RepositoryConfigurationDelegate : Bootstrapping Spring Data JPA repositories in DEFAULT mode.
2024-05-20T08:22:16.565+07:00  INFO 19188 --- [AFK3] [Test worker] .s.d.r.c.RepositoryConfigurationDelegate : Finished Spring Data repository scanning in 227 ms. Found 2 JPA repository interfaces.
2024-05-20T08:22:20.211+07:00  INFO 19188 --- [AFK3] [Test worker] o.hibernate.jpa.internal.util.LogHelper  : HHH000204: Processing PersistenceUnitInfo [name: default]
2024-05-20T08:22:20.646+07:00  INFO 19188 --- [AFK3] [Test worker] org.hibernate.Version                    : HHH000412: Hibernate ORM core version 6.4.4.Final
2024-05-20T08:22:20.863+07:00  INFO 19188 --- [AFK3] [Test worker] o.h.c.internal.RegionFactoryInitiator    : HHH000026: Second-level cache disabled
2024-05-20T08:22:21.590+07:00  INFO 19188 --- [AFK3] [Test worker] o.s.o.j.p.SpringPersistenceUnitInfo      : No LoadTimeWeaver setup: ignoring JPA class transformer
2024-05-20T08:22:21.726+07:00  INFO 19188 --- [AFK3] [Test worker] com.zaxxer.hikari.HikariDataSource       : HikariPool-1 - Starting...
2024-05-20T08:22:23.123+07:00  INFO 19188 --- [AFK3] [Test worker] com.zaxxer.hikari.pool.HikariPool        : HikariPool-1 - Added connection conn0: url=jdbc:h2:mem:testdb user=SA
2024-05-20T08:22:23.131+07:00  INFO 19188 --- [AFK3] [Test worker] com.zaxxer.hikari.HikariDataSource       : HikariPool-1 - Start completed.
2024-05-20T08:22:23.322+07:00  WARN 19188 --- [AFK3] [Test worker] org.hibernate.orm.deprecation            : HHH90000025: H2Dialect does not need to be specified explicitly using 'hibernate.dialect' (remove the property setting and it will be selected by default)
2024-05-20T08:22:28.204+07:00  INFO 19188 --- [AFK3] [Test worker] o.h.e.t.j.p.i.JtaPlatformInitiator       : HHH000489: No JTA platform available (set 'hibernate.transaction.jta.platform' to enable JTA platform integration)
2024-05-20T08:22:28.568+07:00  INFO 19188 --- [AFK3] [Test worker] j.LocalContainerEntityManagerFactoryBean : Initialized JPA EntityManagerFactory for persistence unit 'default'
2024-05-20T08:22:30.743+07:00  WARN 19188 --- [AFK3] [Test worker] JpaBaseConfiguration$JpaWebConfiguration : spring.jpa.open-in-view is enabled by default. Therefore, database queries may be performed during view rendering. Explicitly configure spring.jpa.open-in-view to disable this warning
2024-05-20T08:22:32.280+07:00  INFO 19188 --- [AFK3] [Test worker] o.s.b.a.e.web.EndpointLinksResolver      : Exposing 0 endpoint(s) beneath base path '/actuator'
2024-05-20T08:22:32.469+07:00  INFO 19188 --- [AFK3] [Test worker] i.a.u.c.a.afk3.Afk3ApplicationTests      : Started Afk3ApplicationTests in 19.08 seconds (process running for 41.465)
2024-05-20T08:22:32.766+07:00  INFO 19188 --- [AFK3] [Test worker] t.c.s.AnnotationConfigContextLoaderUtils : Could not detect default configuration classes for test class [id.ac.ui.cs.advprog.afk3.Enum.OrderStatusTest]: OrderStatusTest does not declare any static, non-private, non-final, nested classes annotated with @Configuration.
2024-05-20T08:22:32.889+07:00  INFO 19188 --- [AFK3] [Test worker] .b.t.c.SpringBootTestContextBootstrapper : Found @SpringBootConfiguration id.ac.ui.cs.advprog.afk3.Afk3Application for test class id.ac.ui.cs.advprog.afk3.Enum.OrderStatusTest
2024-05-20T08:22:33.047+07:00  INFO 19188 --- [AFK3] [Test worker] t.c.s.AnnotationConfigContextLoaderUtils : Could not detect default configuration classes for test class [id.ac.ui.cs.advprog.afk3.Enum.UserTypeTest]: UserTypeTest does not declare any static, non-private, non-final, nested classes annotated with @Configuration.
2024-05-20T08:22:33.056+07:00  INFO 19188 --- [AFK3] [Test worker] .b.t.c.SpringBootTestContextBootstrapper : Found @SpringBootConfiguration id.ac.ui.cs.advprog.afk3.Afk3Application for test class id.ac.ui.cs.advprog.afk3.Enum.UserTypeTest
2024-05-20T08:22:33.172+07:00  INFO 19188 --- [AFK3] [Test worker] t.c.s.AnnotationConfigContextLoaderUtils : Could not detect default configuration classes for test class [id.ac.ui.cs.advprog.afk3.Service.ListingServiceTest]: ListingServiceTest does not declare any static, non-private, non-final, nested classes annotated with @Configuration.
2024-05-20T08:22:33.195+07:00  INFO 19188 --- [AFK3] [Test worker] .b.t.c.SpringBootTestContextBootstrapper : Found @SpringBootConfiguration id.ac.ui.cs.advprog.afk3.Afk3Application for test class id.ac.ui.cs.advprog.afk3.Service.ListingServiceTest
2024-05-20T08:22:33.272+07:00  INFO 19188 --- [AFK3] [Test worker] i.a.u.c.a.a.Service.ListingServiceTest   : Starting ListingServiceTest using Java 21.0.2 with PID 19188 (started by Jim in C:\Users\Jim\IdeaProjects\AFK3)
2024-05-20T08:22:33.273+07:00  INFO 19188 --- [AFK3] [Test worker] i.a.u.c.a.a.Service.ListingServiceTest   : The following 1 profile is active: "test"
2024-05-20T08:22:33.881+07:00  INFO 19188 --- [AFK3] [Test worker] .s.d.r.c.RepositoryConfigurationDelegate : Bootstrapping Spring Data JPA repositories in DEFAULT mode.
2024-05-20T08:22:33.903+07:00  INFO 19188 --- [AFK3] [Test worker] .s.d.r.c.RepositoryConfigurationDelegate : Finished Spring Data repository scanning in 20 ms. Found 2 JPA repository interfaces.
2024-05-20T08:22:34.665+07:00  INFO 19188 --- [AFK3] [Test worker] o.hibernate.jpa.internal.util.LogHelper  : HHH000204: Processing PersistenceUnitInfo [name: default]
2024-05-20T08:22:34.671+07:00  INFO 19188 --- [AFK3] [Test worker] o.h.c.internal.RegionFactoryInitiator    : HHH000026: Second-level cache disabled
2024-05-20T08:22:34.681+07:00  INFO 19188 --- [AFK3] [Test worker] o.s.o.j.p.SpringPersistenceUnitInfo      : No LoadTimeWeaver setup: ignoring JPA class transformer
2024-05-20T08:22:34.684+07:00  INFO 19188 --- [AFK3] [Test worker] com.zaxxer.hikari.HikariDataSource       : HikariPool-2 - Starting...
2024-05-20T08:22:34.686+07:00  INFO 19188 --- [AFK3] [Test worker] com.zaxxer.hikari.pool.HikariPool        : HikariPool-2 - Added connection conn10: url=jdbc:h2:mem:testdb user=SA
2024-05-20T08:22:34.687+07:00  INFO 19188 --- [AFK3] [Test worker] com.zaxxer.hikari.HikariDataSource       : HikariPool-2 - Start completed.
2024-05-20T08:22:34.688+07:00  WARN 19188 --- [AFK3] [Test worker] org.hibernate.orm.deprecation            : HHH90000025: H2Dialect does not need to be specified explicitly using 'hibernate.dialect' (remove the property setting and it will be selected by default)
2024-05-20T08:22:34.785+07:00  INFO 19188 --- [AFK3] [Test worker] o.h.e.t.j.p.i.JtaPlatformInitiator       : HHH000489: No JTA platform available (set 'hibernate.transaction.jta.platform' to enable JTA platform integration)
2024-05-20T08:22:34.805+07:00  INFO 19188 --- [AFK3] [Test worker] j.LocalContainerEntityManagerFactoryBean : Initialized JPA EntityManagerFactory for persistence unit 'default'
2024-05-20T08:22:35.101+07:00  WARN 19188 --- [AFK3] [Test worker] JpaBaseConfiguration$JpaWebConfiguration : spring.jpa.open-in-view is enabled by default. Therefore, database queries may be performed during view rendering. Explicitly configure spring.jpa.open-in-view to disable this warning
2024-05-20T08:22:35.882+07:00  INFO 19188 --- [AFK3] [Test worker] o.s.b.a.e.web.EndpointLinksResolver      : Exposing 0 endpoint(s) beneath base path '/actuator'
2024-05-20T08:22:35.926+07:00  INFO 19188 --- [AFK3] [Test worker] i.a.u.c.a.a.Service.ListingServiceTest   : Started ListingServiceTest in 2.719 seconds (process running for 44.922)
2024-05-20T08:22:36.436+07:00  INFO 19188 --- [AFK3] [Test worker] i.a.u.c.a.a.service.ListingServiceImpl   : hitting url nulluser/get-role
2024-05-20T08:22:36.478+07:00  INFO 19188 --- [AFK3] [Test worker] i.a.u.c.a.a.service.ListingServiceImpl   : hitting url nulluser/get-role
2024-05-20T08:22:36.541+07:00  INFO 19188 --- [AFK3] [Test worker] i.a.u.c.a.a.service.ListingServiceImpl   : hitting url nulluser/get-role
2024-05-20T08:22:36.584+07:00  INFO 19188 --- [AFK3] [Test worker] i.a.u.c.a.a.service.ListingServiceImpl   : hitting url nulluser/get-role
2024-05-20T08:22:36.618+07:00  INFO 19188 --- [AFK3] [Test worker] i.a.u.c.a.a.service.ListingServiceImpl   : hitting url nulluser/get-role
2024-05-20T08:22:36.653+07:00  INFO 19188 --- [AFK3] [Test worker] i.a.u.c.a.a.service.ListingServiceImpl   : hitting url nulluser/get-role
2024-05-20T08:22:36.681+07:00  INFO 19188 --- [AFK3] [Test worker] i.a.u.c.a.a.service.ListingServiceImpl   : hitting url nulluser/get-role
2024-05-20T08:22:36.712+07:00  INFO 19188 --- [AFK3] [Test worker] i.a.u.c.a.a.service.ListingServiceImpl   : hitting url nulluser/get-role
2024-05-20T08:22:36.745+07:00  INFO 19188 --- [AFK3] [Test worker] i.a.u.c.a.a.service.ListingServiceImpl   : hitting url nulluser/get-role
2024-05-20T08:22:36.772+07:00  INFO 19188 --- [AFK3] [Test worker] i.a.u.c.a.a.service.ListingServiceImpl   : hitting url nulluser/get-role
2024-05-20T08:22:36.796+07:00  INFO 19188 --- [AFK3] [Test worker] i.a.u.c.a.a.service.ListingServiceImpl   : hitting url nulluser/get-role
2024-05-20T08:22:36.825+07:00  INFO 19188 --- [AFK3] [Test worker] i.a.u.c.a.a.service.ListingServiceImpl   : hitting url nulluser/get-role
2024-05-20T08:22:36.852+07:00  INFO 19188 --- [AFK3] [Test worker] i.a.u.c.a.a.service.ListingServiceImpl   : hitting url nulluser/get-role
2024-05-20T08:22:36.879+07:00  INFO 19188 --- [AFK3] [Test worker] i.a.u.c.a.a.service.ListingServiceImpl   : hitting url nulluser/get-role
2024-05-20T08:22:36.909+07:00  INFO 19188 --- [AFK3] [Test worker] i.a.u.c.a.a.service.ListingServiceImpl   : hitting url nulluser/get-role
2024-05-20T08:22:36.939+07:00  INFO 19188 --- [AFK3] [Test worker] i.a.u.c.a.a.service.ListingServiceImpl   : hitting url nulluser/get-role
2024-05-20T08:22:36.962+07:00  INFO 19188 --- [AFK3] [Test worker] i.a.u.c.a.a.service.ListingServiceImpl   : hitting url nulluser/get-role
2024-05-20T08:22:36.987+07:00  INFO 19188 --- [AFK3] [Test worker] i.a.u.c.a.a.service.ListingServiceImpl   : hitting url nulluser/get-role
2024-05-20T08:22:37.008+07:00  INFO 19188 --- [AFK3] [Test worker] t.c.s.AnnotationConfigContextLoaderUtils : Could not detect default configuration classes for test class [id.ac.ui.cs.advprog.afk3.Service.OrderServiceTest]: OrderServiceTest does not declare any static, non-private, non-final, nested classes annotated with @Configuration.
2024-05-20T08:22:37.015+07:00  INFO 19188 --- [AFK3] [Test worker] .b.t.c.SpringBootTestContextBootstrapper : Found @SpringBootConfiguration id.ac.ui.cs.advprog.afk3.Afk3Application for test class id.ac.ui.cs.advprog.afk3.Service.OrderServiceTest
2024-05-20T08:22:37.040+07:00  INFO 19188 --- [AFK3] [Test worker] i.a.u.c.a.afk3.service.OrderServiceImpl  : orders deleted by with listing eb558e9f-1c39-460e-8860-71af6af63bd6
2024-05-20T08:22:37.123+07:00  INFO 19188 --- [AFK3] [Test worker] i.a.u.c.a.afk3.service.OrderServiceImpl  : order 1411ca3d-385c-495d-b78c-7640b3b32925 found
2024-05-20T08:22:37.123+07:00 ERROR 19188 --- [AFK3] [Test worker] i.a.u.c.a.afk3.service.OrderServiceImpl  : order FAILED to be updated
2024-05-20T08:22:37.158+07:00  INFO 19188 --- [AFK3] [Test worker] i.a.u.c.a.afk3.service.OrderServiceImpl  : orders found by safira sudarajat
2024-05-20T08:22:37.185+07:00 ERROR 19188 --- [AFK3] [Test worker] i.a.u.c.a.afk3.service.OrderServiceImpl  : listing eb558e9f-1c39-460e-8860-71af6af63bd6 out of stock
2024-05-20T08:22:37.250+07:00  INFO 19188 --- [AFK3] [Test worker] i.a.u.c.a.afk3.service.OrderServiceImpl  : order fd153bbf-d754-4132-b74c-c5e60abe5af0 found
2024-05-20T08:22:37.251+07:00  INFO 19188 --- [AFK3] [Test worker] i.a.u.c.a.afk3.service.OrderServiceImpl  : order fd153bbf-d754-4132-b74c-c5e60abe5af0 placed successful
2024-05-20T08:22:37.302+07:00  INFO 19188 --- [AFK3] [Test worker] i.a.u.c.a.afk3.service.OrderServiceImpl  : orders found by Safira Sudarajat
2024-05-20T08:22:37.334+07:00  INFO 19188 --- [AFK3] [Test worker] i.a.u.c.a.afk3.service.OrderServiceImpl  : order 1cc0ecb3-00a7-4450-8877-e31cb197f51c placed successful
2024-05-20T08:22:37.455+07:00  INFO 19188 --- [AFK3] [Test worker] i.a.u.c.a.afk3.service.OrderServiceImpl  : order 3f2f530f-1732-42ce-b7e4-50a5dff01a90 found
2024-05-20T08:22:37.486+07:00  INFO 19188 --- [AFK3] [Test worker] i.a.u.c.a.afk3.service.OrderServiceImpl  : order 97285184-68e0-4aad-bf8a-24868ea36615 placed successful
2024-05-20T08:22:37.514+07:00  INFO 19188 --- [AFK3] [Test worker] i.a.u.c.a.afk3.service.OrderServiceImpl  : order 11e27f0b-b44d-441d-9038-c924dcde9dc7 found
2024-05-20T08:22:37.535+07:00  INFO 19188 --- [AFK3] [Test worker] t.c.s.AnnotationConfigContextLoaderUtils : Could not detect default configuration classes for test class [id.ac.ui.cs.advprog.afk3.controller.OrderControllerTest]: OrderControllerTest does not declare any static, non-private, non-final, nested classes annotated with @Configuration.
2024-05-20T08:22:37.569+07:00  INFO 19188 --- [AFK3] [Test worker] .b.t.c.SpringBootTestContextBootstrapper : Found @SpringBootConfiguration id.ac.ui.cs.advprog.afk3.Afk3Application for test class id.ac.ui.cs.advprog.afk3.controller.OrderControllerTest
2024-05-20T08:22:37.623+07:00  INFO 19188 --- [AFK3] [Test worker] i.a.u.c.a.a.c.OrderControllerTest        : Starting OrderControllerTest using Java 21.0.2 with PID 19188 (started by Jim in C:\Users\Jim\IdeaProjects\AFK3)
2024-05-20T08:22:37.623+07:00  INFO 19188 --- [AFK3] [Test worker] i.a.u.c.a.a.c.OrderControllerTest        : The following 1 profile is active: "test"
2024-05-20T08:22:38.044+07:00  INFO 19188 --- [AFK3] [Test worker] o.s.b.t.m.w.SpringBootMockServletContext : Initializing Spring TestDispatcherServlet ''
2024-05-20T08:22:38.045+07:00  INFO 19188 --- [AFK3] [Test worker] o.s.t.web.servlet.TestDispatcherServlet  : Initializing Servlet ''
2024-05-20T08:22:38.046+07:00  INFO 19188 --- [AFK3] [Test worker] o.s.t.web.servlet.TestDispatcherServlet  : Completed initialization in 1 ms
2024-05-20T08:22:38.055+07:00  INFO 19188 --- [AFK3] [Test worker] i.a.u.c.a.a.c.OrderControllerTest        : Started OrderControllerTest in 0.481 seconds (process running for 47.053)
2024-05-20T08:22:38.320+07:00  INFO 19188 --- [AFK3] [Test worker] t.c.s.AnnotationConfigContextLoaderUtils : Could not detect default configuration classes for test class [id.ac.ui.cs.advprog.afk3.model.ListingTest]: ListingTest does not declare any static, non-private, non-final, nested classes annotated with @Configuration.
2024-05-20T08:22:38.334+07:00  INFO 19188 --- [AFK3] [Test worker] .b.t.c.SpringBootTestContextBootstrapper : Found @SpringBootConfiguration id.ac.ui.cs.advprog.afk3.Afk3Application for test class id.ac.ui.cs.advprog.afk3.model.ListingTest
2024-05-20T08:22:38.450+07:00  INFO 19188 --- [AFK3] [Test worker] t.c.s.AnnotationConfigContextLoaderUtils : Could not detect default configuration classes for test class [id.ac.ui.cs.advprog.afk3.model.OrderTest]: OrderTest does not declare any static, non-private, non-final, nested classes annotated with @Configuration.
2024-05-20T08:22:38.458+07:00  INFO 19188 --- [AFK3] [Test worker] .b.t.c.SpringBootTestContextBootstrapper : Found @SpringBootConfiguration id.ac.ui.cs.advprog.afk3.Afk3Application for test class id.ac.ui.cs.advprog.afk3.model.OrderTest
2024-05-20T08:22:38.595+07:00  INFO 19188 --- [AFK3] [SpringApplicationShutdownHook] j.LocalContainerEntityManagerFactoryBean : Closing JPA EntityManagerFactory for persistence unit 'default'
2024-05-20T08:22:38.602+07:00  INFO 19188 --- [AFK3] [SpringApplicationShutdownHook] com.zaxxer.hikari.HikariDataSource       : HikariPool-1 - Shutdown initiated...
2024-05-20T08:22:38.606+07:00  INFO 19188 --- [AFK3] [SpringApplicationShutdownHook] com.zaxxer.hikari.HikariDataSource       : HikariPool-1 - Shutdown completed.
2024-05-20T08:22:38.610+07:00  INFO 19188 --- [AFK3] [SpringApplicationShutdownHook] j.LocalContainerEntityManagerFactoryBean : Closing JPA EntityManagerFactory for persistence unit 'default'
2024-05-20T08:22:38.613+07:00  INFO 19188 --- [AFK3] [SpringApplicationShutdownHook] com.zaxxer.hikari.HikariDataSource       : HikariPool-2 - Shutdown initiated...
2024-05-20T08:22:38.618+07:00  INFO 19188 --- [AFK3] [SpringApplicationShutdownHook] com.zaxxer.hikari.HikariDataSource       : HikariPool-2 - Shutdown completed.
2024-05-20T08:26:14.216+07:00  INFO 7604 --- [AFK3] [Test worker] i.a.u.c.a.a.Service.ListingServiceTest   : Starting ListingServiceTest using Java 21.0.2 with PID 7604 (started by Jim in C:\Users\Jim\IdeaProjects\AFK3)
2024-05-20T08:26:14.219+07:00  INFO 7604 --- [AFK3] [Test worker] i.a.u.c.a.a.Service.ListingServiceTest   : The following 1 profile is active: "test"
2024-05-20T08:26:16.292+07:00  INFO 7604 --- [AFK3] [Test worker] .s.d.r.c.RepositoryConfigurationDelegate : Bootstrapping Spring Data JPA repositories in DEFAULT mode.
2024-05-20T08:26:16.410+07:00  INFO 7604 --- [AFK3] [Test worker] .s.d.r.c.RepositoryConfigurationDelegate : Finished Spring Data repository scanning in 91 ms. Found 2 JPA repository interfaces.
2024-05-20T08:26:21.996+07:00  INFO 7604 --- [AFK3] [Test worker] o.hibernate.jpa.internal.util.LogHelper  : HHH000204: Processing PersistenceUnitInfo [name: default]
2024-05-20T08:26:22.188+07:00  INFO 7604 --- [AFK3] [Test worker] org.hibernate.Version                    : HHH000412: Hibernate ORM core version 6.4.4.Final
2024-05-20T08:26:22.397+07:00  INFO 7604 --- [AFK3] [Test worker] o.h.c.internal.RegionFactoryInitiator    : HHH000026: Second-level cache disabled
2024-05-20T08:26:23.098+07:00  INFO 7604 --- [AFK3] [Test worker] o.s.o.j.p.SpringPersistenceUnitInfo      : No LoadTimeWeaver setup: ignoring JPA class transformer
2024-05-20T08:26:23.194+07:00  INFO 7604 --- [AFK3] [Test worker] com.zaxxer.hikari.HikariDataSource       : HikariPool-1 - Starting...
2024-05-20T08:26:23.959+07:00  INFO 7604 --- [AFK3] [Test worker] com.zaxxer.hikari.pool.HikariPool        : HikariPool-1 - Added connection conn0: url=jdbc:h2:mem:testdb user=SA
2024-05-20T08:26:23.965+07:00  INFO 7604 --- [AFK3] [Test worker] com.zaxxer.hikari.HikariDataSource       : HikariPool-1 - Start completed.
2024-05-20T08:26:24.053+07:00  WARN 7604 --- [AFK3] [Test worker] org.hibernate.orm.deprecation            : HHH90000025: H2Dialect does not need to be specified explicitly using 'hibernate.dialect' (remove the property setting and it will be selected by default)
2024-05-20T08:26:27.421+07:00  INFO 7604 --- [AFK3] [Test worker] o.h.e.t.j.p.i.JtaPlatformInitiator       : HHH000489: No JTA platform available (set 'hibernate.transaction.jta.platform' to enable JTA platform integration)
2024-05-20T08:26:28.090+07:00  INFO 7604 --- [AFK3] [Test worker] j.LocalContainerEntityManagerFactoryBean : Initialized JPA EntityManagerFactory for persistence unit 'default'
2024-05-20T08:26:29.154+07:00  WARN 7604 --- [AFK3] [Test worker] JpaBaseConfiguration$JpaWebConfiguration : spring.jpa.open-in-view is enabled by default. Therefore, database queries may be performed during view rendering. Explicitly configure spring.jpa.open-in-view to disable this warning
2024-05-20T08:26:32.664+07:00  INFO 7604 --- [AFK3] [Test worker] o.s.b.a.e.web.EndpointLinksResolver      : Exposing 0 endpoint(s) beneath base path '/actuator'
2024-05-20T08:26:32.941+07:00  INFO 7604 --- [AFK3] [Test worker] i.a.u.c.a.a.Service.ListingServiceTest   : Started ListingServiceTest in 19.51 seconds (process running for 22.9)
2024-05-20T08:26:34.491+07:00  INFO 7604 --- [AFK3] [Test worker] i.a.u.c.a.a.service.ListingServiceImpl   : hitting url nulluser/get-role
2024-05-20T08:26:34.593+07:00  INFO 7604 --- [AFK3] [Test worker] i.a.u.c.a.a.service.ListingServiceImpl   : hitting url nulluser/get-role
2024-05-20T08:26:34.633+07:00  INFO 7604 --- [AFK3] [Test worker] i.a.u.c.a.a.service.ListingServiceImpl   : hitting url nulluser/get-role
2024-05-20T08:26:34.698+07:00  INFO 7604 --- [AFK3] [Test worker] i.a.u.c.a.a.service.ListingServiceImpl   : hitting url nulluser/get-role
2024-05-20T08:26:34.754+07:00  INFO 7604 --- [AFK3] [Test worker] i.a.u.c.a.a.service.ListingServiceImpl   : hitting url nulluser/get-role
2024-05-20T08:26:34.827+07:00  INFO 7604 --- [AFK3] [Test worker] i.a.u.c.a.a.service.ListingServiceImpl   : hitting url nulluser/get-role
2024-05-20T08:26:34.894+07:00  INFO 7604 --- [AFK3] [Test worker] i.a.u.c.a.a.service.ListingServiceImpl   : hitting url nulluser/get-role
2024-05-20T08:26:34.948+07:00  INFO 7604 --- [AFK3] [Test worker] i.a.u.c.a.a.service.ListingServiceImpl   : hitting url nulluser/get-role
2024-05-20T08:26:34.990+07:00  INFO 7604 --- [AFK3] [Test worker] i.a.u.c.a.a.service.ListingServiceImpl   : hitting url nulluser/get-role
2024-05-20T08:26:35.061+07:00  INFO 7604 --- [AFK3] [Test worker] i.a.u.c.a.a.service.ListingServiceImpl   : hitting url nulluser/get-role
2024-05-20T08:26:35.111+07:00  INFO 7604 --- [AFK3] [Test worker] i.a.u.c.a.a.service.ListingServiceImpl   : hitting url nulluser/get-role
2024-05-20T08:26:35.167+07:00  INFO 7604 --- [AFK3] [Test worker] i.a.u.c.a.a.service.ListingServiceImpl   : hitting url nulluser/get-role
2024-05-20T08:26:35.206+07:00  INFO 7604 --- [AFK3] [Test worker] i.a.u.c.a.a.service.ListingServiceImpl   : hitting url nulluser/get-role
2024-05-20T08:26:35.250+07:00  INFO 7604 --- [AFK3] [Test worker] i.a.u.c.a.a.service.ListingServiceImpl   : hitting url nulluser/get-role
2024-05-20T08:26:35.290+07:00  INFO 7604 --- [AFK3] [Test worker] i.a.u.c.a.a.service.ListingServiceImpl   : hitting url nulluser/get-role
2024-05-20T08:26:35.328+07:00  INFO 7604 --- [AFK3] [Test worker] i.a.u.c.a.a.service.ListingServiceImpl   : hitting url nulluser/get-role
2024-05-20T08:26:35.363+07:00  INFO 7604 --- [AFK3] [Test worker] i.a.u.c.a.a.service.ListingServiceImpl   : hitting url nulluser/get-role
2024-05-20T08:26:35.395+07:00  INFO 7604 --- [AFK3] [Test worker] i.a.u.c.a.a.service.ListingServiceImpl   : hitting url nulluser/get-role
2024-05-20T08:26:35.441+07:00  INFO 7604 --- [AFK3] [Test worker] t.c.s.AnnotationConfigContextLoaderUtils : Could not detect default configuration classes for test class [id.ac.ui.cs.advprog.afk3.controller.ListingControllerTest]: ListingControllerTest does not declare any static, non-private, non-final, nested classes annotated with @Configuration.
2024-05-20T08:26:35.596+07:00  INFO 7604 --- [AFK3] [Test worker] .b.t.c.SpringBootTestContextBootstrapper : Found @SpringBootConfiguration id.ac.ui.cs.advprog.afk3.Afk3Application for test class id.ac.ui.cs.advprog.afk3.controller.ListingControllerTest
2024-05-20T08:26:35.710+07:00  INFO 7604 --- [AFK3] [Test worker] i.a.u.c.a.a.c.ListingControllerTest      : Starting ListingControllerTest using Java 21.0.2 with PID 7604 (started by Jim in C:\Users\Jim\IdeaProjects\AFK3)
2024-05-20T08:26:35.711+07:00  INFO 7604 --- [AFK3] [Test worker] i.a.u.c.a.a.c.ListingControllerTest      : The following 1 profile is active: "test"
2024-05-20T08:26:36.923+07:00  INFO 7604 --- [AFK3] [Test worker] o.s.b.t.m.w.SpringBootMockServletContext : Initializing Spring TestDispatcherServlet ''
2024-05-20T08:26:36.925+07:00  INFO 7604 --- [AFK3] [Test worker] o.s.t.web.servlet.TestDispatcherServlet  : Initializing Servlet ''
2024-05-20T08:26:36.927+07:00  INFO 7604 --- [AFK3] [Test worker] o.s.t.web.servlet.TestDispatcherServlet  : Completed initialization in 1 ms
2024-05-20T08:26:36.951+07:00  INFO 7604 --- [AFK3] [Test worker] i.a.u.c.a.a.c.ListingControllerTest      : Started ListingControllerTest in 1.336 seconds (process running for 26.911)
2024-05-20T08:26:37.209+07:00  INFO 7604 --- [AFK3] [Test worker] i.a.u.c.a.a.c.ListingController          : get by seller hitted
2024-05-20T08:26:37.211+07:00  INFO 7604 --- [AFK3] [Test worker] i.a.u.c.a.a.c.ListingController          : returning successfull
2024-05-20T08:26:37.607+07:00  WARN 7604 --- [AFK3] [Test worker] .w.s.m.s.DefaultHandlerExceptionResolver : Resolved [org.springframework.http.converter.HttpMessageNotReadableException: Required request body is missing: public org.springframework.http.ResponseEntity<id.ac.ui.cs.advprog.afk3.model.Listing> id.ac.ui.cs.advprog.afk3.controller.ListingController.createListingPost(id.ac.ui.cs.advprog.afk3.model.Listing,java.lang.String)]
2024-05-20T08:26:39.459+07:00  WARN 7604 --- [AFK3] [Test worker] o.s.test.context.TestContextManager      : Caught exception while invoking 'afterTestMethod' callback on TestExecutionListener [org.springframework.boot.test.mock.mockito.ResetMocksTestExecutionListener] for test method [public void id.ac.ui.cs.advprog.afk3.controller.ListingControllerTest.createListingPostTest() throws java.lang.Exception] and test instance [id.ac.ui.cs.advprog.afk3.controller.ListingControllerTest@197b20ad]

org.mockito.exceptions.misusing.UnfinishedStubbingException: 
Unfinished stubbing detected here:
-> at id.ac.ui.cs.advprog.afk3.controller.ListingControllerTest.createListingPostTest(ListingControllerTest.java:105)

E.g. thenReturn() may be missing.
Examples of correct stubbing:
    when(mock.isOk()).thenReturn(true);
    when(mock.isOk()).thenThrow(exception);
    doThrow(exception).when(mock).someVoidMethod();
Hints:
 1. missing thenReturn()
 2. you are trying to stub a final method, which is not supported
 3. you are stubbing the behaviour of another mock inside before 'thenReturn' instruction is completed

	at org.springframework.boot.test.mock.mockito.ResetMocksTestExecutionListener.resetMocks(ResetMocksTestExecutionListener.java:86) ~[spring-boot-test-3.2.4.jar:3.2.4]
	at org.springframework.boot.test.mock.mockito.ResetMocksTestExecutionListener.resetMocks(ResetMocksTestExecutionListener.java:73) ~[spring-boot-test-3.2.4.jar:3.2.4]
	at org.springframework.boot.test.mock.mockito.ResetMocksTestExecutionListener.afterTestMethod(ResetMocksTestExecutionListener.java:67) ~[spring-boot-test-3.2.4.jar:3.2.4]
	at org.springframework.test.context.TestContextManager.afterTestMethod(TestContextManager.java:487) ~[spring-test-6.1.5.jar:6.1.5]
	at org.springframework.test.context.junit.jupiter.SpringExtension.afterEach(SpringExtension.java:278) ~[spring-test-6.1.5.jar:6.1.5]
	at org.junit.jupiter.engine.descriptor.TestMethodTestDescriptor.lambda$invokeAfterEachCallbacks$12(TestMethodTestDescriptor.java:261) ~[junit-jupiter-engine-5.10.2.jar:5.10.2]
	at org.junit.jupiter.engine.descriptor.TestMethodTestDescriptor.lambda$invokeAllAfterMethodsOrCallbacks$13(TestMethodTestDescriptor.java:277) ~[junit-jupiter-engine-5.10.2.jar:5.10.2]
	at org.junit.platform.engine.support.hierarchical.ThrowableCollector.execute(ThrowableCollector.java:73) ~[junit-platform-engine-1.10.2.jar:1.10.2]
	at org.junit.jupiter.engine.descriptor.TestMethodTestDescriptor.lambda$invokeAllAfterMethodsOrCallbacks$14(TestMethodTestDescriptor.java:277) ~[junit-jupiter-engine-5.10.2.jar:5.10.2]
	at org.junit.platform.commons.util.CollectionUtils.forEachInReverseOrder(CollectionUtils.java:221) ~[junit-platform-commons-1.10.2.jar:1.10.2]
	at org.junit.jupiter.engine.descriptor.TestMethodTestDescriptor.invokeAllAfterMethodsOrCallbacks(TestMethodTestDescriptor.java:276) ~[junit-jupiter-engine-5.10.2.jar:5.10.2]
	at org.junit.jupiter.engine.descriptor.TestMethodTestDescriptor.invokeAfterEachCallbacks(TestMethodTestDescriptor.java:260) ~[junit-jupiter-engine-5.10.2.jar:5.10.2]
	at org.junit.jupiter.engine.descriptor.TestMethodTestDescriptor.execute(TestMethodTestDescriptor.java:145) ~[junit-jupiter-engine-5.10.2.jar:5.10.2]
	at org.junit.jupiter.engine.descriptor.TestMethodTestDescriptor.execute(TestMethodTestDescriptor.java:69) ~[junit-jupiter-engine-5.10.2.jar:5.10.2]
	at org.junit.platform.engine.support.hierarchical.NodeTestTask.lambda$executeRecursively$6(NodeTestTask.java:151) ~[junit-platform-engine-1.10.2.jar:1.10.2]
	at org.junit.platform.engine.support.hierarchical.ThrowableCollector.execute(ThrowableCollector.java:73) ~[junit-platform-engine-1.10.2.jar:1.10.2]
	at org.junit.platform.engine.support.hierarchical.NodeTestTask.lambda$executeRecursively$8(NodeTestTask.java:141) ~[junit-platform-engine-1.10.2.jar:1.10.2]
	at org.junit.platform.engine.support.hierarchical.Node.around(Node.java:137) ~[junit-platform-engine-1.10.2.jar:1.10.2]
	at org.junit.platform.engine.support.hierarchical.NodeTestTask.lambda$executeRecursively$9(NodeTestTask.java:139) ~[junit-platform-engine-1.10.2.jar:1.10.2]
	at org.junit.platform.engine.support.hierarchical.ThrowableCollector.execute(ThrowableCollector.java:73) ~[junit-platform-engine-1.10.2.jar:1.10.2]
	at org.junit.platform.engine.support.hierarchical.NodeTestTask.executeRecursively(NodeTestTask.java:138) ~[junit-platform-engine-1.10.2.jar:1.10.2]
	at org.junit.platform.engine.support.hierarchical.NodeTestTask.execute(NodeTestTask.java:95) ~[junit-platform-engine-1.10.2.jar:1.10.2]
	at java.base/java.util.ArrayList.forEach(ArrayList.java:1596) ~[na:na]
	at org.junit.platform.engine.support.hierarchical.SameThreadHierarchicalTestExecutorService.invokeAll(SameThreadHierarchicalTestExecutorService.java:41) ~[junit-platform-engine-1.10.2.jar:1.10.2]
	at org.junit.platform.engine.support.hierarchical.NodeTestTask.lambda$executeRecursively$6(NodeTestTask.java:155) ~[junit-platform-engine-1.10.2.jar:1.10.2]
	at org.junit.platform.engine.support.hierarchical.ThrowableCollector.execute(ThrowableCollector.java:73) ~[junit-platform-engine-1.10.2.jar:1.10.2]
	at org.junit.platform.engine.support.hierarchical.NodeTestTask.lambda$executeRecursively$8(NodeTestTask.java:141) ~[junit-platform-engine-1.10.2.jar:1.10.2]
	at org.junit.platform.engine.support.hierarchical.Node.around(Node.java:137) ~[junit-platform-engine-1.10.2.jar:1.10.2]
	at org.junit.platform.engine.support.hierarchical.NodeTestTask.lambda$executeRecursively$9(NodeTestTask.java:139) ~[junit-platform-engine-1.10.2.jar:1.10.2]
	at org.junit.platform.engine.support.hierarchical.ThrowableCollector.execute(ThrowableCollector.java:73) ~[junit-platform-engine-1.10.2.jar:1.10.2]
	at org.junit.platform.engine.support.hierarchical.NodeTestTask.executeRecursively(NodeTestTask.java:138) ~[junit-platform-engine-1.10.2.jar:1.10.2]
	at org.junit.platform.engine.support.hierarchical.NodeTestTask.execute(NodeTestTask.java:95) ~[junit-platform-engine-1.10.2.jar:1.10.2]
	at java.base/java.util.ArrayList.forEach(ArrayList.java:1596) ~[na:na]
	at org.junit.platform.engine.support.hierarchical.SameThreadHierarchicalTestExecutorService.invokeAll(SameThreadHierarchicalTestExecutorService.java:41) ~[junit-platform-engine-1.10.2.jar:1.10.2]
	at org.junit.platform.engine.support.hierarchical.NodeTestTask.lambda$executeRecursively$6(NodeTestTask.java:155) ~[junit-platform-engine-1.10.2.jar:1.10.2]
	at org.junit.platform.engine.support.hierarchical.ThrowableCollector.execute(ThrowableCollector.java:73) ~[junit-platform-engine-1.10.2.jar:1.10.2]
	at org.junit.platform.engine.support.hierarchical.NodeTestTask.lambda$executeRecursively$8(NodeTestTask.java:141) ~[junit-platform-engine-1.10.2.jar:1.10.2]
	at org.junit.platform.engine.support.hierarchical.Node.around(Node.java:137) ~[junit-platform-engine-1.10.2.jar:1.10.2]
	at org.junit.platform.engine.support.hierarchical.NodeTestTask.lambda$executeRecursively$9(NodeTestTask.java:139) ~[junit-platform-engine-1.10.2.jar:1.10.2]
	at org.junit.platform.engine.support.hierarchical.ThrowableCollector.execute(ThrowableCollector.java:73) ~[junit-platform-engine-1.10.2.jar:1.10.2]
	at org.junit.platform.engine.support.hierarchical.NodeTestTask.executeRecursively(NodeTestTask.java:138) ~[junit-platform-engine-1.10.2.jar:1.10.2]
	at org.junit.platform.engine.support.hierarchical.NodeTestTask.execute(NodeTestTask.java:95) ~[junit-platform-engine-1.10.2.jar:1.10.2]
	at org.junit.platform.engine.support.hierarchical.SameThreadHierarchicalTestExecutorService.submit(SameThreadHierarchicalTestExecutorService.java:35) ~[junit-platform-engine-1.10.2.jar:1.10.2]
	at org.junit.platform.engine.support.hierarchical.HierarchicalTestExecutor.execute(HierarchicalTestExecutor.java:57) ~[junit-platform-engine-1.10.2.jar:1.10.2]
	at org.junit.platform.engine.support.hierarchical.HierarchicalTestEngine.execute(HierarchicalTestEngine.java:54) ~[junit-platform-engine-1.10.2.jar:1.10.2]
	at org.junit.platform.launcher.core.EngineExecutionOrchestrator.execute(EngineExecutionOrchestrator.java:107) ~[junit-platform-launcher-1.8.2.jar:1.8.2]
	at org.junit.platform.launcher.core.EngineExecutionOrchestrator.execute(EngineExecutionOrchestrator.java:88) ~[junit-platform-launcher-1.8.2.jar:1.8.2]
	at org.junit.platform.launcher.core.EngineExecutionOrchestrator.lambda$execute$0(EngineExecutionOrchestrator.java:54) ~[junit-platform-launcher-1.8.2.jar:1.8.2]
	at org.junit.platform.launcher.core.EngineExecutionOrchestrator.withInterceptedStreams(EngineExecutionOrchestrator.java:67) ~[junit-platform-launcher-1.8.2.jar:1.8.2]
	at org.junit.platform.launcher.core.EngineExecutionOrchestrator.execute(EngineExecutionOrchestrator.java:52) ~[junit-platform-launcher-1.8.2.jar:1.8.2]
	at org.junit.platform.launcher.core.DefaultLauncher.execute(DefaultLauncher.java:114) ~[junit-platform-launcher-1.8.2.jar:1.8.2]
	at org.junit.platform.launcher.core.DefaultLauncher.execute(DefaultLauncher.java:86) ~[junit-platform-launcher-1.8.2.jar:1.8.2]
	at org.junit.platform.launcher.core.DefaultLauncherSession$DelegatingLauncher.execute(DefaultLauncherSession.java:86) ~[junit-platform-launcher-1.8.2.jar:1.8.2]
	at org.gradle.api.internal.tasks.testing.junitplatform.JUnitPlatformTestClassProcessor$CollectAllTestClassesExecutor.processAllTestClasses(JUnitPlatformTestClassProcessor.java:119) ~[na:na]
	at org.gradle.api.internal.tasks.testing.junitplatform.JUnitPlatformTestClassProcessor$CollectAllTestClassesExecutor.access$000(JUnitPlatformTestClassProcessor.java:94) ~[na:na]
	at org.gradle.api.internal.tasks.testing.junitplatform.JUnitPlatformTestClassProcessor.stop(JUnitPlatformTestClassProcessor.java:89) ~[na:na]
	at org.gradle.api.internal.tasks.testing.SuiteTestClassProcessor.stop(SuiteTestClassProcessor.java:62) ~[na:na]
	at java.base/jdk.internal.reflect.DirectMethodHandleAccessor.invoke(DirectMethodHandleAccessor.java:103) ~[na:na]
	at java.base/java.lang.reflect.Method.invoke(Method.java:580) ~[na:na]
	at org.gradle.internal.dispatch.ReflectionDispatch.dispatch(ReflectionDispatch.java:36) ~[na:na]
	at org.gradle.internal.dispatch.ReflectionDispatch.dispatch(ReflectionDispatch.java:24) ~[na:na]
	at org.gradle.internal.dispatch.ContextClassLoaderDispatch.dispatch(ContextClassLoaderDispatch.java:33) ~[na:na]
	at org.gradle.internal.dispatch.ProxyDispatchAdapter$DispatchingInvocationHandler.invoke(ProxyDispatchAdapter.java:94) ~[na:na]
	at jdk.proxy2/jdk.proxy2.$Proxy5.stop(Unknown Source) ~[na:na]
	at org.gradle.api.internal.tasks.testing.worker.TestWorker$3.run(TestWorker.java:193) ~[na:na]
	at org.gradle.api.internal.tasks.testing.worker.TestWorker.executeAndMaintainThreadName(TestWorker.java:129) ~[na:na]
	at org.gradle.api.internal.tasks.testing.worker.TestWorker.execute(TestWorker.java:100) ~[na:na]
	at org.gradle.api.internal.tasks.testing.worker.TestWorker.execute(TestWorker.java:60) ~[na:na]
	at org.gradle.process.internal.worker.child.ActionExecutionWorker.execute(ActionExecutionWorker.java:56) ~[na:na]
	at org.gradle.process.internal.worker.child.SystemApplicationClassLoaderWorker.call(SystemApplicationClassLoaderWorker.java:113) ~[na:na]
	at org.gradle.process.internal.worker.child.SystemApplicationClassLoaderWorker.call(SystemApplicationClassLoaderWorker.java:65) ~[na:na]
	at worker.org.gradle.process.internal.worker.GradleWorkerMain.run(GradleWorkerMain.java:69) ~[gradle-worker.jar:na]
	at worker.org.gradle.process.internal.worker.GradleWorkerMain.main(GradleWorkerMain.java:74) ~[gradle-worker.jar:na]

2024-05-20T08:26:39.525+07:00  WARN 7604 --- [AFK3] [Test worker] .w.s.m.s.DefaultHandlerExceptionResolver : Resolved [org.springframework.http.converter.HttpMessageNotReadableException: Required request body is missing: public org.springframework.http.ResponseEntity<id.ac.ui.cs.advprog.afk3.model.Listing> id.ac.ui.cs.advprog.afk3.controller.ListingController.createListingPost(id.ac.ui.cs.advprog.afk3.model.Listing,java.lang.String)]
2024-05-20T08:26:39.564+07:00  WARN 7604 --- [AFK3] [Test worker] o.s.test.context.TestContextManager      : Caught exception while invoking 'afterTestMethod' callback on TestExecutionListener [org.springframework.boot.test.mock.mockito.ResetMocksTestExecutionListener] for test method [public void id.ac.ui.cs.advprog.afk3.controller.ListingControllerTest.editListingPostTest() throws java.lang.Exception] and test instance [id.ac.ui.cs.advprog.afk3.controller.ListingControllerTest@3afa2d9b]

org.mockito.exceptions.misusing.UnfinishedStubbingException: 
Unfinished stubbing detected here:
-> at id.ac.ui.cs.advprog.afk3.controller.ListingControllerTest.editListingPostTest(ListingControllerTest.java:121)

E.g. thenReturn() may be missing.
Examples of correct stubbing:
    when(mock.isOk()).thenReturn(true);
    when(mock.isOk()).thenThrow(exception);
    doThrow(exception).when(mock).someVoidMethod();
Hints:
 1. missing thenReturn()
 2. you are trying to stub a final method, which is not supported
 3. you are stubbing the behaviour of another mock inside before 'thenReturn' instruction is completed

	at org.springframework.boot.test.mock.mockito.ResetMocksTestExecutionListener.resetMocks(ResetMocksTestExecutionListener.java:86) ~[spring-boot-test-3.2.4.jar:3.2.4]
	at org.springframework.boot.test.mock.mockito.ResetMocksTestExecutionListener.resetMocks(ResetMocksTestExecutionListener.java:73) ~[spring-boot-test-3.2.4.jar:3.2.4]
	at org.springframework.boot.test.mock.mockito.ResetMocksTestExecutionListener.afterTestMethod(ResetMocksTestExecutionListener.java:67) ~[spring-boot-test-3.2.4.jar:3.2.4]
	at org.springframework.test.context.TestContextManager.afterTestMethod(TestContextManager.java:487) ~[spring-test-6.1.5.jar:6.1.5]
	at org.springframework.test.context.junit.jupiter.SpringExtension.afterEach(SpringExtension.java:278) ~[spring-test-6.1.5.jar:6.1.5]
	at org.junit.jupiter.engine.descriptor.TestMethodTestDescriptor.lambda$invokeAfterEachCallbacks$12(TestMethodTestDescriptor.java:261) ~[junit-jupiter-engine-5.10.2.jar:5.10.2]
	at org.junit.jupiter.engine.descriptor.TestMethodTestDescriptor.lambda$invokeAllAfterMethodsOrCallbacks$13(TestMethodTestDescriptor.java:277) ~[junit-jupiter-engine-5.10.2.jar:5.10.2]
	at org.junit.platform.engine.support.hierarchical.ThrowableCollector.execute(ThrowableCollector.java:73) ~[junit-platform-engine-1.10.2.jar:1.10.2]
	at org.junit.jupiter.engine.descriptor.TestMethodTestDescriptor.lambda$invokeAllAfterMethodsOrCallbacks$14(TestMethodTestDescriptor.java:277) ~[junit-jupiter-engine-5.10.2.jar:5.10.2]
	at org.junit.platform.commons.util.CollectionUtils.forEachInReverseOrder(CollectionUtils.java:221) ~[junit-platform-commons-1.10.2.jar:1.10.2]
	at org.junit.jupiter.engine.descriptor.TestMethodTestDescriptor.invokeAllAfterMethodsOrCallbacks(TestMethodTestDescriptor.java:276) ~[junit-jupiter-engine-5.10.2.jar:5.10.2]
	at org.junit.jupiter.engine.descriptor.TestMethodTestDescriptor.invokeAfterEachCallbacks(TestMethodTestDescriptor.java:260) ~[junit-jupiter-engine-5.10.2.jar:5.10.2]
	at org.junit.jupiter.engine.descriptor.TestMethodTestDescriptor.execute(TestMethodTestDescriptor.java:145) ~[junit-jupiter-engine-5.10.2.jar:5.10.2]
	at org.junit.jupiter.engine.descriptor.TestMethodTestDescriptor.execute(TestMethodTestDescriptor.java:69) ~[junit-jupiter-engine-5.10.2.jar:5.10.2]
	at org.junit.platform.engine.support.hierarchical.NodeTestTask.lambda$executeRecursively$6(NodeTestTask.java:151) ~[junit-platform-engine-1.10.2.jar:1.10.2]
	at org.junit.platform.engine.support.hierarchical.ThrowableCollector.execute(ThrowableCollector.java:73) ~[junit-platform-engine-1.10.2.jar:1.10.2]
	at org.junit.platform.engine.support.hierarchical.NodeTestTask.lambda$executeRecursively$8(NodeTestTask.java:141) ~[junit-platform-engine-1.10.2.jar:1.10.2]
	at org.junit.platform.engine.support.hierarchical.Node.around(Node.java:137) ~[junit-platform-engine-1.10.2.jar:1.10.2]
	at org.junit.platform.engine.support.hierarchical.NodeTestTask.lambda$executeRecursively$9(NodeTestTask.java:139) ~[junit-platform-engine-1.10.2.jar:1.10.2]
	at org.junit.platform.engine.support.hierarchical.ThrowableCollector.execute(ThrowableCollector.java:73) ~[junit-platform-engine-1.10.2.jar:1.10.2]
	at org.junit.platform.engine.support.hierarchical.NodeTestTask.executeRecursively(NodeTestTask.java:138) ~[junit-platform-engine-1.10.2.jar:1.10.2]
	at org.junit.platform.engine.support.hierarchical.NodeTestTask.execute(NodeTestTask.java:95) ~[junit-platform-engine-1.10.2.jar:1.10.2]
	at java.base/java.util.ArrayList.forEach(ArrayList.java:1596) ~[na:na]
	at org.junit.platform.engine.support.hierarchical.SameThreadHierarchicalTestExecutorService.invokeAll(SameThreadHierarchicalTestExecutorService.java:41) ~[junit-platform-engine-1.10.2.jar:1.10.2]
	at org.junit.platform.engine.support.hierarchical.NodeTestTask.lambda$executeRecursively$6(NodeTestTask.java:155) ~[junit-platform-engine-1.10.2.jar:1.10.2]
	at org.junit.platform.engine.support.hierarchical.ThrowableCollector.execute(ThrowableCollector.java:73) ~[junit-platform-engine-1.10.2.jar:1.10.2]
	at org.junit.platform.engine.support.hierarchical.NodeTestTask.lambda$executeRecursively$8(NodeTestTask.java:141) ~[junit-platform-engine-1.10.2.jar:1.10.2]
	at org.junit.platform.engine.support.hierarchical.Node.around(Node.java:137) ~[junit-platform-engine-1.10.2.jar:1.10.2]
	at org.junit.platform.engine.support.hierarchical.NodeTestTask.lambda$executeRecursively$9(NodeTestTask.java:139) ~[junit-platform-engine-1.10.2.jar:1.10.2]
	at org.junit.platform.engine.support.hierarchical.ThrowableCollector.execute(ThrowableCollector.java:73) ~[junit-platform-engine-1.10.2.jar:1.10.2]
	at org.junit.platform.engine.support.hierarchical.NodeTestTask.executeRecursively(NodeTestTask.java:138) ~[junit-platform-engine-1.10.2.jar:1.10.2]
	at org.junit.platform.engine.support.hierarchical.NodeTestTask.execute(NodeTestTask.java:95) ~[junit-platform-engine-1.10.2.jar:1.10.2]
	at java.base/java.util.ArrayList.forEach(ArrayList.java:1596) ~[na:na]
	at org.junit.platform.engine.support.hierarchical.SameThreadHierarchicalTestExecutorService.invokeAll(SameThreadHierarchicalTestExecutorService.java:41) ~[junit-platform-engine-1.10.2.jar:1.10.2]
	at org.junit.platform.engine.support.hierarchical.NodeTestTask.lambda$executeRecursively$6(NodeTestTask.java:155) ~[junit-platform-engine-1.10.2.jar:1.10.2]
	at org.junit.platform.engine.support.hierarchical.ThrowableCollector.execute(ThrowableCollector.java:73) ~[junit-platform-engine-1.10.2.jar:1.10.2]
	at org.junit.platform.engine.support.hierarchical.NodeTestTask.lambda$executeRecursively$8(NodeTestTask.java:141) ~[junit-platform-engine-1.10.2.jar:1.10.2]
	at org.junit.platform.engine.support.hierarchical.Node.around(Node.java:137) ~[junit-platform-engine-1.10.2.jar:1.10.2]
	at org.junit.platform.engine.support.hierarchical.NodeTestTask.lambda$executeRecursively$9(NodeTestTask.java:139) ~[junit-platform-engine-1.10.2.jar:1.10.2]
	at org.junit.platform.engine.support.hierarchical.ThrowableCollector.execute(ThrowableCollector.java:73) ~[junit-platform-engine-1.10.2.jar:1.10.2]
	at org.junit.platform.engine.support.hierarchical.NodeTestTask.executeRecursively(NodeTestTask.java:138) ~[junit-platform-engine-1.10.2.jar:1.10.2]
	at org.junit.platform.engine.support.hierarchical.NodeTestTask.execute(NodeTestTask.java:95) ~[junit-platform-engine-1.10.2.jar:1.10.2]
	at org.junit.platform.engine.support.hierarchical.SameThreadHierarchicalTestExecutorService.submit(SameThreadHierarchicalTestExecutorService.java:35) ~[junit-platform-engine-1.10.2.jar:1.10.2]
	at org.junit.platform.engine.support.hierarchical.HierarchicalTestExecutor.execute(HierarchicalTestExecutor.java:57) ~[junit-platform-engine-1.10.2.jar:1.10.2]
	at org.junit.platform.engine.support.hierarchical.HierarchicalTestEngine.execute(HierarchicalTestEngine.java:54) ~[junit-platform-engine-1.10.2.jar:1.10.2]
	at org.junit.platform.launcher.core.EngineExecutionOrchestrator.execute(EngineExecutionOrchestrator.java:107) ~[junit-platform-launcher-1.8.2.jar:1.8.2]
	at org.junit.platform.launcher.core.EngineExecutionOrchestrator.execute(EngineExecutionOrchestrator.java:88) ~[junit-platform-launcher-1.8.2.jar:1.8.2]
	at org.junit.platform.launcher.core.EngineExecutionOrchestrator.lambda$execute$0(EngineExecutionOrchestrator.java:54) ~[junit-platform-launcher-1.8.2.jar:1.8.2]
	at org.junit.platform.launcher.core.EngineExecutionOrchestrator.withInterceptedStreams(EngineExecutionOrchestrator.java:67) ~[junit-platform-launcher-1.8.2.jar:1.8.2]
	at org.junit.platform.launcher.core.EngineExecutionOrchestrator.execute(EngineExecutionOrchestrator.java:52) ~[junit-platform-launcher-1.8.2.jar:1.8.2]
	at org.junit.platform.launcher.core.DefaultLauncher.execute(DefaultLauncher.java:114) ~[junit-platform-launcher-1.8.2.jar:1.8.2]
	at org.junit.platform.launcher.core.DefaultLauncher.execute(DefaultLauncher.java:86) ~[junit-platform-launcher-1.8.2.jar:1.8.2]
	at org.junit.platform.launcher.core.DefaultLauncherSession$DelegatingLauncher.execute(DefaultLauncherSession.java:86) ~[junit-platform-launcher-1.8.2.jar:1.8.2]
	at org.gradle.api.internal.tasks.testing.junitplatform.JUnitPlatformTestClassProcessor$CollectAllTestClassesExecutor.processAllTestClasses(JUnitPlatformTestClassProcessor.java:119) ~[na:na]
	at org.gradle.api.internal.tasks.testing.junitplatform.JUnitPlatformTestClassProcessor$CollectAllTestClassesExecutor.access$000(JUnitPlatformTestClassProcessor.java:94) ~[na:na]
	at org.gradle.api.internal.tasks.testing.junitplatform.JUnitPlatformTestClassProcessor.stop(JUnitPlatformTestClassProcessor.java:89) ~[na:na]
	at org.gradle.api.internal.tasks.testing.SuiteTestClassProcessor.stop(SuiteTestClassProcessor.java:62) ~[na:na]
	at java.base/jdk.internal.reflect.DirectMethodHandleAccessor.invoke(DirectMethodHandleAccessor.java:103) ~[na:na]
	at java.base/java.lang.reflect.Method.invoke(Method.java:580) ~[na:na]
	at org.gradle.internal.dispatch.ReflectionDispatch.dispatch(ReflectionDispatch.java:36) ~[na:na]
	at org.gradle.internal.dispatch.ReflectionDispatch.dispatch(ReflectionDispatch.java:24) ~[na:na]
	at org.gradle.internal.dispatch.ContextClassLoaderDispatch.dispatch(ContextClassLoaderDispatch.java:33) ~[na:na]
	at org.gradle.internal.dispatch.ProxyDispatchAdapter$DispatchingInvocationHandler.invoke(ProxyDispatchAdapter.java:94) ~[na:na]
	at jdk.proxy2/jdk.proxy2.$Proxy5.stop(Unknown Source) ~[na:na]
	at org.gradle.api.internal.tasks.testing.worker.TestWorker$3.run(TestWorker.java:193) ~[na:na]
	at org.gradle.api.internal.tasks.testing.worker.TestWorker.executeAndMaintainThreadName(TestWorker.java:129) ~[na:na]
	at org.gradle.api.internal.tasks.testing.worker.TestWorker.execute(TestWorker.java:100) ~[na:na]
	at org.gradle.api.internal.tasks.testing.worker.TestWorker.execute(TestWorker.java:60) ~[na:na]
	at org.gradle.process.internal.worker.child.ActionExecutionWorker.execute(ActionExecutionWorker.java:56) ~[na:na]
	at org.gradle.process.internal.worker.child.SystemApplicationClassLoaderWorker.call(SystemApplicationClassLoaderWorker.java:113) ~[na:na]
	at org.gradle.process.internal.worker.child.SystemApplicationClassLoaderWorker.call(SystemApplicationClassLoaderWorker.java:65) ~[na:na]
	at worker.org.gradle.process.internal.worker.GradleWorkerMain.run(GradleWorkerMain.java:69) ~[gradle-worker.jar:na]
	at worker.org.gradle.process.internal.worker.GradleWorkerMain.main(GradleWorkerMain.java:74) ~[gradle-worker.jar:na]

2024-05-20T08:26:40.317+07:00  INFO 7604 --- [AFK3] [SpringApplicationShutdownHook] j.LocalContainerEntityManagerFactoryBean : Closing JPA EntityManagerFactory for persistence unit 'default'
2024-05-20T08:26:40.323+07:00  INFO 7604 --- [AFK3] [SpringApplicationShutdownHook] com.zaxxer.hikari.HikariDataSource       : HikariPool-1 - Shutdown initiated...
2024-05-20T08:26:40.327+07:00  INFO 7604 --- [AFK3] [SpringApplicationShutdownHook] com.zaxxer.hikari.HikariDataSource       : HikariPool-1 - Shutdown completed.
2024-05-20T08:27:49.090+07:00  INFO 22136 --- [AFK3] [Test worker] i.a.u.c.a.a.Service.ListingServiceTest   : Starting ListingServiceTest using Java 21.0.2 with PID 22136 (started by Jim in C:\Users\Jim\IdeaProjects\AFK3)
2024-05-20T08:27:49.094+07:00  INFO 22136 --- [AFK3] [Test worker] i.a.u.c.a.a.Service.ListingServiceTest   : The following 1 profile is active: "test"
2024-05-20T08:27:51.508+07:00  INFO 22136 --- [AFK3] [Test worker] .s.d.r.c.RepositoryConfigurationDelegate : Bootstrapping Spring Data JPA repositories in DEFAULT mode.
2024-05-20T08:27:51.687+07:00  INFO 22136 --- [AFK3] [Test worker] .s.d.r.c.RepositoryConfigurationDelegate : Finished Spring Data repository scanning in 146 ms. Found 2 JPA repository interfaces.
2024-05-20T08:27:57.656+07:00  INFO 22136 --- [AFK3] [Test worker] o.hibernate.jpa.internal.util.LogHelper  : HHH000204: Processing PersistenceUnitInfo [name: default]
2024-05-20T08:27:57.905+07:00  INFO 22136 --- [AFK3] [Test worker] org.hibernate.Version                    : HHH000412: Hibernate ORM core version 6.4.4.Final
2024-05-20T08:27:58.050+07:00  INFO 22136 --- [AFK3] [Test worker] o.h.c.internal.RegionFactoryInitiator    : HHH000026: Second-level cache disabled
2024-05-20T08:27:58.502+07:00  INFO 22136 --- [AFK3] [Test worker] o.s.o.j.p.SpringPersistenceUnitInfo      : No LoadTimeWeaver setup: ignoring JPA class transformer
2024-05-20T08:27:58.624+07:00  INFO 22136 --- [AFK3] [Test worker] com.zaxxer.hikari.HikariDataSource       : HikariPool-1 - Starting...
2024-05-20T08:27:59.423+07:00  INFO 22136 --- [AFK3] [Test worker] com.zaxxer.hikari.pool.HikariPool        : HikariPool-1 - Added connection conn0: url=jdbc:h2:mem:testdb user=SA
2024-05-20T08:27:59.428+07:00  INFO 22136 --- [AFK3] [Test worker] com.zaxxer.hikari.HikariDataSource       : HikariPool-1 - Start completed.
2024-05-20T08:27:59.512+07:00  WARN 22136 --- [AFK3] [Test worker] org.hibernate.orm.deprecation            : HHH90000025: H2Dialect does not need to be specified explicitly using 'hibernate.dialect' (remove the property setting and it will be selected by default)
2024-05-20T08:28:04.244+07:00  INFO 22136 --- [AFK3] [Test worker] o.h.e.t.j.p.i.JtaPlatformInitiator       : HHH000489: No JTA platform available (set 'hibernate.transaction.jta.platform' to enable JTA platform integration)
2024-05-20T08:28:04.781+07:00  INFO 22136 --- [AFK3] [Test worker] j.LocalContainerEntityManagerFactoryBean : Initialized JPA EntityManagerFactory for persistence unit 'default'
2024-05-20T08:28:06.095+07:00  WARN 22136 --- [AFK3] [Test worker] JpaBaseConfiguration$JpaWebConfiguration : spring.jpa.open-in-view is enabled by default. Therefore, database queries may be performed during view rendering. Explicitly configure spring.jpa.open-in-view to disable this warning
2024-05-20T08:28:08.584+07:00  INFO 22136 --- [AFK3] [Test worker] o.s.b.a.e.web.EndpointLinksResolver      : Exposing 0 endpoint(s) beneath base path '/actuator'
2024-05-20T08:28:08.764+07:00  INFO 22136 --- [AFK3] [Test worker] i.a.u.c.a.a.Service.ListingServiceTest   : Started ListingServiceTest in 20.687 seconds (process running for 25.305)
2024-05-20T08:28:09.695+07:00  INFO 22136 --- [AFK3] [Test worker] i.a.u.c.a.a.service.ListingServiceImpl   : hitting url nulluser/get-role
2024-05-20T08:28:09.785+07:00  INFO 22136 --- [AFK3] [Test worker] i.a.u.c.a.a.service.ListingServiceImpl   : hitting url nulluser/get-role
2024-05-20T08:28:09.847+07:00  INFO 22136 --- [AFK3] [Test worker] i.a.u.c.a.a.service.ListingServiceImpl   : hitting url nulluser/get-role
2024-05-20T08:28:09.894+07:00  INFO 22136 --- [AFK3] [Test worker] i.a.u.c.a.a.service.ListingServiceImpl   : hitting url nulluser/get-role
2024-05-20T08:28:09.942+07:00  INFO 22136 --- [AFK3] [Test worker] i.a.u.c.a.a.service.ListingServiceImpl   : hitting url nulluser/get-role
2024-05-20T08:28:09.989+07:00  INFO 22136 --- [AFK3] [Test worker] i.a.u.c.a.a.service.ListingServiceImpl   : hitting url nulluser/get-role
2024-05-20T08:28:10.031+07:00  INFO 22136 --- [AFK3] [Test worker] i.a.u.c.a.a.service.ListingServiceImpl   : hitting url nulluser/get-role
2024-05-20T08:28:10.074+07:00  INFO 22136 --- [AFK3] [Test worker] i.a.u.c.a.a.service.ListingServiceImpl   : hitting url nulluser/get-role
2024-05-20T08:28:10.199+07:00  INFO 22136 --- [AFK3] [Test worker] i.a.u.c.a.a.service.ListingServiceImpl   : hitting url nulluser/get-role
2024-05-20T08:28:10.240+07:00  INFO 22136 --- [AFK3] [Test worker] i.a.u.c.a.a.service.ListingServiceImpl   : hitting url nulluser/get-role
2024-05-20T08:28:10.271+07:00  INFO 22136 --- [AFK3] [Test worker] i.a.u.c.a.a.service.ListingServiceImpl   : hitting url nulluser/get-role
2024-05-20T08:28:10.304+07:00  INFO 22136 --- [AFK3] [Test worker] i.a.u.c.a.a.service.ListingServiceImpl   : hitting url nulluser/get-role
2024-05-20T08:28:10.338+07:00  INFO 22136 --- [AFK3] [Test worker] i.a.u.c.a.a.service.ListingServiceImpl   : hitting url nulluser/get-role
2024-05-20T08:28:10.383+07:00  INFO 22136 --- [AFK3] [Test worker] i.a.u.c.a.a.service.ListingServiceImpl   : hitting url nulluser/get-role
2024-05-20T08:28:10.418+07:00  INFO 22136 --- [AFK3] [Test worker] i.a.u.c.a.a.service.ListingServiceImpl   : hitting url nulluser/get-role
2024-05-20T08:28:10.469+07:00  INFO 22136 --- [AFK3] [Test worker] i.a.u.c.a.a.service.ListingServiceImpl   : hitting url nulluser/get-role
2024-05-20T08:28:10.503+07:00  INFO 22136 --- [AFK3] [Test worker] i.a.u.c.a.a.service.ListingServiceImpl   : hitting url nulluser/get-role
2024-05-20T08:28:10.541+07:00  INFO 22136 --- [AFK3] [Test worker] i.a.u.c.a.a.service.ListingServiceImpl   : hitting url nulluser/get-role
2024-05-20T08:28:10.588+07:00  INFO 22136 --- [AFK3] [Test worker] t.c.s.AnnotationConfigContextLoaderUtils : Could not detect default configuration classes for test class [id.ac.ui.cs.advprog.afk3.controller.ListingControllerTest]: ListingControllerTest does not declare any static, non-private, non-final, nested classes annotated with @Configuration.
2024-05-20T08:28:10.703+07:00  INFO 22136 --- [AFK3] [Test worker] .b.t.c.SpringBootTestContextBootstrapper : Found @SpringBootConfiguration id.ac.ui.cs.advprog.afk3.Afk3Application for test class id.ac.ui.cs.advprog.afk3.controller.ListingControllerTest
2024-05-20T08:28:10.803+07:00  INFO 22136 --- [AFK3] [Test worker] i.a.u.c.a.a.c.ListingControllerTest      : Starting ListingControllerTest using Java 21.0.2 with PID 22136 (started by Jim in C:\Users\Jim\IdeaProjects\AFK3)
2024-05-20T08:28:10.804+07:00  INFO 22136 --- [AFK3] [Test worker] i.a.u.c.a.a.c.ListingControllerTest      : The following 1 profile is active: "test"
2024-05-20T08:28:11.379+07:00  INFO 22136 --- [AFK3] [Test worker] o.s.b.t.m.w.SpringBootMockServletContext : Initializing Spring TestDispatcherServlet ''
2024-05-20T08:28:11.380+07:00  INFO 22136 --- [AFK3] [Test worker] o.s.t.web.servlet.TestDispatcherServlet  : Initializing Servlet ''
2024-05-20T08:28:11.381+07:00  INFO 22136 --- [AFK3] [Test worker] o.s.t.web.servlet.TestDispatcherServlet  : Completed initialization in 1 ms
2024-05-20T08:28:11.398+07:00  INFO 22136 --- [AFK3] [Test worker] i.a.u.c.a.a.c.ListingControllerTest      : Started ListingControllerTest in 0.684 seconds (process running for 27.939)
2024-05-20T08:28:11.524+07:00  WARN 22136 --- [AFK3] [Test worker] .w.s.m.s.DefaultHandlerExceptionResolver : Resolved [org.springframework.http.converter.HttpMessageNotReadableException: Required request body is missing: public org.springframework.http.ResponseEntity<id.ac.ui.cs.advprog.afk3.model.Listing> id.ac.ui.cs.advprog.afk3.controller.ListingController.createListingPost(id.ac.ui.cs.advprog.afk3.model.Listing,java.lang.String)]
2024-05-20T08:28:11.642+07:00  WARN 22136 --- [AFK3] [Test worker] .w.s.m.s.DefaultHandlerExceptionResolver : Resolved [org.springframework.http.converter.HttpMessageNotReadableException: Required request body is missing: public org.springframework.http.ResponseEntity<id.ac.ui.cs.advprog.afk3.model.Listing> id.ac.ui.cs.advprog.afk3.controller.ListingController.createListingPost(id.ac.ui.cs.advprog.afk3.model.Listing,java.lang.String)]
2024-05-20T08:28:11.693+07:00  WARN 22136 --- [AFK3] [Test worker] .w.s.m.s.DefaultHandlerExceptionResolver : Resolved [org.springframework.http.converter.HttpMessageNotReadableException: Required request body is missing: public org.springframework.http.ResponseEntity<id.ac.ui.cs.advprog.afk3.model.Listing> id.ac.ui.cs.advprog.afk3.controller.ListingController.createListingPost(id.ac.ui.cs.advprog.afk3.model.Listing,java.lang.String)]
2024-05-20T08:28:12.072+07:00  INFO 22136 --- [AFK3] [SpringApplicationShutdownHook] j.LocalContainerEntityManagerFactoryBean : Closing JPA EntityManagerFactory for persistence unit 'default'
2024-05-20T08:28:12.076+07:00  INFO 22136 --- [AFK3] [SpringApplicationShutdownHook] com.zaxxer.hikari.HikariDataSource       : HikariPool-1 - Shutdown initiated...
2024-05-20T08:28:12.079+07:00  INFO 22136 --- [AFK3] [SpringApplicationShutdownHook] com.zaxxer.hikari.HikariDataSource       : HikariPool-1 - Shutdown completed.
2024-05-20T08:32:39.092+07:00  INFO 14408 --- [AFK3] [Test worker] i.a.u.c.a.a.Service.ListingServiceTest   : Starting ListingServiceTest using Java 21.0.2 with PID 14408 (started by Jim in C:\Users\Jim\IdeaProjects\AFK3)
2024-05-20T08:32:39.096+07:00  INFO 14408 --- [AFK3] [Test worker] i.a.u.c.a.a.Service.ListingServiceTest   : The following 1 profile is active: "test"
2024-05-20T08:32:42.195+07:00  INFO 14408 --- [AFK3] [Test worker] .s.d.r.c.RepositoryConfigurationDelegate : Bootstrapping Spring Data JPA repositories in DEFAULT mode.
2024-05-20T08:32:42.349+07:00  INFO 14408 --- [AFK3] [Test worker] .s.d.r.c.RepositoryConfigurationDelegate : Finished Spring Data repository scanning in 127 ms. Found 2 JPA repository interfaces.
2024-05-20T08:32:48.129+07:00  INFO 14408 --- [AFK3] [Test worker] o.hibernate.jpa.internal.util.LogHelper  : HHH000204: Processing PersistenceUnitInfo [name: default]
2024-05-20T08:32:48.370+07:00  INFO 14408 --- [AFK3] [Test worker] org.hibernate.Version                    : HHH000412: Hibernate ORM core version 6.4.4.Final
2024-05-20T08:32:48.506+07:00  INFO 14408 --- [AFK3] [Test worker] o.h.c.internal.RegionFactoryInitiator    : HHH000026: Second-level cache disabled
2024-05-20T08:32:48.925+07:00  INFO 14408 --- [AFK3] [Test worker] o.s.o.j.p.SpringPersistenceUnitInfo      : No LoadTimeWeaver setup: ignoring JPA class transformer
2024-05-20T08:32:49.035+07:00  INFO 14408 --- [AFK3] [Test worker] com.zaxxer.hikari.HikariDataSource       : HikariPool-1 - Starting...
2024-05-20T08:32:49.744+07:00  INFO 14408 --- [AFK3] [Test worker] com.zaxxer.hikari.pool.HikariPool        : HikariPool-1 - Added connection conn0: url=jdbc:h2:mem:testdb user=SA
2024-05-20T08:32:49.750+07:00  INFO 14408 --- [AFK3] [Test worker] com.zaxxer.hikari.HikariDataSource       : HikariPool-1 - Start completed.
2024-05-20T08:32:49.835+07:00  WARN 14408 --- [AFK3] [Test worker] org.hibernate.orm.deprecation            : HHH90000025: H2Dialect does not need to be specified explicitly using 'hibernate.dialect' (remove the property setting and it will be selected by default)
2024-05-20T08:32:52.309+07:00  INFO 14408 --- [AFK3] [Test worker] o.h.e.t.j.p.i.JtaPlatformInitiator       : HHH000489: No JTA platform available (set 'hibernate.transaction.jta.platform' to enable JTA platform integration)
2024-05-20T08:32:52.534+07:00  INFO 14408 --- [AFK3] [Test worker] j.LocalContainerEntityManagerFactoryBean : Initialized JPA EntityManagerFactory for persistence unit 'default'
2024-05-20T08:32:53.183+07:00  WARN 14408 --- [AFK3] [Test worker] JpaBaseConfiguration$JpaWebConfiguration : spring.jpa.open-in-view is enabled by default. Therefore, database queries may be performed during view rendering. Explicitly configure spring.jpa.open-in-view to disable this warning
2024-05-20T08:32:55.371+07:00  INFO 14408 --- [AFK3] [Test worker] o.s.b.a.e.web.EndpointLinksResolver      : Exposing 0 endpoint(s) beneath base path '/actuator'
2024-05-20T08:32:55.540+07:00  INFO 14408 --- [AFK3] [Test worker] i.a.u.c.a.a.Service.ListingServiceTest   : Started ListingServiceTest in 17.66 seconds (process running for 23.004)
2024-05-20T08:32:56.279+07:00  INFO 14408 --- [AFK3] [Test worker] i.a.u.c.a.a.service.ListingServiceImpl   : hitting url nulluser/get-role
2024-05-20T08:32:56.339+07:00  INFO 14408 --- [AFK3] [Test worker] i.a.u.c.a.a.service.ListingServiceImpl   : hitting url nulluser/get-role
2024-05-20T08:32:56.364+07:00  INFO 14408 --- [AFK3] [Test worker] i.a.u.c.a.a.service.ListingServiceImpl   : hitting url nulluser/get-role
2024-05-20T08:32:56.393+07:00  INFO 14408 --- [AFK3] [Test worker] i.a.u.c.a.a.service.ListingServiceImpl   : hitting url nulluser/get-role
2024-05-20T08:32:56.432+07:00  INFO 14408 --- [AFK3] [Test worker] i.a.u.c.a.a.service.ListingServiceImpl   : hitting url nulluser/get-role
2024-05-20T08:32:56.474+07:00  INFO 14408 --- [AFK3] [Test worker] i.a.u.c.a.a.service.ListingServiceImpl   : hitting url nulluser/get-role
2024-05-20T08:32:56.505+07:00  INFO 14408 --- [AFK3] [Test worker] i.a.u.c.a.a.service.ListingServiceImpl   : hitting url nulluser/get-role
2024-05-20T08:32:56.535+07:00  INFO 14408 --- [AFK3] [Test worker] i.a.u.c.a.a.service.ListingServiceImpl   : hitting url nulluser/get-role
2024-05-20T08:32:56.572+07:00  INFO 14408 --- [AFK3] [Test worker] i.a.u.c.a.a.service.ListingServiceImpl   : hitting url nulluser/get-role
2024-05-20T08:32:56.606+07:00  INFO 14408 --- [AFK3] [Test worker] i.a.u.c.a.a.service.ListingServiceImpl   : hitting url nulluser/get-role
2024-05-20T08:32:56.641+07:00  INFO 14408 --- [AFK3] [Test worker] i.a.u.c.a.a.service.ListingServiceImpl   : hitting url nulluser/get-role
2024-05-20T08:32:56.695+07:00  INFO 14408 --- [AFK3] [Test worker] i.a.u.c.a.a.service.ListingServiceImpl   : hitting url nulluser/get-role
2024-05-20T08:32:56.726+07:00  INFO 14408 --- [AFK3] [Test worker] i.a.u.c.a.a.service.ListingServiceImpl   : hitting url nulluser/get-role
2024-05-20T08:32:56.770+07:00  INFO 14408 --- [AFK3] [Test worker] i.a.u.c.a.a.service.ListingServiceImpl   : hitting url nulluser/get-role
2024-05-20T08:32:56.800+07:00  INFO 14408 --- [AFK3] [Test worker] i.a.u.c.a.a.service.ListingServiceImpl   : hitting url nulluser/get-role
2024-05-20T08:32:56.831+07:00  INFO 14408 --- [AFK3] [Test worker] i.a.u.c.a.a.service.ListingServiceImpl   : hitting url nulluser/get-role
2024-05-20T08:32:56.865+07:00  INFO 14408 --- [AFK3] [Test worker] i.a.u.c.a.a.service.ListingServiceImpl   : hitting url nulluser/get-role
2024-05-20T08:32:56.893+07:00  INFO 14408 --- [AFK3] [Test worker] i.a.u.c.a.a.service.ListingServiceImpl   : hitting url nulluser/get-role
2024-05-20T08:32:56.933+07:00  INFO 14408 --- [AFK3] [Test worker] t.c.s.AnnotationConfigContextLoaderUtils : Could not detect default configuration classes for test class [id.ac.ui.cs.advprog.afk3.controller.ListingControllerTest]: ListingControllerTest does not declare any static, non-private, non-final, nested classes annotated with @Configuration.
2024-05-20T08:32:57.016+07:00  INFO 14408 --- [AFK3] [Test worker] .b.t.c.SpringBootTestContextBootstrapper : Found @SpringBootConfiguration id.ac.ui.cs.advprog.afk3.Afk3Application for test class id.ac.ui.cs.advprog.afk3.controller.ListingControllerTest
2024-05-20T08:32:57.089+07:00  INFO 14408 --- [AFK3] [Test worker] i.a.u.c.a.a.c.ListingControllerTest      : Starting ListingControllerTest using Java 21.0.2 with PID 14408 (started by Jim in C:\Users\Jim\IdeaProjects\AFK3)
2024-05-20T08:32:57.089+07:00  INFO 14408 --- [AFK3] [Test worker] i.a.u.c.a.a.c.ListingControllerTest      : The following 1 profile is active: "test"
2024-05-20T08:32:57.684+07:00  INFO 14408 --- [AFK3] [Test worker] o.s.b.t.m.w.SpringBootMockServletContext : Initializing Spring TestDispatcherServlet ''
2024-05-20T08:32:57.684+07:00  INFO 14408 --- [AFK3] [Test worker] o.s.t.web.servlet.TestDispatcherServlet  : Initializing Servlet ''
2024-05-20T08:32:57.686+07:00  INFO 14408 --- [AFK3] [Test worker] o.s.t.web.servlet.TestDispatcherServlet  : Completed initialization in 0 ms
2024-05-20T08:32:57.711+07:00  INFO 14408 --- [AFK3] [Test worker] i.a.u.c.a.a.c.ListingControllerTest      : Started ListingControllerTest in 0.685 seconds (process running for 25.175)
2024-05-20T08:32:58.459+07:00  INFO 14408 --- [AFK3] [SpringApplicationShutdownHook] j.LocalContainerEntityManagerFactoryBean : Closing JPA EntityManagerFactory for persistence unit 'default'
2024-05-20T08:32:58.463+07:00  INFO 14408 --- [AFK3] [SpringApplicationShutdownHook] com.zaxxer.hikari.HikariDataSource       : HikariPool-1 - Shutdown initiated...
2024-05-20T08:32:58.467+07:00  INFO 14408 --- [AFK3] [SpringApplicationShutdownHook] com.zaxxer.hikari.HikariDataSource       : HikariPool-1 - Shutdown completed.
2024-05-20T08:34:02.318+07:00  INFO 12056 --- [AFK3] [Test worker] i.a.u.c.a.a.c.ListingControllerTest      : Starting ListingControllerTest using Java 21.0.2 with PID 12056 (started by Jim in C:\Users\Jim\IdeaProjects\AFK3)
2024-05-20T08:34:02.321+07:00  INFO 12056 --- [AFK3] [Test worker] i.a.u.c.a.a.c.ListingControllerTest      : The following 1 profile is active: "test"
2024-05-20T08:34:06.203+07:00  INFO 12056 --- [AFK3] [Test worker] o.s.b.t.m.w.SpringBootMockServletContext : Initializing Spring TestDispatcherServlet ''
2024-05-20T08:34:06.204+07:00  INFO 12056 --- [AFK3] [Test worker] o.s.t.web.servlet.TestDispatcherServlet  : Initializing Servlet ''
2024-05-20T08:34:06.209+07:00  INFO 12056 --- [AFK3] [Test worker] o.s.t.web.servlet.TestDispatcherServlet  : Completed initialization in 2 ms
2024-05-20T08:34:06.299+07:00  INFO 12056 --- [AFK3] [Test worker] i.a.u.c.a.a.c.ListingControllerTest      : Started ListingControllerTest in 5.5 seconds (process running for 10.798)
2024-05-20T08:35:53.109+07:00  INFO 3188 --- [AFK3] [Test worker] i.a.u.c.a.a.c.ListingControllerTest      : Starting ListingControllerTest using Java 21.0.2 with PID 3188 (started by Jim in C:\Users\Jim\IdeaProjects\AFK3)
2024-05-20T08:35:53.113+07:00  INFO 3188 --- [AFK3] [Test worker] i.a.u.c.a.a.c.ListingControllerTest      : The following 1 profile is active: "test"
2024-05-20T08:35:57.380+07:00  INFO 3188 --- [AFK3] [Test worker] o.s.b.t.m.w.SpringBootMockServletContext : Initializing Spring TestDispatcherServlet ''
2024-05-20T08:35:57.382+07:00  INFO 3188 --- [AFK3] [Test worker] o.s.t.web.servlet.TestDispatcherServlet  : Initializing Servlet ''
2024-05-20T08:35:57.387+07:00  INFO 3188 --- [AFK3] [Test worker] o.s.t.web.servlet.TestDispatcherServlet  : Completed initialization in 5 ms
2024-05-20T08:35:57.496+07:00  INFO 3188 --- [AFK3] [Test worker] i.a.u.c.a.a.c.ListingControllerTest      : Started ListingControllerTest in 5.516 seconds (process running for 12.259)
2024-05-20T08:38:36.788+07:00  INFO 12948 --- [AFK3] [Test worker] i.a.u.c.a.a.c.ListingControllerTest      : Starting ListingControllerTest using Java 21.0.2 with PID 12948 (started by Jim in C:\Users\Jim\IdeaProjects\AFK3)
2024-05-20T08:38:36.791+07:00  INFO 12948 --- [AFK3] [Test worker] i.a.u.c.a.a.c.ListingControllerTest      : The following 1 profile is active: "test"
2024-05-20T08:38:40.571+07:00  INFO 12948 --- [AFK3] [Test worker] o.s.b.t.m.w.SpringBootMockServletContext : Initializing Spring TestDispatcherServlet ''
2024-05-20T08:38:40.573+07:00  INFO 12948 --- [AFK3] [Test worker] o.s.t.web.servlet.TestDispatcherServlet  : Initializing Servlet ''
2024-05-20T08:38:40.577+07:00  INFO 12948 --- [AFK3] [Test worker] o.s.t.web.servlet.TestDispatcherServlet  : Completed initialization in 3 ms
2024-05-20T08:38:40.669+07:00  INFO 12948 --- [AFK3] [Test worker] i.a.u.c.a.a.c.ListingControllerTest      : Started ListingControllerTest in 4.967 seconds (process running for 9.3)
2024-05-20T08:39:07.130+07:00  INFO 13212 --- [AFK3] [Test worker] i.a.u.c.a.afk3.Afk3ApplicationTests      : Starting Afk3ApplicationTests using Java 21.0.2 with PID 13212 (started by Jim in C:\Users\Jim\IdeaProjects\AFK3)
2024-05-20T08:39:07.133+07:00  INFO 13212 --- [AFK3] [Test worker] i.a.u.c.a.afk3.Afk3ApplicationTests      : The following 1 profile is active: "test"
2024-05-20T08:39:08.977+07:00  INFO 13212 --- [AFK3] [Test worker] .s.d.r.c.RepositoryConfigurationDelegate : Bootstrapping Spring Data JPA repositories in DEFAULT mode.
2024-05-20T08:39:09.080+07:00  INFO 13212 --- [AFK3] [Test worker] .s.d.r.c.RepositoryConfigurationDelegate : Finished Spring Data repository scanning in 83 ms. Found 2 JPA repository interfaces.
2024-05-20T08:39:10.734+07:00  INFO 13212 --- [AFK3] [Test worker] o.hibernate.jpa.internal.util.LogHelper  : HHH000204: Processing PersistenceUnitInfo [name: default]
2024-05-20T08:39:10.926+07:00  INFO 13212 --- [AFK3] [Test worker] org.hibernate.Version                    : HHH000412: Hibernate ORM core version 6.4.4.Final
2024-05-20T08:39:11.016+07:00  INFO 13212 --- [AFK3] [Test worker] o.h.c.internal.RegionFactoryInitiator    : HHH000026: Second-level cache disabled
2024-05-20T08:39:11.979+07:00  INFO 13212 --- [AFK3] [Test worker] o.s.o.j.p.SpringPersistenceUnitInfo      : No LoadTimeWeaver setup: ignoring JPA class transformer
2024-05-20T08:39:12.083+07:00  INFO 13212 --- [AFK3] [Test worker] com.zaxxer.hikari.HikariDataSource       : HikariPool-1 - Starting...
2024-05-20T08:39:12.890+07:00  INFO 13212 --- [AFK3] [Test worker] com.zaxxer.hikari.pool.HikariPool        : HikariPool-1 - Added connection conn0: url=jdbc:h2:mem:testdb user=SA
2024-05-20T08:39:12.894+07:00  INFO 13212 --- [AFK3] [Test worker] com.zaxxer.hikari.HikariDataSource       : HikariPool-1 - Start completed.
2024-05-20T08:39:12.959+07:00  WARN 13212 --- [AFK3] [Test worker] org.hibernate.orm.deprecation            : HHH90000025: H2Dialect does not need to be specified explicitly using 'hibernate.dialect' (remove the property setting and it will be selected by default)
2024-05-20T08:39:15.339+07:00  INFO 13212 --- [AFK3] [Test worker] o.h.e.t.j.p.i.JtaPlatformInitiator       : HHH000489: No JTA platform available (set 'hibernate.transaction.jta.platform' to enable JTA platform integration)
2024-05-20T08:39:15.498+07:00  INFO 13212 --- [AFK3] [Test worker] j.LocalContainerEntityManagerFactoryBean : Initialized JPA EntityManagerFactory for persistence unit 'default'
2024-05-20T08:39:17.933+07:00  WARN 13212 --- [AFK3] [Test worker] JpaBaseConfiguration$JpaWebConfiguration : spring.jpa.open-in-view is enabled by default. Therefore, database queries may be performed during view rendering. Explicitly configure spring.jpa.open-in-view to disable this warning
2024-05-20T08:39:19.835+07:00  INFO 13212 --- [AFK3] [Test worker] o.s.b.a.e.web.EndpointLinksResolver      : Exposing 0 endpoint(s) beneath base path '/actuator'
2024-05-20T08:39:19.965+07:00  INFO 13212 --- [AFK3] [Test worker] i.a.u.c.a.afk3.Afk3ApplicationTests      : Started Afk3ApplicationTests in 13.661 seconds (process running for 17.135)
2024-05-20T08:39:20.943+07:00  INFO 13212 --- [AFK3] [Test worker] t.c.s.AnnotationConfigContextLoaderUtils : Could not detect default configuration classes for test class [id.ac.ui.cs.advprog.afk3.Enum.OrderStatusTest]: OrderStatusTest does not declare any static, non-private, non-final, nested classes annotated with @Configuration.
2024-05-20T08:39:20.955+07:00  INFO 13212 --- [AFK3] [Test worker] .b.t.c.SpringBootTestContextBootstrapper : Found @SpringBootConfiguration id.ac.ui.cs.advprog.afk3.Afk3Application for test class id.ac.ui.cs.advprog.afk3.Enum.OrderStatusTest
2024-05-20T08:39:21.061+07:00  INFO 13212 --- [AFK3] [Test worker] t.c.s.AnnotationConfigContextLoaderUtils : Could not detect default configuration classes for test class [id.ac.ui.cs.advprog.afk3.Enum.UserTypeTest]: UserTypeTest does not declare any static, non-private, non-final, nested classes annotated with @Configuration.
2024-05-20T08:39:21.064+07:00  INFO 13212 --- [AFK3] [Test worker] .b.t.c.SpringBootTestContextBootstrapper : Found @SpringBootConfiguration id.ac.ui.cs.advprog.afk3.Afk3Application for test class id.ac.ui.cs.advprog.afk3.Enum.UserTypeTest
2024-05-20T08:39:21.136+07:00  INFO 13212 --- [AFK3] [Test worker] t.c.s.AnnotationConfigContextLoaderUtils : Could not detect default configuration classes for test class [id.ac.ui.cs.advprog.afk3.Service.ListingServiceTest]: ListingServiceTest does not declare any static, non-private, non-final, nested classes annotated with @Configuration.
2024-05-20T08:39:21.155+07:00  INFO 13212 --- [AFK3] [Test worker] .b.t.c.SpringBootTestContextBootstrapper : Found @SpringBootConfiguration id.ac.ui.cs.advprog.afk3.Afk3Application for test class id.ac.ui.cs.advprog.afk3.Service.ListingServiceTest
2024-05-20T08:39:21.207+07:00  INFO 13212 --- [AFK3] [Test worker] i.a.u.c.a.a.Service.ListingServiceTest   : Starting ListingServiceTest using Java 21.0.2 with PID 13212 (started by Jim in C:\Users\Jim\IdeaProjects\AFK3)
2024-05-20T08:39:21.208+07:00  INFO 13212 --- [AFK3] [Test worker] i.a.u.c.a.a.Service.ListingServiceTest   : The following 1 profile is active: "test"
2024-05-20T08:39:21.813+07:00  INFO 13212 --- [AFK3] [Test worker] .s.d.r.c.RepositoryConfigurationDelegate : Bootstrapping Spring Data JPA repositories in DEFAULT mode.
2024-05-20T08:39:21.857+07:00  INFO 13212 --- [AFK3] [Test worker] .s.d.r.c.RepositoryConfigurationDelegate : Finished Spring Data repository scanning in 42 ms. Found 2 JPA repository interfaces.
2024-05-20T08:39:23.749+07:00  INFO 13212 --- [AFK3] [Test worker] o.hibernate.jpa.internal.util.LogHelper  : HHH000204: Processing PersistenceUnitInfo [name: default]
2024-05-20T08:39:23.766+07:00  INFO 13212 --- [AFK3] [Test worker] o.h.c.internal.RegionFactoryInitiator    : HHH000026: Second-level cache disabled
2024-05-20T08:39:23.790+07:00  INFO 13212 --- [AFK3] [Test worker] o.s.o.j.p.SpringPersistenceUnitInfo      : No LoadTimeWeaver setup: ignoring JPA class transformer
2024-05-20T08:39:23.797+07:00  INFO 13212 --- [AFK3] [Test worker] com.zaxxer.hikari.HikariDataSource       : HikariPool-2 - Starting...
2024-05-20T08:39:23.801+07:00  INFO 13212 --- [AFK3] [Test worker] com.zaxxer.hikari.pool.HikariPool        : HikariPool-2 - Added connection conn10: url=jdbc:h2:mem:testdb user=SA
2024-05-20T08:39:23.802+07:00  INFO 13212 --- [AFK3] [Test worker] com.zaxxer.hikari.HikariDataSource       : HikariPool-2 - Start completed.
2024-05-20T08:39:23.804+07:00  WARN 13212 --- [AFK3] [Test worker] org.hibernate.orm.deprecation            : HHH90000025: H2Dialect does not need to be specified explicitly using 'hibernate.dialect' (remove the property setting and it will be selected by default)
2024-05-20T08:39:24.035+07:00  INFO 13212 --- [AFK3] [Test worker] o.h.e.t.j.p.i.JtaPlatformInitiator       : HHH000489: No JTA platform available (set 'hibernate.transaction.jta.platform' to enable JTA platform integration)
2024-05-20T08:39:24.089+07:00  INFO 13212 --- [AFK3] [Test worker] j.LocalContainerEntityManagerFactoryBean : Initialized JPA EntityManagerFactory for persistence unit 'default'
2024-05-20T08:39:24.507+07:00  WARN 13212 --- [AFK3] [Test worker] JpaBaseConfiguration$JpaWebConfiguration : spring.jpa.open-in-view is enabled by default. Therefore, database queries may be performed during view rendering. Explicitly configure spring.jpa.open-in-view to disable this warning
2024-05-20T08:39:25.687+07:00  INFO 13212 --- [AFK3] [Test worker] o.s.b.a.e.web.EndpointLinksResolver      : Exposing 0 endpoint(s) beneath base path '/actuator'
2024-05-20T08:39:25.746+07:00  INFO 13212 --- [AFK3] [Test worker] i.a.u.c.a.a.Service.ListingServiceTest   : Started ListingServiceTest in 4.585 seconds (process running for 22.916)
2024-05-20T08:39:26.373+07:00  INFO 13212 --- [AFK3] [Test worker] i.a.u.c.a.a.service.ListingServiceImpl   : hitting url nulluser/get-role
2024-05-20T08:39:26.414+07:00  INFO 13212 --- [AFK3] [Test worker] i.a.u.c.a.a.service.ListingServiceImpl   : hitting url nulluser/get-role
2024-05-20T08:39:26.438+07:00  INFO 13212 --- [AFK3] [Test worker] i.a.u.c.a.a.service.ListingServiceImpl   : hitting url nulluser/get-role
2024-05-20T08:39:26.481+07:00  INFO 13212 --- [AFK3] [Test worker] i.a.u.c.a.a.service.ListingServiceImpl   : hitting url nulluser/get-role
2024-05-20T08:39:26.513+07:00  INFO 13212 --- [AFK3] [Test worker] i.a.u.c.a.a.service.ListingServiceImpl   : hitting url nulluser/get-role
2024-05-20T08:39:26.561+07:00  INFO 13212 --- [AFK3] [Test worker] i.a.u.c.a.a.service.ListingServiceImpl   : hitting url nulluser/get-role
2024-05-20T08:39:26.605+07:00  INFO 13212 --- [AFK3] [Test worker] i.a.u.c.a.a.service.ListingServiceImpl   : hitting url nulluser/get-role
2024-05-20T08:39:26.656+07:00  INFO 13212 --- [AFK3] [Test worker] i.a.u.c.a.a.service.ListingServiceImpl   : hitting url nulluser/get-role
2024-05-20T08:39:26.692+07:00  INFO 13212 --- [AFK3] [Test worker] i.a.u.c.a.a.service.ListingServiceImpl   : hitting url nulluser/get-role
2024-05-20T08:39:26.726+07:00  INFO 13212 --- [AFK3] [Test worker] i.a.u.c.a.a.service.ListingServiceImpl   : hitting url nulluser/get-role
2024-05-20T08:39:26.756+07:00  INFO 13212 --- [AFK3] [Test worker] i.a.u.c.a.a.service.ListingServiceImpl   : hitting url nulluser/get-role
2024-05-20T08:39:26.793+07:00  INFO 13212 --- [AFK3] [Test worker] i.a.u.c.a.a.service.ListingServiceImpl   : hitting url nulluser/get-role
2024-05-20T08:39:26.868+07:00  INFO 13212 --- [AFK3] [Test worker] i.a.u.c.a.a.service.ListingServiceImpl   : hitting url nulluser/get-role
2024-05-20T08:39:26.927+07:00  INFO 13212 --- [AFK3] [Test worker] i.a.u.c.a.a.service.ListingServiceImpl   : hitting url nulluser/get-role
2024-05-20T08:39:26.963+07:00  INFO 13212 --- [AFK3] [Test worker] i.a.u.c.a.a.service.ListingServiceImpl   : hitting url nulluser/get-role
2024-05-20T08:39:26.992+07:00  INFO 13212 --- [AFK3] [Test worker] i.a.u.c.a.a.service.ListingServiceImpl   : hitting url nulluser/get-role
2024-05-20T08:39:27.014+07:00  INFO 13212 --- [AFK3] [Test worker] i.a.u.c.a.a.service.ListingServiceImpl   : hitting url nulluser/get-role
2024-05-20T08:39:27.061+07:00  INFO 13212 --- [AFK3] [Test worker] i.a.u.c.a.a.service.ListingServiceImpl   : hitting url nulluser/get-role
2024-05-20T08:39:27.110+07:00  INFO 13212 --- [AFK3] [Test worker] t.c.s.AnnotationConfigContextLoaderUtils : Could not detect default configuration classes for test class [id.ac.ui.cs.advprog.afk3.Service.OrderServiceTest]: OrderServiceTest does not declare any static, non-private, non-final, nested classes annotated with @Configuration.
2024-05-20T08:39:27.125+07:00  INFO 13212 --- [AFK3] [Test worker] .b.t.c.SpringBootTestContextBootstrapper : Found @SpringBootConfiguration id.ac.ui.cs.advprog.afk3.Afk3Application for test class id.ac.ui.cs.advprog.afk3.Service.OrderServiceTest
2024-05-20T08:39:27.165+07:00  INFO 13212 --- [AFK3] [Test worker] i.a.u.c.a.afk3.service.OrderServiceImpl  : orders deleted by with listing eb558e9f-1c39-460e-8860-71af6af63bd6
2024-05-20T08:39:27.244+07:00  INFO 13212 --- [AFK3] [Test worker] i.a.u.c.a.afk3.service.OrderServiceImpl  : order 47891908-4723-43b8-96c1-0060f7eed183 found
2024-05-20T08:39:27.245+07:00 ERROR 13212 --- [AFK3] [Test worker] i.a.u.c.a.afk3.service.OrderServiceImpl  : order FAILED to be updated
2024-05-20T08:39:27.274+07:00  INFO 13212 --- [AFK3] [Test worker] i.a.u.c.a.afk3.service.OrderServiceImpl  : orders found by safira sudarajat
2024-05-20T08:39:27.303+07:00 ERROR 13212 --- [AFK3] [Test worker] i.a.u.c.a.afk3.service.OrderServiceImpl  : listing eb558e9f-1c39-460e-8860-71af6af63bd6 out of stock
2024-05-20T08:39:27.378+07:00  INFO 13212 --- [AFK3] [Test worker] i.a.u.c.a.afk3.service.OrderServiceImpl  : order e4f5cd00-698b-4e17-8d55-190265bab39f found
2024-05-20T08:39:27.378+07:00  INFO 13212 --- [AFK3] [Test worker] i.a.u.c.a.afk3.service.OrderServiceImpl  : order e4f5cd00-698b-4e17-8d55-190265bab39f placed successful
2024-05-20T08:39:27.425+07:00  INFO 13212 --- [AFK3] [Test worker] i.a.u.c.a.afk3.service.OrderServiceImpl  : orders found by Safira Sudarajat
2024-05-20T08:39:27.455+07:00  INFO 13212 --- [AFK3] [Test worker] i.a.u.c.a.afk3.service.OrderServiceImpl  : order 4bf95036-c7c4-4722-8726-d904019d00be placed successful
2024-05-20T08:39:27.558+07:00  INFO 13212 --- [AFK3] [Test worker] i.a.u.c.a.afk3.service.OrderServiceImpl  : order b75f9a7f-8653-466a-a524-33c8cec31dab found
2024-05-20T08:39:27.582+07:00  INFO 13212 --- [AFK3] [Test worker] i.a.u.c.a.afk3.service.OrderServiceImpl  : order 1a1557af-1672-4d34-b830-315a1d723131 placed successful
2024-05-20T08:39:27.606+07:00  INFO 13212 --- [AFK3] [Test worker] i.a.u.c.a.afk3.service.OrderServiceImpl  : order f62794e4-f5a7-459c-9bee-61bb13fcc41d found
2024-05-20T08:39:27.643+07:00  INFO 13212 --- [AFK3] [Test worker] t.c.s.AnnotationConfigContextLoaderUtils : Could not detect default configuration classes for test class [id.ac.ui.cs.advprog.afk3.controller.ListingControllerTest]: ListingControllerTest does not declare any static, non-private, non-final, nested classes annotated with @Configuration.
2024-05-20T08:39:27.730+07:00  INFO 13212 --- [AFK3] [Test worker] .b.t.c.SpringBootTestContextBootstrapper : Found @SpringBootConfiguration id.ac.ui.cs.advprog.afk3.Afk3Application for test class id.ac.ui.cs.advprog.afk3.controller.ListingControllerTest
2024-05-20T08:39:27.822+07:00  INFO 13212 --- [AFK3] [Test worker] i.a.u.c.a.a.c.ListingControllerTest      : Starting ListingControllerTest using Java 21.0.2 with PID 13212 (started by Jim in C:\Users\Jim\IdeaProjects\AFK3)
2024-05-20T08:39:27.823+07:00  INFO 13212 --- [AFK3] [Test worker] i.a.u.c.a.a.c.ListingControllerTest      : The following 1 profile is active: "test"
2024-05-20T08:39:28.417+07:00  INFO 13212 --- [AFK3] [Test worker] o.s.b.t.m.w.SpringBootMockServletContext : Initializing Spring TestDispatcherServlet ''
2024-05-20T08:39:28.417+07:00  INFO 13212 --- [AFK3] [Test worker] o.s.t.web.servlet.TestDispatcherServlet  : Initializing Servlet ''
2024-05-20T08:39:28.419+07:00  INFO 13212 --- [AFK3] [Test worker] o.s.t.web.servlet.TestDispatcherServlet  : Completed initialization in 1 ms
2024-05-20T08:39:28.439+07:00  INFO 13212 --- [AFK3] [Test worker] i.a.u.c.a.a.c.ListingControllerTest      : Started ListingControllerTest in 0.698 seconds (process running for 25.61)
2024-05-20T08:39:28.641+07:00  INFO 13212 --- [AFK3] [Test worker] i.a.u.c.a.a.c.ListingController          : get by seller hitted
2024-05-20T08:39:28.642+07:00  INFO 13212 --- [AFK3] [Test worker] i.a.u.c.a.a.c.ListingController          : returning successfull
2024-05-20T08:39:30.404+07:00  INFO 13212 --- [AFK3] [Test worker] t.c.s.AnnotationConfigContextLoaderUtils : Could not detect default configuration classes for test class [id.ac.ui.cs.advprog.afk3.controller.OrderControllerTest]: OrderControllerTest does not declare any static, non-private, non-final, nested classes annotated with @Configuration.
2024-05-20T08:39:30.432+07:00  INFO 13212 --- [AFK3] [Test worker] .b.t.c.SpringBootTestContextBootstrapper : Found @SpringBootConfiguration id.ac.ui.cs.advprog.afk3.Afk3Application for test class id.ac.ui.cs.advprog.afk3.controller.OrderControllerTest
2024-05-20T08:39:30.500+07:00  INFO 13212 --- [AFK3] [Test worker] i.a.u.c.a.a.c.OrderControllerTest        : Starting OrderControllerTest using Java 21.0.2 with PID 13212 (started by Jim in C:\Users\Jim\IdeaProjects\AFK3)
2024-05-20T08:39:30.500+07:00  INFO 13212 --- [AFK3] [Test worker] i.a.u.c.a.a.c.OrderControllerTest        : The following 1 profile is active: "test"
2024-05-20T08:39:30.929+07:00  INFO 13212 --- [AFK3] [Test worker] o.s.b.t.m.w.SpringBootMockServletContext : Initializing Spring TestDispatcherServlet ''
2024-05-20T08:39:30.930+07:00  INFO 13212 --- [AFK3] [Test worker] o.s.t.web.servlet.TestDispatcherServlet  : Initializing Servlet ''
2024-05-20T08:39:30.931+07:00  INFO 13212 --- [AFK3] [Test worker] o.s.t.web.servlet.TestDispatcherServlet  : Completed initialization in 1 ms
2024-05-20T08:39:30.939+07:00  INFO 13212 --- [AFK3] [Test worker] i.a.u.c.a.a.c.OrderControllerTest        : Started OrderControllerTest in 0.498 seconds (process running for 28.109)
2024-05-20T08:39:31.097+07:00  INFO 13212 --- [AFK3] [Test worker] t.c.s.AnnotationConfigContextLoaderUtils : Could not detect default configuration classes for test class [id.ac.ui.cs.advprog.afk3.model.ListingTest]: ListingTest does not declare any static, non-private, non-final, nested classes annotated with @Configuration.
2024-05-20T08:39:31.119+07:00  INFO 13212 --- [AFK3] [Test worker] .b.t.c.SpringBootTestContextBootstrapper : Found @SpringBootConfiguration id.ac.ui.cs.advprog.afk3.Afk3Application for test class id.ac.ui.cs.advprog.afk3.model.ListingTest
2024-05-20T08:39:31.225+07:00  INFO 13212 --- [AFK3] [Test worker] t.c.s.AnnotationConfigContextLoaderUtils : Could not detect default configuration classes for test class [id.ac.ui.cs.advprog.afk3.model.OrderTest]: OrderTest does not declare any static, non-private, non-final, nested classes annotated with @Configuration.
2024-05-20T08:39:31.229+07:00  INFO 13212 --- [AFK3] [Test worker] .b.t.c.SpringBootTestContextBootstrapper : Found @SpringBootConfiguration id.ac.ui.cs.advprog.afk3.Afk3Application for test class id.ac.ui.cs.advprog.afk3.model.OrderTest
2024-05-20T08:39:31.347+07:00  INFO 13212 --- [AFK3] [SpringApplicationShutdownHook] j.LocalContainerEntityManagerFactoryBean : Closing JPA EntityManagerFactory for persistence unit 'default'
2024-05-20T08:39:31.353+07:00  INFO 13212 --- [AFK3] [SpringApplicationShutdownHook] com.zaxxer.hikari.HikariDataSource       : HikariPool-1 - Shutdown initiated...
2024-05-20T08:39:31.359+07:00  INFO 13212 --- [AFK3] [SpringApplicationShutdownHook] com.zaxxer.hikari.HikariDataSource       : HikariPool-1 - Shutdown completed.
2024-05-20T08:39:31.365+07:00  INFO 13212 --- [AFK3] [SpringApplicationShutdownHook] j.LocalContainerEntityManagerFactoryBean : Closing JPA EntityManagerFactory for persistence unit 'default'
2024-05-20T08:39:31.368+07:00  INFO 13212 --- [AFK3] [SpringApplicationShutdownHook] com.zaxxer.hikari.HikariDataSource       : HikariPool-2 - Shutdown initiated...
2024-05-20T08:39:31.372+07:00  INFO 13212 --- [AFK3] [SpringApplicationShutdownHook] com.zaxxer.hikari.HikariDataSource       : HikariPool-2 - Shutdown completed.
2024-05-20T08:46:40.170+07:00  INFO 9752 --- [AFK3] [Test worker] i.a.u.c.a.a.Service.ListingServiceTest   : Starting ListingServiceTest using Java 21.0.2 with PID 9752 (started by Jim in C:\Users\Jim\IdeaProjects\AFK3)
2024-05-20T08:46:40.172+07:00  INFO 9752 --- [AFK3] [Test worker] i.a.u.c.a.a.Service.ListingServiceTest   : The following 1 profile is active: "test"
2024-05-20T08:46:41.571+07:00  INFO 9752 --- [AFK3] [Test worker] .s.d.r.c.RepositoryConfigurationDelegate : Bootstrapping Spring Data JPA repositories in DEFAULT mode.
2024-05-20T08:46:41.657+07:00  INFO 9752 --- [AFK3] [Test worker] .s.d.r.c.RepositoryConfigurationDelegate : Finished Spring Data repository scanning in 67 ms. Found 2 JPA repository interfaces.
2024-05-20T08:46:45.206+07:00  INFO 9752 --- [AFK3] [Test worker] o.hibernate.jpa.internal.util.LogHelper  : HHH000204: Processing PersistenceUnitInfo [name: default]
2024-05-20T08:46:45.376+07:00  INFO 9752 --- [AFK3] [Test worker] org.hibernate.Version                    : HHH000412: Hibernate ORM core version 6.4.4.Final
2024-05-20T08:46:45.472+07:00  INFO 9752 --- [AFK3] [Test worker] o.h.c.internal.RegionFactoryInitiator    : HHH000026: Second-level cache disabled
2024-05-20T08:46:45.778+07:00  INFO 9752 --- [AFK3] [Test worker] o.s.o.j.p.SpringPersistenceUnitInfo      : No LoadTimeWeaver setup: ignoring JPA class transformer
2024-05-20T08:46:45.850+07:00  INFO 9752 --- [AFK3] [Test worker] com.zaxxer.hikari.HikariDataSource       : HikariPool-1 - Starting...
2024-05-20T08:46:46.427+07:00  INFO 9752 --- [AFK3] [Test worker] com.zaxxer.hikari.pool.HikariPool        : HikariPool-1 - Added connection conn0: url=jdbc:h2:mem:testdb user=SA
2024-05-20T08:46:46.431+07:00  INFO 9752 --- [AFK3] [Test worker] com.zaxxer.hikari.HikariDataSource       : HikariPool-1 - Start completed.
2024-05-20T08:46:46.493+07:00  WARN 9752 --- [AFK3] [Test worker] org.hibernate.orm.deprecation            : HHH90000025: H2Dialect does not need to be specified explicitly using 'hibernate.dialect' (remove the property setting and it will be selected by default)
2024-05-20T08:46:48.257+07:00  INFO 9752 --- [AFK3] [Test worker] o.h.e.t.j.p.i.JtaPlatformInitiator       : HHH000489: No JTA platform available (set 'hibernate.transaction.jta.platform' to enable JTA platform integration)
2024-05-20T08:46:48.433+07:00  INFO 9752 --- [AFK3] [Test worker] j.LocalContainerEntityManagerFactoryBean : Initialized JPA EntityManagerFactory for persistence unit 'default'
2024-05-20T08:46:48.970+07:00  WARN 9752 --- [AFK3] [Test worker] JpaBaseConfiguration$JpaWebConfiguration : spring.jpa.open-in-view is enabled by default. Therefore, database queries may be performed during view rendering. Explicitly configure spring.jpa.open-in-view to disable this warning
2024-05-20T08:46:50.398+07:00  INFO 9752 --- [AFK3] [Test worker] o.s.b.a.e.web.EndpointLinksResolver      : Exposing 0 endpoint(s) beneath base path '/actuator'
2024-05-20T08:46:50.533+07:00  INFO 9752 --- [AFK3] [Test worker] i.a.u.c.a.a.Service.ListingServiceTest   : Started ListingServiceTest in 10.922 seconds (process running for 13.532)
2024-05-20T08:46:51.126+07:00  INFO 9752 --- [AFK3] [Test worker] i.a.u.c.a.a.service.ListingServiceImpl   : hitting url nulluser/get-role
2024-05-20T08:46:51.131+07:00  INFO 9752 --- [AFK3] [Test worker] i.a.u.c.a.a.service.ListingServiceImpl   : listing eb558e9f-1c39-460e-8860-71af6af63bd6 saved SUCCESS
2024-05-20T08:46:51.139+07:00  INFO 9752 --- [AFK3] [Test worker] i.a.u.c.a.a.service.ListingServiceImpl   : hitting url nulluser/get-role
2024-05-20T08:46:51.141+07:00  INFO 9752 --- [AFK3] [Test worker] i.a.u.c.a.a.service.ListingServiceImpl   : listing 00558e9f-1c39-460e-8860-71af6af63bc7 saved SUCCESS
2024-05-20T08:46:51.145+07:00  INFO 9752 --- [AFK3] [Test worker] i.a.u.c.a.a.service.ListingServiceImpl   : hitting url nulluser/get-role
2024-05-20T08:46:51.145+07:00  INFO 9752 --- [AFK3] [Test worker] i.a.u.c.a.a.service.ListingServiceImpl   : Update listing by id 00558e9f-1c39-460e-8860-71af6af63bc7 SUCCESSFUL
2024-05-20T08:46:51.156+07:00  INFO 9752 --- [AFK3] [Test worker] i.a.u.c.a.a.service.ListingServiceImpl   : Find listings by id 00558e9f-1c39-460e-8860-71af6af63bc7 SUCCESSFUL
2024-05-20T08:46:51.202+07:00  INFO 9752 --- [AFK3] [Test worker] i.a.u.c.a.a.service.ListingServiceImpl   : hitting url nulluser/get-role
2024-05-20T08:46:51.205+07:00  INFO 9752 --- [AFK3] [Test worker] i.a.u.c.a.a.service.ListingServiceImpl   : listing eb558e9f-1c39-460e-8860-71af6af63bd6 saved SUCCESS
2024-05-20T08:46:51.206+07:00 ERROR 9752 --- [AFK3] [Test worker] i.a.u.c.a.a.service.ListingServiceImpl   : Find listings by username FAILED, INVALID Token
2024-05-20T08:46:51.225+07:00  INFO 9752 --- [AFK3] [Test worker] i.a.u.c.a.a.service.ListingServiceImpl   : hitting url nulluser/get-role
2024-05-20T08:46:51.227+07:00  INFO 9752 --- [AFK3] [Test worker] i.a.u.c.a.a.service.ListingServiceImpl   : listing eb558e9f-1c39-460e-8860-71af6af63bd6 saved SUCCESS
2024-05-20T08:46:51.230+07:00  INFO 9752 --- [AFK3] [Test worker] i.a.u.c.a.a.service.ListingServiceImpl   : hitting url nulluser/get-role
2024-05-20T08:46:51.232+07:00  INFO 9752 --- [AFK3] [Test worker] i.a.u.c.a.a.service.ListingServiceImpl   : listing 00558e9f-1c39-460e-8860-71af6af63bc7 saved SUCCESS
2024-05-20T08:46:51.253+07:00  INFO 9752 --- [AFK3] [Test worker] i.a.u.c.a.a.service.ListingServiceImpl   : hitting url nulluser/get-role
2024-05-20T08:46:51.255+07:00  INFO 9752 --- [AFK3] [Test worker] i.a.u.c.a.a.service.ListingServiceImpl   : listing eb558e9f-1c39-460e-8860-71af6af63bd6 saved SUCCESS
2024-05-20T08:46:51.258+07:00  INFO 9752 --- [AFK3] [Test worker] i.a.u.c.a.a.service.ListingServiceImpl   : hitting url nulluser/get-role
2024-05-20T08:46:51.261+07:00  INFO 9752 --- [AFK3] [Test worker] i.a.u.c.a.a.service.ListingServiceImpl   : listing 12345678-1111-1111-1111-111111111111 saved SUCCESS
2024-05-20T08:46:51.283+07:00  INFO 9752 --- [AFK3] [Test worker] i.a.u.c.a.a.service.ListingServiceImpl   : hitting url nulluser/get-role
2024-05-20T08:46:51.286+07:00  INFO 9752 --- [AFK3] [Test worker] i.a.u.c.a.a.service.ListingServiceImpl   : listing eb558e9f-1c39-460e-8860-71af6af63bd6 saved SUCCESS
2024-05-20T08:46:51.292+07:00  INFO 9752 --- [AFK3] [Test worker] i.a.u.c.a.a.service.ListingServiceImpl   : hitting url nulluser/get-role
2024-05-20T08:46:51.294+07:00  INFO 9752 --- [AFK3] [Test worker] i.a.u.c.a.a.service.ListingServiceImpl   : listing 12345678-1111-1111-1111-111111111100 saved SUCCESS
2024-05-20T08:46:51.315+07:00  INFO 9752 --- [AFK3] [Test worker] i.a.u.c.a.a.service.ListingServiceImpl   : hitting url nulluser/get-role
2024-05-20T08:46:51.316+07:00  INFO 9752 --- [AFK3] [Test worker] i.a.u.c.a.a.service.ListingServiceImpl   : listing eb558e9f-1c39-460e-8860-71af6af63bd6 saved SUCCESS
2024-05-20T08:46:51.319+07:00  INFO 9752 --- [AFK3] [Test worker] i.a.u.c.a.a.service.ListingServiceImpl   : Find listings by username user SUCCESSFUL
2024-05-20T08:46:51.341+07:00  INFO 9752 --- [AFK3] [Test worker] i.a.u.c.a.a.service.ListingServiceImpl   : hitting url nulluser/get-role
2024-05-20T08:46:51.343+07:00  INFO 9752 --- [AFK3] [Test worker] i.a.u.c.a.a.service.ListingServiceImpl   : listing eb558e9f-1c39-460e-8860-71af6af63bd6 saved SUCCESS
2024-05-20T08:46:51.348+07:00  INFO 9752 --- [AFK3] [Test worker] i.a.u.c.a.a.service.ListingServiceImpl   : hitting url nulluser/get-role
2024-05-20T08:46:51.351+07:00  INFO 9752 --- [AFK3] [Test worker] i.a.u.c.a.a.service.ListingServiceImpl   : listing 00558e9f-1c39-460e-8860-71af6af63bc7 saved SUCCESS
2024-05-20T08:46:51.351+07:00  INFO 9752 --- [AFK3] [Test worker] i.a.u.c.a.a.service.ListingServiceImpl   : Find listings by id 00558e9f-1c39-460e-8860-71af6af63bc7 SUCCESSFUL
2024-05-20T08:46:51.375+07:00  INFO 9752 --- [AFK3] [Test worker] i.a.u.c.a.a.service.ListingServiceImpl   : hitting url nulluser/get-role
2024-05-20T08:46:51.377+07:00  INFO 9752 --- [AFK3] [Test worker] i.a.u.c.a.a.service.ListingServiceImpl   : listing eb558e9f-1c39-460e-8860-71af6af63bd6 saved SUCCESS
2024-05-20T08:46:51.378+07:00 ERROR 9752 --- [AFK3] [Test worker] i.a.u.c.a.a.service.ListingServiceImpl   : Find listings by id 00558e9f-1c39-460e-8860-71af6af63bc8 FAILED, id not found
2024-05-20T08:46:51.396+07:00  INFO 9752 --- [AFK3] [Test worker] i.a.u.c.a.a.service.ListingServiceImpl   : hitting url nulluser/get-role
2024-05-20T08:46:51.398+07:00  INFO 9752 --- [AFK3] [Test worker] i.a.u.c.a.a.service.ListingServiceImpl   : listing eb558e9f-1c39-460e-8860-71af6af63bd6 saved SUCCESS
2024-05-20T08:46:51.401+07:00  INFO 9752 --- [AFK3] [Test worker] i.a.u.c.a.a.service.ListingServiceImpl   : hitting url nulluser/get-role
2024-05-20T08:46:51.404+07:00  INFO 9752 --- [AFK3] [Test worker] i.a.u.c.a.a.service.ListingServiceImpl   : listing 00558e9f-1c39-460e-8860-71af6af63bc7 saved SUCCESS
2024-05-20T08:46:51.427+07:00  INFO 9752 --- [AFK3] [Test worker] i.a.u.c.a.a.service.ListingServiceImpl   : hitting url nulluser/get-role
2024-05-20T08:46:51.430+07:00  INFO 9752 --- [AFK3] [Test worker] i.a.u.c.a.a.service.ListingServiceImpl   : listing eb558e9f-1c39-460e-8860-71af6af63bd6 saved SUCCESS
2024-05-20T08:46:51.431+07:00 ERROR 9752 --- [AFK3] [Test worker] i.a.u.c.a.a.service.ListingServiceImpl   : Delete listing by id id FAILED
2024-05-20T08:46:51.447+07:00  INFO 9752 --- [AFK3] [Test worker] i.a.u.c.a.a.service.ListingServiceImpl   : hitting url nulluser/get-role
2024-05-20T08:46:51.449+07:00  INFO 9752 --- [AFK3] [Test worker] i.a.u.c.a.a.service.ListingServiceImpl   : listing eb558e9f-1c39-460e-8860-71af6af63bd6 saved SUCCESS
2024-05-20T08:46:51.452+07:00  INFO 9752 --- [AFK3] [Test worker] i.a.u.c.a.a.service.ListingServiceImpl   : hitting url nulluser/get-role
2024-05-20T08:46:51.456+07:00  INFO 9752 --- [AFK3] [Test worker] i.a.u.c.a.a.service.ListingServiceImpl   : listing 00558e9f-1c39-460e-8860-71af6af63bc7 saved SUCCESS
2024-05-20T08:46:51.458+07:00  INFO 9752 --- [AFK3] [Test worker] i.a.u.c.a.a.service.ListingServiceImpl   : hitting url nulluser/get-role
2024-05-20T08:46:51.458+07:00 ERROR 9752 --- [AFK3] [Test worker] i.a.u.c.a.a.service.ListingServiceImpl   : Update listing by id 00558e9f-1c39-460e-8860-71af6af63bc7 FAILED
2024-05-20T08:46:51.459+07:00  INFO 9752 --- [AFK3] [Test worker] i.a.u.c.a.a.service.ListingServiceImpl   : Find listings by id 00558e9f-1c39-460e-8860-71af6af63bc7 SUCCESSFUL
2024-05-20T08:46:51.474+07:00  INFO 9752 --- [AFK3] [Test worker] i.a.u.c.a.a.service.ListingServiceImpl   : hitting url nulluser/get-role
2024-05-20T08:46:51.476+07:00  INFO 9752 --- [AFK3] [Test worker] i.a.u.c.a.a.service.ListingServiceImpl   : listing eb558e9f-1c39-460e-8860-71af6af63bd6 saved SUCCESS
2024-05-20T08:46:51.482+07:00  INFO 9752 --- [AFK3] [Test worker] i.a.u.c.a.a.service.ListingServiceImpl   : hitting url nulluser/get-role
2024-05-20T08:46:51.484+07:00  INFO 9752 --- [AFK3] [Test worker] i.a.u.c.a.a.service.ListingServiceImpl   : listing 12345678-1111-1111-1111-111111111111 saved FAILED
2024-05-20T08:46:51.522+07:00  INFO 9752 --- [AFK3] [Test worker] i.a.u.c.a.a.service.ListingServiceImpl   : hitting url nulluser/get-role
2024-05-20T08:46:51.530+07:00  INFO 9752 --- [AFK3] [Test worker] i.a.u.c.a.a.service.ListingServiceImpl   : listing eb558e9f-1c39-460e-8860-71af6af63bd6 saved SUCCESS
2024-05-20T08:46:51.535+07:00  INFO 9752 --- [AFK3] [Test worker] i.a.u.c.a.a.service.ListingServiceImpl   : hitting url nulluser/get-role
2024-05-20T08:46:51.539+07:00  INFO 9752 --- [AFK3] [Test worker] i.a.u.c.a.a.service.ListingServiceImpl   : listing 12345678-1111-1111-1111-111111111111 saved SUCCESS
2024-05-20T08:46:51.580+07:00  INFO 9752 --- [AFK3] [Test worker] i.a.u.c.a.a.service.ListingServiceImpl   : hitting url nulluser/get-role
2024-05-20T08:46:51.582+07:00  INFO 9752 --- [AFK3] [Test worker] i.a.u.c.a.a.service.ListingServiceImpl   : listing eb558e9f-1c39-460e-8860-71af6af63bd6 saved SUCCESS
2024-05-20T08:46:51.586+07:00  INFO 9752 --- [AFK3] [Test worker] i.a.u.c.a.a.service.ListingServiceImpl   : hitting url nulluser/get-role
2024-05-20T08:46:51.588+07:00  INFO 9752 --- [AFK3] [Test worker] i.a.u.c.a.a.service.ListingServiceImpl   : listing 12345678-1111-1111-1111-111111111111 saved FAILED
2024-05-20T08:46:51.610+07:00  INFO 9752 --- [AFK3] [Test worker] i.a.u.c.a.a.service.ListingServiceImpl   : hitting url nulluser/get-role
2024-05-20T08:46:51.612+07:00  INFO 9752 --- [AFK3] [Test worker] i.a.u.c.a.a.service.ListingServiceImpl   : listing eb558e9f-1c39-460e-8860-71af6af63bd6 saved SUCCESS
2024-05-20T08:46:51.615+07:00  INFO 9752 --- [AFK3] [Test worker] i.a.u.c.a.a.service.ListingServiceImpl   : hitting url nulluser/get-role
2024-05-20T08:46:51.617+07:00  INFO 9752 --- [AFK3] [Test worker] i.a.u.c.a.a.service.ListingServiceImpl   : listing 00558e9f-1c39-460e-8860-71af6af63bc7 saved SUCCESS
2024-05-20T08:46:51.618+07:00 ERROR 9752 --- [AFK3] [Test worker] i.a.u.c.a.a.service.ListingServiceImpl   : Delete listing by id 00558e9f-1c39-460e-8860-71af6af63bc7 FAILED
2024-05-20T08:46:51.634+07:00  INFO 9752 --- [AFK3] [Test worker] i.a.u.c.a.a.service.ListingServiceImpl   : hitting url nulluser/get-role
2024-05-20T08:46:51.637+07:00  INFO 9752 --- [AFK3] [Test worker] i.a.u.c.a.a.service.ListingServiceImpl   : listing eb558e9f-1c39-460e-8860-71af6af63bd6 saved SUCCESS
2024-05-20T08:46:51.640+07:00  INFO 9752 --- [AFK3] [Test worker] i.a.u.c.a.a.service.ListingServiceImpl   : hitting url nulluser/get-role
2024-05-20T08:46:51.642+07:00  INFO 9752 --- [AFK3] [Test worker] i.a.u.c.a.a.service.ListingServiceImpl   : listing 00558e9f-1c39-460e-8860-71af6af63bc7 saved SUCCESS
2024-05-20T08:46:51.643+07:00 ERROR 9752 --- [AFK3] [Test worker] i.a.u.c.a.a.service.ListingServiceImpl   : FindAll listing not allowed
2024-05-20T08:46:51.659+07:00  INFO 9752 --- [AFK3] [Test worker] i.a.u.c.a.a.service.ListingServiceImpl   : hitting url nulluser/get-role
2024-05-20T08:46:51.660+07:00  INFO 9752 --- [AFK3] [Test worker] i.a.u.c.a.a.service.ListingServiceImpl   : listing eb558e9f-1c39-460e-8860-71af6af63bd6 saved SUCCESS
2024-05-20T08:46:51.665+07:00  INFO 9752 --- [AFK3] [Test worker] i.a.u.c.a.a.service.ListingServiceImpl   : hitting url nulluser/get-role
2024-05-20T08:46:51.666+07:00  INFO 9752 --- [AFK3] [Test worker] i.a.u.c.a.a.service.ListingServiceImpl   : listing 00558e9f-1c39-460e-8860-71af6af63bc7 saved SUCCESS
2024-05-20T08:46:51.672+07:00 ERROR 9752 --- [AFK3] [Test worker] i.a.u.c.a.a.service.ListingServiceImpl   : Delete listing by id 00558e9f-1c39-460e-8860-71af6af63bc7 FAILED
2024-05-20T08:46:51.687+07:00  INFO 9752 --- [AFK3] [Test worker] i.a.u.c.a.a.service.ListingServiceImpl   : hitting url nulluser/get-role
2024-05-20T08:46:51.689+07:00  INFO 9752 --- [AFK3] [Test worker] i.a.u.c.a.a.service.ListingServiceImpl   : listing eb558e9f-1c39-460e-8860-71af6af63bd6 saved SUCCESS
2024-05-20T08:46:51.691+07:00  INFO 9752 --- [AFK3] [Test worker] i.a.u.c.a.a.service.ListingServiceImpl   : hitting url nulluser/get-role
2024-05-20T08:46:51.692+07:00  INFO 9752 --- [AFK3] [Test worker] i.a.u.c.a.a.service.ListingServiceImpl   : listing 00558e9f-1c39-460e-8860-71af6af63bc7 saved SUCCESS
2024-05-20T08:46:51.693+07:00  INFO 9752 --- [AFK3] [Test worker] i.a.u.c.a.a.service.ListingServiceImpl   : Delete listing by id 00558e9f-1c39-460e-8860-71af6af63bc7 SUCCESSFUL
2024-05-20T08:46:51.711+07:00  INFO 9752 --- [AFK3] [Test worker] t.c.s.AnnotationConfigContextLoaderUtils : Could not detect default configuration classes for test class [id.ac.ui.cs.advprog.afk3.controller.ListingControllerTest]: ListingControllerTest does not declare any static, non-private, non-final, nested classes annotated with @Configuration.
2024-05-20T08:46:51.760+07:00  INFO 9752 --- [AFK3] [Test worker] .b.t.c.SpringBootTestContextBootstrapper : Found @SpringBootConfiguration id.ac.ui.cs.advprog.afk3.Afk3Application for test class id.ac.ui.cs.advprog.afk3.controller.ListingControllerTest
2024-05-20T08:46:51.811+07:00  INFO 9752 --- [AFK3] [Test worker] i.a.u.c.a.a.c.ListingControllerTest      : Starting ListingControllerTest using Java 21.0.2 with PID 9752 (started by Jim in C:\Users\Jim\IdeaProjects\AFK3)
2024-05-20T08:46:51.812+07:00  INFO 9752 --- [AFK3] [Test worker] i.a.u.c.a.a.c.ListingControllerTest      : The following 1 profile is active: "test"
2024-05-20T08:46:52.208+07:00  INFO 9752 --- [AFK3] [Test worker] o.s.b.t.m.w.SpringBootMockServletContext : Initializing Spring TestDispatcherServlet ''
2024-05-20T08:46:52.209+07:00  INFO 9752 --- [AFK3] [Test worker] o.s.t.web.servlet.TestDispatcherServlet  : Initializing Servlet ''
2024-05-20T08:46:52.210+07:00  INFO 9752 --- [AFK3] [Test worker] o.s.t.web.servlet.TestDispatcherServlet  : Completed initialization in 1 ms
2024-05-20T08:46:52.219+07:00  INFO 9752 --- [AFK3] [Test worker] i.a.u.c.a.a.c.ListingControllerTest      : Started ListingControllerTest in 0.453 seconds (process running for 15.219)
2024-05-20T08:46:52.755+07:00  INFO 9752 --- [AFK3] [SpringApplicationShutdownHook] j.LocalContainerEntityManagerFactoryBean : Closing JPA EntityManagerFactory for persistence unit 'default'
2024-05-20T08:46:52.759+07:00  INFO 9752 --- [AFK3] [SpringApplicationShutdownHook] com.zaxxer.hikari.HikariDataSource       : HikariPool-1 - Shutdown initiated...
2024-05-20T08:46:52.761+07:00  INFO 9752 --- [AFK3] [SpringApplicationShutdownHook] com.zaxxer.hikari.HikariDataSource       : HikariPool-1 - Shutdown completed.
2024-05-20T08:47:25.238+07:00  INFO 21640 --- [AFK3] [Test worker] i.a.u.c.a.a.c.ListingControllerTest      : Starting ListingControllerTest using Java 21.0.2 with PID 21640 (started by Jim in C:\Users\Jim\IdeaProjects\AFK3)
2024-05-20T08:47:25.241+07:00  INFO 21640 --- [AFK3] [Test worker] i.a.u.c.a.a.c.ListingControllerTest      : The following 1 profile is active: "test"
2024-05-20T08:47:28.666+07:00  INFO 21640 --- [AFK3] [Test worker] o.s.b.t.m.w.SpringBootMockServletContext : Initializing Spring TestDispatcherServlet ''
2024-05-20T08:47:28.667+07:00  INFO 21640 --- [AFK3] [Test worker] o.s.t.web.servlet.TestDispatcherServlet  : Initializing Servlet ''
2024-05-20T08:47:28.671+07:00  INFO 21640 --- [AFK3] [Test worker] o.s.t.web.servlet.TestDispatcherServlet  : Completed initialization in 3 ms
2024-05-20T08:47:28.746+07:00  INFO 21640 --- [AFK3] [Test worker] i.a.u.c.a.a.c.ListingControllerTest      : Started ListingControllerTest in 4.305 seconds (process running for 9.223)
2024-05-20T09:23:46.633+07:00  INFO 19148 --- [AFK3] [Test worker] i.a.u.c.a.afk3.Afk3ApplicationTests      : Starting Afk3ApplicationTests using Java 21.0.2 with PID 19148 (started by Jim in C:\Users\Jim\IdeaProjects\AFK3)
2024-05-20T09:23:46.636+07:00  INFO 19148 --- [AFK3] [Test worker] i.a.u.c.a.afk3.Afk3ApplicationTests      : The following 1 profile is active: "test"
2024-05-20T09:23:48.315+07:00  INFO 19148 --- [AFK3] [Test worker] .s.d.r.c.RepositoryConfigurationDelegate : Bootstrapping Spring Data JPA repositories in DEFAULT mode.
2024-05-20T09:23:48.408+07:00  INFO 19148 --- [AFK3] [Test worker] .s.d.r.c.RepositoryConfigurationDelegate : Finished Spring Data repository scanning in 75 ms. Found 2 JPA repository interfaces.
2024-05-20T09:23:49.752+07:00  INFO 19148 --- [AFK3] [Test worker] o.hibernate.jpa.internal.util.LogHelper  : HHH000204: Processing PersistenceUnitInfo [name: default]
2024-05-20T09:23:49.883+07:00  INFO 19148 --- [AFK3] [Test worker] org.hibernate.Version                    : HHH000412: Hibernate ORM core version 6.4.4.Final
2024-05-20T09:23:49.954+07:00  INFO 19148 --- [AFK3] [Test worker] o.h.c.internal.RegionFactoryInitiator    : HHH000026: Second-level cache disabled
2024-05-20T09:23:50.622+07:00  INFO 19148 --- [AFK3] [Test worker] o.s.o.j.p.SpringPersistenceUnitInfo      : No LoadTimeWeaver setup: ignoring JPA class transformer
2024-05-20T09:23:50.700+07:00  INFO 19148 --- [AFK3] [Test worker] com.zaxxer.hikari.HikariDataSource       : HikariPool-1 - Starting...
2024-05-20T09:23:51.379+07:00  INFO 19148 --- [AFK3] [Test worker] com.zaxxer.hikari.pool.HikariPool        : HikariPool-1 - Added connection conn0: url=jdbc:h2:mem:testdb user=SA
2024-05-20T09:23:51.382+07:00  INFO 19148 --- [AFK3] [Test worker] com.zaxxer.hikari.HikariDataSource       : HikariPool-1 - Start completed.
2024-05-20T09:23:51.446+07:00  WARN 19148 --- [AFK3] [Test worker] org.hibernate.orm.deprecation            : HHH90000025: H2Dialect does not need to be specified explicitly using 'hibernate.dialect' (remove the property setting and it will be selected by default)
2024-05-20T09:23:53.472+07:00  INFO 19148 --- [AFK3] [Test worker] o.h.e.t.j.p.i.JtaPlatformInitiator       : HHH000489: No JTA platform available (set 'hibernate.transaction.jta.platform' to enable JTA platform integration)
2024-05-20T09:23:53.606+07:00  INFO 19148 --- [AFK3] [Test worker] j.LocalContainerEntityManagerFactoryBean : Initialized JPA EntityManagerFactory for persistence unit 'default'
2024-05-20T09:23:54.870+07:00  WARN 19148 --- [AFK3] [Test worker] JpaBaseConfiguration$JpaWebConfiguration : spring.jpa.open-in-view is enabled by default. Therefore, database queries may be performed during view rendering. Explicitly configure spring.jpa.open-in-view to disable this warning
2024-05-20T09:23:56.357+07:00  INFO 19148 --- [AFK3] [Test worker] o.s.b.a.e.web.EndpointLinksResolver      : Exposing 0 endpoint(s) beneath base path '/actuator'
2024-05-20T09:23:56.524+07:00  INFO 19148 --- [AFK3] [Test worker] i.a.u.c.a.afk3.Afk3ApplicationTests      : Started Afk3ApplicationTests in 10.573 seconds (process running for 14.263)
2024-05-20T09:23:57.614+07:00  INFO 19148 --- [AFK3] [Test worker] t.c.s.AnnotationConfigContextLoaderUtils : Could not detect default configuration classes for test class [id.ac.ui.cs.advprog.afk3.Enum.OrderStatusTest]: OrderStatusTest does not declare any static, non-private, non-final, nested classes annotated with @Configuration.
2024-05-20T09:23:57.625+07:00  INFO 19148 --- [AFK3] [Test worker] .b.t.c.SpringBootTestContextBootstrapper : Found @SpringBootConfiguration id.ac.ui.cs.advprog.afk3.Afk3Application for test class id.ac.ui.cs.advprog.afk3.Enum.OrderStatusTest
2024-05-20T09:23:57.701+07:00  INFO 19148 --- [AFK3] [Test worker] t.c.s.AnnotationConfigContextLoaderUtils : Could not detect default configuration classes for test class [id.ac.ui.cs.advprog.afk3.Enum.UserTypeTest]: UserTypeTest does not declare any static, non-private, non-final, nested classes annotated with @Configuration.
2024-05-20T09:23:57.703+07:00  INFO 19148 --- [AFK3] [Test worker] .b.t.c.SpringBootTestContextBootstrapper : Found @SpringBootConfiguration id.ac.ui.cs.advprog.afk3.Afk3Application for test class id.ac.ui.cs.advprog.afk3.Enum.UserTypeTest
2024-05-20T09:23:57.751+07:00  INFO 19148 --- [AFK3] [Test worker] t.c.s.AnnotationConfigContextLoaderUtils : Could not detect default configuration classes for test class [id.ac.ui.cs.advprog.afk3.Service.ListingServiceTest]: ListingServiceTest does not declare any static, non-private, non-final, nested classes annotated with @Configuration.
2024-05-20T09:23:57.767+07:00  INFO 19148 --- [AFK3] [Test worker] .b.t.c.SpringBootTestContextBootstrapper : Found @SpringBootConfiguration id.ac.ui.cs.advprog.afk3.Afk3Application for test class id.ac.ui.cs.advprog.afk3.Service.ListingServiceTest
2024-05-20T09:23:57.810+07:00  INFO 19148 --- [AFK3] [Test worker] i.a.u.c.a.a.Service.ListingServiceTest   : Starting ListingServiceTest using Java 21.0.2 with PID 19148 (started by Jim in C:\Users\Jim\IdeaProjects\AFK3)
2024-05-20T09:23:57.811+07:00  INFO 19148 --- [AFK3] [Test worker] i.a.u.c.a.a.Service.ListingServiceTest   : The following 1 profile is active: "test"
2024-05-20T09:23:58.214+07:00  INFO 19148 --- [AFK3] [Test worker] .s.d.r.c.RepositoryConfigurationDelegate : Bootstrapping Spring Data JPA repositories in DEFAULT mode.
2024-05-20T09:23:58.235+07:00  INFO 19148 --- [AFK3] [Test worker] .s.d.r.c.RepositoryConfigurationDelegate : Finished Spring Data repository scanning in 20 ms. Found 2 JPA repository interfaces.
2024-05-20T09:23:59.682+07:00  INFO 19148 --- [AFK3] [Test worker] o.hibernate.jpa.internal.util.LogHelper  : HHH000204: Processing PersistenceUnitInfo [name: default]
2024-05-20T09:23:59.693+07:00  INFO 19148 --- [AFK3] [Test worker] o.h.c.internal.RegionFactoryInitiator    : HHH000026: Second-level cache disabled
2024-05-20T09:23:59.712+07:00  INFO 19148 --- [AFK3] [Test worker] o.s.o.j.p.SpringPersistenceUnitInfo      : No LoadTimeWeaver setup: ignoring JPA class transformer
2024-05-20T09:23:59.717+07:00  INFO 19148 --- [AFK3] [Test worker] com.zaxxer.hikari.HikariDataSource       : HikariPool-2 - Starting...
2024-05-20T09:23:59.720+07:00  INFO 19148 --- [AFK3] [Test worker] com.zaxxer.hikari.pool.HikariPool        : HikariPool-2 - Added connection conn10: url=jdbc:h2:mem:testdb user=SA
2024-05-20T09:23:59.721+07:00  INFO 19148 --- [AFK3] [Test worker] com.zaxxer.hikari.HikariDataSource       : HikariPool-2 - Start completed.
2024-05-20T09:23:59.723+07:00  WARN 19148 --- [AFK3] [Test worker] org.hibernate.orm.deprecation            : HHH90000025: H2Dialect does not need to be specified explicitly using 'hibernate.dialect' (remove the property setting and it will be selected by default)
2024-05-20T09:23:59.918+07:00  INFO 19148 --- [AFK3] [Test worker] o.h.e.t.j.p.i.JtaPlatformInitiator       : HHH000489: No JTA platform available (set 'hibernate.transaction.jta.platform' to enable JTA platform integration)
2024-05-20T09:23:59.963+07:00  INFO 19148 --- [AFK3] [Test worker] j.LocalContainerEntityManagerFactoryBean : Initialized JPA EntityManagerFactory for persistence unit 'default'
2024-05-20T09:24:00.320+07:00  WARN 19148 --- [AFK3] [Test worker] JpaBaseConfiguration$JpaWebConfiguration : spring.jpa.open-in-view is enabled by default. Therefore, database queries may be performed during view rendering. Explicitly configure spring.jpa.open-in-view to disable this warning
2024-05-20T09:24:01.465+07:00  INFO 19148 --- [AFK3] [Test worker] o.s.b.a.e.web.EndpointLinksResolver      : Exposing 0 endpoint(s) beneath base path '/actuator'
2024-05-20T09:24:01.525+07:00  INFO 19148 --- [AFK3] [Test worker] i.a.u.c.a.a.Service.ListingServiceTest   : Started ListingServiceTest in 3.752 seconds (process running for 19.264)
2024-05-20T09:24:02.133+07:00  INFO 19148 --- [AFK3] [Test worker] i.a.u.c.a.a.service.ListingServiceImpl   : hitting url nulluser/get-role
2024-05-20T09:24:02.138+07:00  INFO 19148 --- [AFK3] [Test worker] i.a.u.c.a.a.service.ListingServiceImpl   : listing eb558e9f-1c39-460e-8860-71af6af63bd6 saved SUCCESS
2024-05-20T09:24:02.144+07:00  INFO 19148 --- [AFK3] [Test worker] i.a.u.c.a.a.service.ListingServiceImpl   : hitting url nulluser/get-role
2024-05-20T09:24:02.146+07:00  INFO 19148 --- [AFK3] [Test worker] i.a.u.c.a.a.service.ListingServiceImpl   : listing 00558e9f-1c39-460e-8860-71af6af63bc7 saved SUCCESS
2024-05-20T09:24:02.152+07:00  INFO 19148 --- [AFK3] [Test worker] i.a.u.c.a.a.service.ListingServiceImpl   : hitting url nulluser/get-role
2024-05-20T09:24:02.153+07:00  INFO 19148 --- [AFK3] [Test worker] i.a.u.c.a.a.service.ListingServiceImpl   : Update listing by id 00558e9f-1c39-460e-8860-71af6af63bc7 SUCCESSFUL
2024-05-20T09:24:02.191+07:00  INFO 19148 --- [AFK3] [Test worker] i.a.u.c.a.a.service.ListingServiceImpl   : Find listings by id 00558e9f-1c39-460e-8860-71af6af63bc7 SUCCESSFUL
2024-05-20T09:24:02.215+07:00  INFO 19148 --- [AFK3] [Test worker] i.a.u.c.a.a.service.ListingServiceImpl   : hitting url nulluser/get-role
2024-05-20T09:24:02.218+07:00  INFO 19148 --- [AFK3] [Test worker] i.a.u.c.a.a.service.ListingServiceImpl   : listing eb558e9f-1c39-460e-8860-71af6af63bd6 saved SUCCESS
2024-05-20T09:24:02.220+07:00 ERROR 19148 --- [AFK3] [Test worker] i.a.u.c.a.a.service.ListingServiceImpl   : Find listings by username FAILED, INVALID Token
2024-05-20T09:24:02.242+07:00  INFO 19148 --- [AFK3] [Test worker] i.a.u.c.a.a.service.ListingServiceImpl   : hitting url nulluser/get-role
2024-05-20T09:24:02.244+07:00  INFO 19148 --- [AFK3] [Test worker] i.a.u.c.a.a.service.ListingServiceImpl   : listing eb558e9f-1c39-460e-8860-71af6af63bd6 saved SUCCESS
2024-05-20T09:24:02.249+07:00  INFO 19148 --- [AFK3] [Test worker] i.a.u.c.a.a.service.ListingServiceImpl   : hitting url nulluser/get-role
2024-05-20T09:24:02.251+07:00  INFO 19148 --- [AFK3] [Test worker] i.a.u.c.a.a.service.ListingServiceImpl   : listing 00558e9f-1c39-460e-8860-71af6af63bc7 saved SUCCESS
2024-05-20T09:24:02.271+07:00  INFO 19148 --- [AFK3] [Test worker] i.a.u.c.a.a.service.ListingServiceImpl   : hitting url nulluser/get-role
2024-05-20T09:24:02.272+07:00  INFO 19148 --- [AFK3] [Test worker] i.a.u.c.a.a.service.ListingServiceImpl   : listing eb558e9f-1c39-460e-8860-71af6af63bd6 saved SUCCESS
2024-05-20T09:24:02.277+07:00  INFO 19148 --- [AFK3] [Test worker] i.a.u.c.a.a.service.ListingServiceImpl   : hitting url nulluser/get-role
2024-05-20T09:24:02.279+07:00  INFO 19148 --- [AFK3] [Test worker] i.a.u.c.a.a.service.ListingServiceImpl   : listing 12345678-1111-1111-1111-111111111111 saved SUCCESS
2024-05-20T09:24:02.300+07:00  INFO 19148 --- [AFK3] [Test worker] i.a.u.c.a.a.service.ListingServiceImpl   : hitting url nulluser/get-role
2024-05-20T09:24:02.302+07:00  INFO 19148 --- [AFK3] [Test worker] i.a.u.c.a.a.service.ListingServiceImpl   : listing eb558e9f-1c39-460e-8860-71af6af63bd6 saved SUCCESS
2024-05-20T09:24:02.305+07:00  INFO 19148 --- [AFK3] [Test worker] i.a.u.c.a.a.service.ListingServiceImpl   : hitting url nulluser/get-role
2024-05-20T09:24:02.308+07:00  INFO 19148 --- [AFK3] [Test worker] i.a.u.c.a.a.service.ListingServiceImpl   : listing 12345678-1111-1111-1111-111111111100 saved SUCCESS
2024-05-20T09:24:02.331+07:00  INFO 19148 --- [AFK3] [Test worker] i.a.u.c.a.a.service.ListingServiceImpl   : hitting url nulluser/get-role
2024-05-20T09:24:02.333+07:00  INFO 19148 --- [AFK3] [Test worker] i.a.u.c.a.a.service.ListingServiceImpl   : listing eb558e9f-1c39-460e-8860-71af6af63bd6 saved SUCCESS
2024-05-20T09:24:02.337+07:00  INFO 19148 --- [AFK3] [Test worker] i.a.u.c.a.a.service.ListingServiceImpl   : Find listings by username user SUCCESSFUL
2024-05-20T09:24:02.359+07:00  INFO 19148 --- [AFK3] [Test worker] i.a.u.c.a.a.service.ListingServiceImpl   : hitting url nulluser/get-role
2024-05-20T09:24:02.361+07:00  INFO 19148 --- [AFK3] [Test worker] i.a.u.c.a.a.service.ListingServiceImpl   : listing eb558e9f-1c39-460e-8860-71af6af63bd6 saved SUCCESS
2024-05-20T09:24:02.366+07:00  INFO 19148 --- [AFK3] [Test worker] i.a.u.c.a.a.service.ListingServiceImpl   : hitting url nulluser/get-role
2024-05-20T09:24:02.368+07:00  INFO 19148 --- [AFK3] [Test worker] i.a.u.c.a.a.service.ListingServiceImpl   : listing 00558e9f-1c39-460e-8860-71af6af63bc7 saved SUCCESS
2024-05-20T09:24:02.369+07:00  INFO 19148 --- [AFK3] [Test worker] i.a.u.c.a.a.service.ListingServiceImpl   : Find listings by id 00558e9f-1c39-460e-8860-71af6af63bc7 SUCCESSFUL
2024-05-20T09:24:02.384+07:00  INFO 19148 --- [AFK3] [Test worker] i.a.u.c.a.a.service.ListingServiceImpl   : hitting url nulluser/get-role
2024-05-20T09:24:02.387+07:00  INFO 19148 --- [AFK3] [Test worker] i.a.u.c.a.a.service.ListingServiceImpl   : listing eb558e9f-1c39-460e-8860-71af6af63bd6 saved SUCCESS
2024-05-20T09:24:02.388+07:00 ERROR 19148 --- [AFK3] [Test worker] i.a.u.c.a.a.service.ListingServiceImpl   : Find listings by id 00558e9f-1c39-460e-8860-71af6af63bc8 FAILED, id not found
2024-05-20T09:24:02.409+07:00  INFO 19148 --- [AFK3] [Test worker] i.a.u.c.a.a.service.ListingServiceImpl   : hitting url nulluser/get-role
2024-05-20T09:24:02.411+07:00  INFO 19148 --- [AFK3] [Test worker] i.a.u.c.a.a.service.ListingServiceImpl   : listing eb558e9f-1c39-460e-8860-71af6af63bd6 saved SUCCESS
2024-05-20T09:24:02.415+07:00  INFO 19148 --- [AFK3] [Test worker] i.a.u.c.a.a.service.ListingServiceImpl   : hitting url nulluser/get-role
2024-05-20T09:24:02.417+07:00  INFO 19148 --- [AFK3] [Test worker] i.a.u.c.a.a.service.ListingServiceImpl   : listing 00558e9f-1c39-460e-8860-71af6af63bc7 saved SUCCESS
2024-05-20T09:24:02.446+07:00  INFO 19148 --- [AFK3] [Test worker] i.a.u.c.a.a.service.ListingServiceImpl   : hitting url nulluser/get-role
2024-05-20T09:24:02.449+07:00  INFO 19148 --- [AFK3] [Test worker] i.a.u.c.a.a.service.ListingServiceImpl   : listing eb558e9f-1c39-460e-8860-71af6af63bd6 saved SUCCESS
2024-05-20T09:24:02.451+07:00 ERROR 19148 --- [AFK3] [Test worker] i.a.u.c.a.a.service.ListingServiceImpl   : Delete listing by id id FAILED
2024-05-20T09:24:02.472+07:00  INFO 19148 --- [AFK3] [Test worker] i.a.u.c.a.a.service.ListingServiceImpl   : hitting url nulluser/get-role
2024-05-20T09:24:02.474+07:00  INFO 19148 --- [AFK3] [Test worker] i.a.u.c.a.a.service.ListingServiceImpl   : listing eb558e9f-1c39-460e-8860-71af6af63bd6 saved SUCCESS
2024-05-20T09:24:02.479+07:00  INFO 19148 --- [AFK3] [Test worker] i.a.u.c.a.a.service.ListingServiceImpl   : hitting url nulluser/get-role
2024-05-20T09:24:02.481+07:00  INFO 19148 --- [AFK3] [Test worker] i.a.u.c.a.a.service.ListingServiceImpl   : listing 00558e9f-1c39-460e-8860-71af6af63bc7 saved SUCCESS
2024-05-20T09:24:02.482+07:00  INFO 19148 --- [AFK3] [Test worker] i.a.u.c.a.a.service.ListingServiceImpl   : hitting url nulluser/get-role
2024-05-20T09:24:02.483+07:00 ERROR 19148 --- [AFK3] [Test worker] i.a.u.c.a.a.service.ListingServiceImpl   : Update listing by id 00558e9f-1c39-460e-8860-71af6af63bc7 FAILED
2024-05-20T09:24:02.484+07:00  INFO 19148 --- [AFK3] [Test worker] i.a.u.c.a.a.service.ListingServiceImpl   : Find listings by id 00558e9f-1c39-460e-8860-71af6af63bc7 SUCCESSFUL
2024-05-20T09:24:02.505+07:00  INFO 19148 --- [AFK3] [Test worker] i.a.u.c.a.a.service.ListingServiceImpl   : hitting url nulluser/get-role
2024-05-20T09:24:02.507+07:00  INFO 19148 --- [AFK3] [Test worker] i.a.u.c.a.a.service.ListingServiceImpl   : listing eb558e9f-1c39-460e-8860-71af6af63bd6 saved SUCCESS
2024-05-20T09:24:02.512+07:00  INFO 19148 --- [AFK3] [Test worker] i.a.u.c.a.a.service.ListingServiceImpl   : hitting url nulluser/get-role
2024-05-20T09:24:02.513+07:00  INFO 19148 --- [AFK3] [Test worker] i.a.u.c.a.a.service.ListingServiceImpl   : listing 12345678-1111-1111-1111-111111111111 saved FAILED
2024-05-20T09:24:02.533+07:00  INFO 19148 --- [AFK3] [Test worker] i.a.u.c.a.a.service.ListingServiceImpl   : hitting url nulluser/get-role
2024-05-20T09:24:02.535+07:00  INFO 19148 --- [AFK3] [Test worker] i.a.u.c.a.a.service.ListingServiceImpl   : listing eb558e9f-1c39-460e-8860-71af6af63bd6 saved SUCCESS
2024-05-20T09:24:02.539+07:00  INFO 19148 --- [AFK3] [Test worker] i.a.u.c.a.a.service.ListingServiceImpl   : hitting url nulluser/get-role
2024-05-20T09:24:02.541+07:00  INFO 19148 --- [AFK3] [Test worker] i.a.u.c.a.a.service.ListingServiceImpl   : listing 12345678-1111-1111-1111-111111111111 saved SUCCESS
2024-05-20T09:24:02.564+07:00  INFO 19148 --- [AFK3] [Test worker] i.a.u.c.a.a.service.ListingServiceImpl   : hitting url nulluser/get-role
2024-05-20T09:24:02.566+07:00  INFO 19148 --- [AFK3] [Test worker] i.a.u.c.a.a.service.ListingServiceImpl   : listing eb558e9f-1c39-460e-8860-71af6af63bd6 saved SUCCESS
2024-05-20T09:24:02.571+07:00  INFO 19148 --- [AFK3] [Test worker] i.a.u.c.a.a.service.ListingServiceImpl   : hitting url nulluser/get-role
2024-05-20T09:24:02.572+07:00  INFO 19148 --- [AFK3] [Test worker] i.a.u.c.a.a.service.ListingServiceImpl   : listing 12345678-1111-1111-1111-111111111111 saved FAILED
2024-05-20T09:24:02.591+07:00  INFO 19148 --- [AFK3] [Test worker] i.a.u.c.a.a.service.ListingServiceImpl   : hitting url nulluser/get-role
2024-05-20T09:24:02.593+07:00  INFO 19148 --- [AFK3] [Test worker] i.a.u.c.a.a.service.ListingServiceImpl   : listing eb558e9f-1c39-460e-8860-71af6af63bd6 saved SUCCESS
2024-05-20T09:24:02.597+07:00  INFO 19148 --- [AFK3] [Test worker] i.a.u.c.a.a.service.ListingServiceImpl   : hitting url nulluser/get-role
2024-05-20T09:24:02.599+07:00  INFO 19148 --- [AFK3] [Test worker] i.a.u.c.a.a.service.ListingServiceImpl   : listing 00558e9f-1c39-460e-8860-71af6af63bc7 saved SUCCESS
2024-05-20T09:24:02.600+07:00 ERROR 19148 --- [AFK3] [Test worker] i.a.u.c.a.a.service.ListingServiceImpl   : Delete listing by id 00558e9f-1c39-460e-8860-71af6af63bc7 FAILED
2024-05-20T09:24:02.618+07:00  INFO 19148 --- [AFK3] [Test worker] i.a.u.c.a.a.service.ListingServiceImpl   : hitting url nulluser/get-role
2024-05-20T09:24:02.620+07:00  INFO 19148 --- [AFK3] [Test worker] i.a.u.c.a.a.service.ListingServiceImpl   : listing eb558e9f-1c39-460e-8860-71af6af63bd6 saved SUCCESS
2024-05-20T09:24:02.622+07:00  INFO 19148 --- [AFK3] [Test worker] i.a.u.c.a.a.service.ListingServiceImpl   : hitting url nulluser/get-role
2024-05-20T09:24:02.623+07:00  INFO 19148 --- [AFK3] [Test worker] i.a.u.c.a.a.service.ListingServiceImpl   : listing 00558e9f-1c39-460e-8860-71af6af63bc7 saved SUCCESS
2024-05-20T09:24:02.625+07:00 ERROR 19148 --- [AFK3] [Test worker] i.a.u.c.a.a.service.ListingServiceImpl   : FindAll listing not allowed
2024-05-20T09:24:02.643+07:00  INFO 19148 --- [AFK3] [Test worker] i.a.u.c.a.a.service.ListingServiceImpl   : hitting url nulluser/get-role
2024-05-20T09:24:02.645+07:00  INFO 19148 --- [AFK3] [Test worker] i.a.u.c.a.a.service.ListingServiceImpl   : listing eb558e9f-1c39-460e-8860-71af6af63bd6 saved SUCCESS
2024-05-20T09:24:02.647+07:00  INFO 19148 --- [AFK3] [Test worker] i.a.u.c.a.a.service.ListingServiceImpl   : hitting url nulluser/get-role
2024-05-20T09:24:02.648+07:00  INFO 19148 --- [AFK3] [Test worker] i.a.u.c.a.a.service.ListingServiceImpl   : listing 00558e9f-1c39-460e-8860-71af6af63bc7 saved SUCCESS
2024-05-20T09:24:02.650+07:00 ERROR 19148 --- [AFK3] [Test worker] i.a.u.c.a.a.service.ListingServiceImpl   : Delete listing by id 00558e9f-1c39-460e-8860-71af6af63bc7 FAILED
2024-05-20T09:24:02.667+07:00  INFO 19148 --- [AFK3] [Test worker] i.a.u.c.a.a.service.ListingServiceImpl   : hitting url nulluser/get-role
2024-05-20T09:24:02.669+07:00  INFO 19148 --- [AFK3] [Test worker] i.a.u.c.a.a.service.ListingServiceImpl   : listing eb558e9f-1c39-460e-8860-71af6af63bd6 saved SUCCESS
2024-05-20T09:24:02.674+07:00  INFO 19148 --- [AFK3] [Test worker] i.a.u.c.a.a.service.ListingServiceImpl   : hitting url nulluser/get-role
2024-05-20T09:24:02.676+07:00  INFO 19148 --- [AFK3] [Test worker] i.a.u.c.a.a.service.ListingServiceImpl   : listing 00558e9f-1c39-460e-8860-71af6af63bc7 saved SUCCESS
2024-05-20T09:24:02.678+07:00  INFO 19148 --- [AFK3] [Test worker] i.a.u.c.a.a.service.ListingServiceImpl   : Delete listing by id 00558e9f-1c39-460e-8860-71af6af63bc7 SUCCESSFUL
2024-05-20T09:24:02.689+07:00  INFO 19148 --- [AFK3] [Test worker] t.c.s.AnnotationConfigContextLoaderUtils : Could not detect default configuration classes for test class [id.ac.ui.cs.advprog.afk3.Service.OrderServiceTest]: OrderServiceTest does not declare any static, non-private, non-final, nested classes annotated with @Configuration.
2024-05-20T09:24:02.694+07:00  INFO 19148 --- [AFK3] [Test worker] .b.t.c.SpringBootTestContextBootstrapper : Found @SpringBootConfiguration id.ac.ui.cs.advprog.afk3.Afk3Application for test class id.ac.ui.cs.advprog.afk3.Service.OrderServiceTest
2024-05-20T09:24:02.715+07:00  INFO 19148 --- [AFK3] [Test worker] i.a.u.c.a.afk3.service.OrderServiceImpl  : orders deleted by with listing eb558e9f-1c39-460e-8860-71af6af63bd6
2024-05-20T09:24:02.757+07:00  INFO 19148 --- [AFK3] [Test worker] i.a.u.c.a.afk3.service.OrderServiceImpl  : order 82c65318-f2c6-486b-baa1-289206058955 found
2024-05-20T09:24:02.758+07:00 ERROR 19148 --- [AFK3] [Test worker] i.a.u.c.a.afk3.service.OrderServiceImpl  : order FAILED to be updated
2024-05-20T09:24:02.783+07:00  INFO 19148 --- [AFK3] [Test worker] i.a.u.c.a.afk3.service.OrderServiceImpl  : orders found by safira sudarajat
2024-05-20T09:24:02.802+07:00 ERROR 19148 --- [AFK3] [Test worker] i.a.u.c.a.afk3.service.OrderServiceImpl  : listing eb558e9f-1c39-460e-8860-71af6af63bd6 out of stock
2024-05-20T09:24:02.851+07:00  INFO 19148 --- [AFK3] [Test worker] i.a.u.c.a.afk3.service.OrderServiceImpl  : order 5437cbff-bb10-451b-8b8a-e5e1160648fb found
2024-05-20T09:24:02.852+07:00  INFO 19148 --- [AFK3] [Test worker] i.a.u.c.a.afk3.service.OrderServiceImpl  : order 5437cbff-bb10-451b-8b8a-e5e1160648fb placed successful
2024-05-20T09:24:02.882+07:00  INFO 19148 --- [AFK3] [Test worker] i.a.u.c.a.afk3.service.OrderServiceImpl  : orders found by Safira Sudarajat
2024-05-20T09:24:02.897+07:00  INFO 19148 --- [AFK3] [Test worker] i.a.u.c.a.afk3.service.OrderServiceImpl  : order 2d4dd283-22d8-4117-8ae8-f7584f400f2a placed successful
2024-05-20T09:24:02.963+07:00  INFO 19148 --- [AFK3] [Test worker] i.a.u.c.a.afk3.service.OrderServiceImpl  : order c04f0798-6601-40d7-8092-1813855189dd found
2024-05-20T09:24:02.981+07:00  INFO 19148 --- [AFK3] [Test worker] i.a.u.c.a.afk3.service.OrderServiceImpl  : order b7b05831-d058-405d-b603-92ee1670387f placed successful
2024-05-20T09:24:02.996+07:00  INFO 19148 --- [AFK3] [Test worker] i.a.u.c.a.afk3.service.OrderServiceImpl  : order cd60d5a5-7b36-4e1b-8878-23937605e112 found
2024-05-20T09:24:03.016+07:00  INFO 19148 --- [AFK3] [Test worker] t.c.s.AnnotationConfigContextLoaderUtils : Could not detect default configuration classes for test class [id.ac.ui.cs.advprog.afk3.controller.ListingControllerTest]: ListingControllerTest does not declare any static, non-private, non-final, nested classes annotated with @Configuration.
2024-05-20T09:24:03.092+07:00  INFO 19148 --- [AFK3] [Test worker] .b.t.c.SpringBootTestContextBootstrapper : Found @SpringBootConfiguration id.ac.ui.cs.advprog.afk3.Afk3Application for test class id.ac.ui.cs.advprog.afk3.controller.ListingControllerTest
2024-05-20T09:24:03.154+07:00  INFO 19148 --- [AFK3] [Test worker] i.a.u.c.a.a.c.ListingControllerTest      : Starting ListingControllerTest using Java 21.0.2 with PID 19148 (started by Jim in C:\Users\Jim\IdeaProjects\AFK3)
2024-05-20T09:24:03.155+07:00  INFO 19148 --- [AFK3] [Test worker] i.a.u.c.a.a.c.ListingControllerTest      : The following 1 profile is active: "test"
2024-05-20T09:24:03.783+07:00  INFO 19148 --- [AFK3] [Test worker] o.s.b.t.m.w.SpringBootMockServletContext : Initializing Spring TestDispatcherServlet ''
2024-05-20T09:24:03.784+07:00  INFO 19148 --- [AFK3] [Test worker] o.s.t.web.servlet.TestDispatcherServlet  : Initializing Servlet ''
2024-05-20T09:24:03.786+07:00  INFO 19148 --- [AFK3] [Test worker] o.s.t.web.servlet.TestDispatcherServlet  : Completed initialization in 2 ms
2024-05-20T09:24:03.801+07:00  INFO 19148 --- [AFK3] [Test worker] i.a.u.c.a.a.c.ListingControllerTest      : Started ListingControllerTest in 0.703 seconds (process running for 21.54)
2024-05-20T09:24:03.963+07:00  INFO 19148 --- [AFK3] [Test worker] i.a.u.c.a.a.c.ListingController          : get by seller hitted
2024-05-20T09:24:03.964+07:00  INFO 19148 --- [AFK3] [Test worker] i.a.u.c.a.a.c.ListingController          : returning successfull
2024-05-20T09:24:05.571+07:00  INFO 19148 --- [AFK3] [Test worker] t.c.s.AnnotationConfigContextLoaderUtils : Could not detect default configuration classes for test class [id.ac.ui.cs.advprog.afk3.controller.OrderControllerTest]: OrderControllerTest does not declare any static, non-private, non-final, nested classes annotated with @Configuration.
2024-05-20T09:24:05.588+07:00  INFO 19148 --- [AFK3] [Test worker] .b.t.c.SpringBootTestContextBootstrapper : Found @SpringBootConfiguration id.ac.ui.cs.advprog.afk3.Afk3Application for test class id.ac.ui.cs.advprog.afk3.controller.OrderControllerTest
2024-05-20T09:24:05.641+07:00  INFO 19148 --- [AFK3] [Test worker] i.a.u.c.a.a.c.OrderControllerTest        : Starting OrderControllerTest using Java 21.0.2 with PID 19148 (started by Jim in C:\Users\Jim\IdeaProjects\AFK3)
2024-05-20T09:24:05.641+07:00  INFO 19148 --- [AFK3] [Test worker] i.a.u.c.a.a.c.OrderControllerTest        : The following 1 profile is active: "test"
2024-05-20T09:24:06.081+07:00  INFO 19148 --- [AFK3] [Test worker] o.s.b.t.m.w.SpringBootMockServletContext : Initializing Spring TestDispatcherServlet ''
2024-05-20T09:24:06.082+07:00  INFO 19148 --- [AFK3] [Test worker] o.s.t.web.servlet.TestDispatcherServlet  : Initializing Servlet ''
2024-05-20T09:24:06.083+07:00  INFO 19148 --- [AFK3] [Test worker] o.s.t.web.servlet.TestDispatcherServlet  : Completed initialization in 1 ms
2024-05-20T09:24:06.093+07:00  INFO 19148 --- [AFK3] [Test worker] i.a.u.c.a.a.c.OrderControllerTest        : Started OrderControllerTest in 0.499 seconds (process running for 23.833)
2024-05-20T09:24:06.238+07:00  INFO 19148 --- [AFK3] [Test worker] t.c.s.AnnotationConfigContextLoaderUtils : Could not detect default configuration classes for test class [id.ac.ui.cs.advprog.afk3.model.ListingTest]: ListingTest does not declare any static, non-private, non-final, nested classes annotated with @Configuration.
2024-05-20T09:24:06.253+07:00  INFO 19148 --- [AFK3] [Test worker] .b.t.c.SpringBootTestContextBootstrapper : Found @SpringBootConfiguration id.ac.ui.cs.advprog.afk3.Afk3Application for test class id.ac.ui.cs.advprog.afk3.model.ListingTest
2024-05-20T09:24:06.328+07:00  INFO 19148 --- [AFK3] [Test worker] t.c.s.AnnotationConfigContextLoaderUtils : Could not detect default configuration classes for test class [id.ac.ui.cs.advprog.afk3.model.OrderTest]: OrderTest does not declare any static, non-private, non-final, nested classes annotated with @Configuration.
2024-05-20T09:24:06.330+07:00  INFO 19148 --- [AFK3] [Test worker] .b.t.c.SpringBootTestContextBootstrapper : Found @SpringBootConfiguration id.ac.ui.cs.advprog.afk3.Afk3Application for test class id.ac.ui.cs.advprog.afk3.model.OrderTest
2024-05-20T09:24:06.440+07:00  INFO 19148 --- [AFK3] [SpringApplicationShutdownHook] j.LocalContainerEntityManagerFactoryBean : Closing JPA EntityManagerFactory for persistence unit 'default'
2024-05-20T09:24:06.445+07:00  INFO 19148 --- [AFK3] [SpringApplicationShutdownHook] com.zaxxer.hikari.HikariDataSource       : HikariPool-1 - Shutdown initiated...
2024-05-20T09:24:06.450+07:00  INFO 19148 --- [AFK3] [SpringApplicationShutdownHook] com.zaxxer.hikari.HikariDataSource       : HikariPool-1 - Shutdown completed.
2024-05-20T09:24:06.455+07:00  INFO 19148 --- [AFK3] [SpringApplicationShutdownHook] j.LocalContainerEntityManagerFactoryBean : Closing JPA EntityManagerFactory for persistence unit 'default'
2024-05-20T09:24:06.457+07:00  INFO 19148 --- [AFK3] [SpringApplicationShutdownHook] com.zaxxer.hikari.HikariDataSource       : HikariPool-2 - Shutdown initiated...
2024-05-20T09:24:06.459+07:00  INFO 19148 --- [AFK3] [SpringApplicationShutdownHook] com.zaxxer.hikari.HikariDataSource       : HikariPool-2 - Shutdown completed.
2024-05-20T09:42:44.806+07:00  INFO 16100 --- [AFK3] [Test worker] i.a.u.c.a.afk3.Afk3ApplicationTests      : Starting Afk3ApplicationTests using Java 21.0.2 with PID 16100 (started by Jim in C:\Users\Jim\IdeaProjects\AFK3)
2024-05-20T09:42:44.808+07:00  INFO 16100 --- [AFK3] [Test worker] i.a.u.c.a.afk3.Afk3ApplicationTests      : The following 1 profile is active: "test"
2024-05-20T09:42:46.243+07:00  INFO 16100 --- [AFK3] [Test worker] .s.d.r.c.RepositoryConfigurationDelegate : Bootstrapping Spring Data JPA repositories in DEFAULT mode.
2024-05-20T09:42:46.334+07:00  INFO 16100 --- [AFK3] [Test worker] .s.d.r.c.RepositoryConfigurationDelegate : Finished Spring Data repository scanning in 75 ms. Found 2 JPA repository interfaces.
2024-05-20T09:42:47.821+07:00  INFO 16100 --- [AFK3] [Test worker] o.hibernate.jpa.internal.util.LogHelper  : HHH000204: Processing PersistenceUnitInfo [name: default]
2024-05-20T09:42:48.008+07:00  INFO 16100 --- [AFK3] [Test worker] org.hibernate.Version                    : HHH000412: Hibernate ORM core version 6.4.4.Final
2024-05-20T09:42:48.133+07:00  INFO 16100 --- [AFK3] [Test worker] o.h.c.internal.RegionFactoryInitiator    : HHH000026: Second-level cache disabled
2024-05-20T09:42:48.971+07:00  INFO 16100 --- [AFK3] [Test worker] o.s.o.j.p.SpringPersistenceUnitInfo      : No LoadTimeWeaver setup: ignoring JPA class transformer
2024-05-20T09:42:49.037+07:00  INFO 16100 --- [AFK3] [Test worker] com.zaxxer.hikari.HikariDataSource       : HikariPool-1 - Starting...
2024-05-20T09:42:49.555+07:00  INFO 16100 --- [AFK3] [Test worker] com.zaxxer.hikari.pool.HikariPool        : HikariPool-1 - Added connection conn0: url=jdbc:h2:mem:testdb user=SA
2024-05-20T09:42:49.558+07:00  INFO 16100 --- [AFK3] [Test worker] com.zaxxer.hikari.HikariDataSource       : HikariPool-1 - Start completed.
2024-05-20T09:42:49.622+07:00  WARN 16100 --- [AFK3] [Test worker] org.hibernate.orm.deprecation            : HHH90000025: H2Dialect does not need to be specified explicitly using 'hibernate.dialect' (remove the property setting and it will be selected by default)
2024-05-20T09:42:51.750+07:00  INFO 16100 --- [AFK3] [Test worker] o.h.e.t.j.p.i.JtaPlatformInitiator       : HHH000489: No JTA platform available (set 'hibernate.transaction.jta.platform' to enable JTA platform integration)
2024-05-20T09:42:51.924+07:00  INFO 16100 --- [AFK3] [Test worker] j.LocalContainerEntityManagerFactoryBean : Initialized JPA EntityManagerFactory for persistence unit 'default'
2024-05-20T09:42:53.852+07:00  WARN 16100 --- [AFK3] [Test worker] JpaBaseConfiguration$JpaWebConfiguration : spring.jpa.open-in-view is enabled by default. Therefore, database queries may be performed during view rendering. Explicitly configure spring.jpa.open-in-view to disable this warning
2024-05-20T09:42:55.607+07:00  INFO 16100 --- [AFK3] [Test worker] o.s.b.a.e.web.EndpointLinksResolver      : Exposing 0 endpoint(s) beneath base path '/actuator'
2024-05-20T09:42:55.752+07:00  INFO 16100 --- [AFK3] [Test worker] i.a.u.c.a.afk3.Afk3ApplicationTests      : Started Afk3ApplicationTests in 11.502 seconds (process running for 14.114)
2024-05-20T09:42:56.903+07:00  INFO 16100 --- [AFK3] [Test worker] t.c.s.AnnotationConfigContextLoaderUtils : Could not detect default configuration classes for test class [id.ac.ui.cs.advprog.afk3.Enum.OrderStatusTest]: OrderStatusTest does not declare any static, non-private, non-final, nested classes annotated with @Configuration.
2024-05-20T09:42:56.924+07:00  INFO 16100 --- [AFK3] [Test worker] .b.t.c.SpringBootTestContextBootstrapper : Found @SpringBootConfiguration id.ac.ui.cs.advprog.afk3.Afk3Application for test class id.ac.ui.cs.advprog.afk3.Enum.OrderStatusTest
2024-05-20T09:42:57.095+07:00  INFO 16100 --- [AFK3] [Test worker] t.c.s.AnnotationConfigContextLoaderUtils : Could not detect default configuration classes for test class [id.ac.ui.cs.advprog.afk3.Enum.UserTypeTest]: UserTypeTest does not declare any static, non-private, non-final, nested classes annotated with @Configuration.
2024-05-20T09:42:57.104+07:00  INFO 16100 --- [AFK3] [Test worker] .b.t.c.SpringBootTestContextBootstrapper : Found @SpringBootConfiguration id.ac.ui.cs.advprog.afk3.Afk3Application for test class id.ac.ui.cs.advprog.afk3.Enum.UserTypeTest
2024-05-20T09:42:57.319+07:00  INFO 16100 --- [AFK3] [Test worker] t.c.s.AnnotationConfigContextLoaderUtils : Could not detect default configuration classes for test class [id.ac.ui.cs.advprog.afk3.Service.ListingServiceTest]: ListingServiceTest does not declare any static, non-private, non-final, nested classes annotated with @Configuration.
2024-05-20T09:42:57.341+07:00  INFO 16100 --- [AFK3] [Test worker] .b.t.c.SpringBootTestContextBootstrapper : Found @SpringBootConfiguration id.ac.ui.cs.advprog.afk3.Afk3Application for test class id.ac.ui.cs.advprog.afk3.Service.ListingServiceTest
2024-05-20T09:42:57.470+07:00  INFO 16100 --- [AFK3] [Test worker] i.a.u.c.a.a.Service.ListingServiceTest   : Starting ListingServiceTest using Java 21.0.2 with PID 16100 (started by Jim in C:\Users\Jim\IdeaProjects\AFK3)
2024-05-20T09:42:57.471+07:00  INFO 16100 --- [AFK3] [Test worker] i.a.u.c.a.a.Service.ListingServiceTest   : The following 1 profile is active: "test"
2024-05-20T09:42:58.000+07:00  INFO 16100 --- [AFK3] [Test worker] .s.d.r.c.RepositoryConfigurationDelegate : Bootstrapping Spring Data JPA repositories in DEFAULT mode.
2024-05-20T09:42:58.022+07:00  INFO 16100 --- [AFK3] [Test worker] .s.d.r.c.RepositoryConfigurationDelegate : Finished Spring Data repository scanning in 21 ms. Found 2 JPA repository interfaces.
2024-05-20T09:42:59.637+07:00  INFO 16100 --- [AFK3] [Test worker] o.hibernate.jpa.internal.util.LogHelper  : HHH000204: Processing PersistenceUnitInfo [name: default]
2024-05-20T09:42:59.658+07:00  INFO 16100 --- [AFK3] [Test worker] o.h.c.internal.RegionFactoryInitiator    : HHH000026: Second-level cache disabled
2024-05-20T09:42:59.688+07:00  INFO 16100 --- [AFK3] [Test worker] o.s.o.j.p.SpringPersistenceUnitInfo      : No LoadTimeWeaver setup: ignoring JPA class transformer
2024-05-20T09:42:59.696+07:00  INFO 16100 --- [AFK3] [Test worker] com.zaxxer.hikari.HikariDataSource       : HikariPool-2 - Starting...
2024-05-20T09:42:59.701+07:00  INFO 16100 --- [AFK3] [Test worker] com.zaxxer.hikari.pool.HikariPool        : HikariPool-2 - Added connection conn10: url=jdbc:h2:mem:testdb user=SA
2024-05-20T09:42:59.701+07:00  INFO 16100 --- [AFK3] [Test worker] com.zaxxer.hikari.HikariDataSource       : HikariPool-2 - Start completed.
2024-05-20T09:42:59.703+07:00  WARN 16100 --- [AFK3] [Test worker] org.hibernate.orm.deprecation            : HHH90000025: H2Dialect does not need to be specified explicitly using 'hibernate.dialect' (remove the property setting and it will be selected by default)
2024-05-20T09:42:59.917+07:00  INFO 16100 --- [AFK3] [Test worker] o.h.e.t.j.p.i.JtaPlatformInitiator       : HHH000489: No JTA platform available (set 'hibernate.transaction.jta.platform' to enable JTA platform integration)
2024-05-20T09:42:59.968+07:00  INFO 16100 --- [AFK3] [Test worker] j.LocalContainerEntityManagerFactoryBean : Initialized JPA EntityManagerFactory for persistence unit 'default'
2024-05-20T09:43:00.505+07:00  WARN 16100 --- [AFK3] [Test worker] JpaBaseConfiguration$JpaWebConfiguration : spring.jpa.open-in-view is enabled by default. Therefore, database queries may be performed during view rendering. Explicitly configure spring.jpa.open-in-view to disable this warning
2024-05-20T09:43:02.445+07:00  INFO 16100 --- [AFK3] [Test worker] o.s.b.a.e.web.EndpointLinksResolver      : Exposing 0 endpoint(s) beneath base path '/actuator'
2024-05-20T09:43:02.553+07:00  INFO 16100 --- [AFK3] [Test worker] i.a.u.c.a.a.Service.ListingServiceTest   : Started ListingServiceTest in 5.177 seconds (process running for 20.915)
2024-05-20T09:43:03.511+07:00  INFO 16100 --- [AFK3] [Test worker] i.a.u.c.a.a.service.ListingServiceImpl   : hitting url nulluser/get-role
2024-05-20T09:43:03.517+07:00  INFO 16100 --- [AFK3] [Test worker] i.a.u.c.a.a.service.ListingServiceImpl   : listing eb558e9f-1c39-460e-8860-71af6af63bd6 saved SUCCESS
2024-05-20T09:43:03.522+07:00  INFO 16100 --- [AFK3] [Test worker] i.a.u.c.a.a.service.ListingServiceImpl   : hitting url nulluser/get-role
2024-05-20T09:43:03.525+07:00  INFO 16100 --- [AFK3] [Test worker] i.a.u.c.a.a.service.ListingServiceImpl   : listing 00558e9f-1c39-460e-8860-71af6af63bc7 saved SUCCESS
2024-05-20T09:43:03.533+07:00  INFO 16100 --- [AFK3] [Test worker] i.a.u.c.a.a.service.ListingServiceImpl   : hitting url nulluser/get-role
2024-05-20T09:43:03.535+07:00  INFO 16100 --- [AFK3] [Test worker] i.a.u.c.a.a.service.ListingServiceImpl   : Update listing by id 00558e9f-1c39-460e-8860-71af6af63bc7 SUCCESSFUL
2024-05-20T09:43:03.557+07:00  INFO 16100 --- [AFK3] [Test worker] i.a.u.c.a.a.service.ListingServiceImpl   : Find listings by id 00558e9f-1c39-460e-8860-71af6af63bc7 SUCCESSFUL
2024-05-20T09:43:03.584+07:00  INFO 16100 --- [AFK3] [Test worker] i.a.u.c.a.a.service.ListingServiceImpl   : hitting url nulluser/get-role
2024-05-20T09:43:03.587+07:00  INFO 16100 --- [AFK3] [Test worker] i.a.u.c.a.a.service.ListingServiceImpl   : listing eb558e9f-1c39-460e-8860-71af6af63bd6 saved SUCCESS
2024-05-20T09:43:03.588+07:00 ERROR 16100 --- [AFK3] [Test worker] i.a.u.c.a.a.service.ListingServiceImpl   : Find listings by username FAILED, INVALID Token
2024-05-20T09:43:03.616+07:00  INFO 16100 --- [AFK3] [Test worker] i.a.u.c.a.a.service.ListingServiceImpl   : hitting url nulluser/get-role
2024-05-20T09:43:03.619+07:00  INFO 16100 --- [AFK3] [Test worker] i.a.u.c.a.a.service.ListingServiceImpl   : listing eb558e9f-1c39-460e-8860-71af6af63bd6 saved SUCCESS
2024-05-20T09:43:03.623+07:00  INFO 16100 --- [AFK3] [Test worker] i.a.u.c.a.a.service.ListingServiceImpl   : hitting url nulluser/get-role
2024-05-20T09:43:03.626+07:00  INFO 16100 --- [AFK3] [Test worker] i.a.u.c.a.a.service.ListingServiceImpl   : listing 00558e9f-1c39-460e-8860-71af6af63bc7 saved SUCCESS
2024-05-20T09:43:03.660+07:00  INFO 16100 --- [AFK3] [Test worker] i.a.u.c.a.a.service.ListingServiceImpl   : hitting url nulluser/get-role
2024-05-20T09:43:03.663+07:00  INFO 16100 --- [AFK3] [Test worker] i.a.u.c.a.a.service.ListingServiceImpl   : listing eb558e9f-1c39-460e-8860-71af6af63bd6 saved SUCCESS
2024-05-20T09:43:03.670+07:00  INFO 16100 --- [AFK3] [Test worker] i.a.u.c.a.a.service.ListingServiceImpl   : hitting url nulluser/get-role
2024-05-20T09:43:03.672+07:00  INFO 16100 --- [AFK3] [Test worker] i.a.u.c.a.a.service.ListingServiceImpl   : listing 12345678-1111-1111-1111-111111111111 saved SUCCESS
2024-05-20T09:43:03.703+07:00  INFO 16100 --- [AFK3] [Test worker] i.a.u.c.a.a.service.ListingServiceImpl   : hitting url nulluser/get-role
2024-05-20T09:43:03.705+07:00  INFO 16100 --- [AFK3] [Test worker] i.a.u.c.a.a.service.ListingServiceImpl   : listing eb558e9f-1c39-460e-8860-71af6af63bd6 saved SUCCESS
2024-05-20T09:43:03.709+07:00  INFO 16100 --- [AFK3] [Test worker] i.a.u.c.a.a.service.ListingServiceImpl   : hitting url nulluser/get-role
2024-05-20T09:43:03.711+07:00  INFO 16100 --- [AFK3] [Test worker] i.a.u.c.a.a.service.ListingServiceImpl   : listing 12345678-1111-1111-1111-111111111100 saved SUCCESS
2024-05-20T09:43:03.734+07:00  INFO 16100 --- [AFK3] [Test worker] i.a.u.c.a.a.service.ListingServiceImpl   : hitting url nulluser/get-role
2024-05-20T09:43:03.736+07:00  INFO 16100 --- [AFK3] [Test worker] i.a.u.c.a.a.service.ListingServiceImpl   : listing eb558e9f-1c39-460e-8860-71af6af63bd6 saved SUCCESS
2024-05-20T09:43:03.739+07:00  INFO 16100 --- [AFK3] [Test worker] i.a.u.c.a.a.service.ListingServiceImpl   : Find listings by username user SUCCESSFUL
2024-05-20T09:43:03.760+07:00  INFO 16100 --- [AFK3] [Test worker] i.a.u.c.a.a.service.ListingServiceImpl   : hitting url nulluser/get-role
2024-05-20T09:43:03.764+07:00  INFO 16100 --- [AFK3] [Test worker] i.a.u.c.a.a.service.ListingServiceImpl   : listing eb558e9f-1c39-460e-8860-71af6af63bd6 saved SUCCESS
2024-05-20T09:43:03.769+07:00  INFO 16100 --- [AFK3] [Test worker] i.a.u.c.a.a.service.ListingServiceImpl   : hitting url nulluser/get-role
2024-05-20T09:43:03.772+07:00  INFO 16100 --- [AFK3] [Test worker] i.a.u.c.a.a.service.ListingServiceImpl   : listing 00558e9f-1c39-460e-8860-71af6af63bc7 saved SUCCESS
2024-05-20T09:43:03.773+07:00  INFO 16100 --- [AFK3] [Test worker] i.a.u.c.a.a.service.ListingServiceImpl   : Find listings by id 00558e9f-1c39-460e-8860-71af6af63bc7 SUCCESSFUL
2024-05-20T09:43:03.795+07:00  INFO 16100 --- [AFK3] [Test worker] i.a.u.c.a.a.service.ListingServiceImpl   : hitting url nulluser/get-role
2024-05-20T09:43:03.800+07:00  INFO 16100 --- [AFK3] [Test worker] i.a.u.c.a.a.service.ListingServiceImpl   : listing eb558e9f-1c39-460e-8860-71af6af63bd6 saved SUCCESS
2024-05-20T09:43:03.802+07:00 ERROR 16100 --- [AFK3] [Test worker] i.a.u.c.a.a.service.ListingServiceImpl   : Find listings by id 00558e9f-1c39-460e-8860-71af6af63bc8 FAILED, id not found
2024-05-20T09:43:03.822+07:00  INFO 16100 --- [AFK3] [Test worker] i.a.u.c.a.a.service.ListingServiceImpl   : hitting url nulluser/get-role
2024-05-20T09:43:03.825+07:00  INFO 16100 --- [AFK3] [Test worker] i.a.u.c.a.a.service.ListingServiceImpl   : listing eb558e9f-1c39-460e-8860-71af6af63bd6 saved SUCCESS
2024-05-20T09:43:03.830+07:00  INFO 16100 --- [AFK3] [Test worker] i.a.u.c.a.a.service.ListingServiceImpl   : hitting url nulluser/get-role
2024-05-20T09:43:03.835+07:00  INFO 16100 --- [AFK3] [Test worker] i.a.u.c.a.a.service.ListingServiceImpl   : listing 00558e9f-1c39-460e-8860-71af6af63bc7 saved SUCCESS
2024-05-20T09:43:03.868+07:00  INFO 16100 --- [AFK3] [Test worker] i.a.u.c.a.a.service.ListingServiceImpl   : hitting url nulluser/get-role
2024-05-20T09:43:03.870+07:00  INFO 16100 --- [AFK3] [Test worker] i.a.u.c.a.a.service.ListingServiceImpl   : listing eb558e9f-1c39-460e-8860-71af6af63bd6 saved SUCCESS
2024-05-20T09:43:03.872+07:00 ERROR 16100 --- [AFK3] [Test worker] i.a.u.c.a.a.service.ListingServiceImpl   : Delete listing by id id FAILED
2024-05-20T09:43:03.891+07:00  INFO 16100 --- [AFK3] [Test worker] i.a.u.c.a.a.service.ListingServiceImpl   : hitting url nulluser/get-role
2024-05-20T09:43:03.892+07:00  INFO 16100 --- [AFK3] [Test worker] i.a.u.c.a.a.service.ListingServiceImpl   : listing eb558e9f-1c39-460e-8860-71af6af63bd6 saved SUCCESS
2024-05-20T09:43:03.897+07:00  INFO 16100 --- [AFK3] [Test worker] i.a.u.c.a.a.service.ListingServiceImpl   : hitting url nulluser/get-role
2024-05-20T09:43:03.902+07:00  INFO 16100 --- [AFK3] [Test worker] i.a.u.c.a.a.service.ListingServiceImpl   : listing 00558e9f-1c39-460e-8860-71af6af63bc7 saved SUCCESS
2024-05-20T09:43:03.902+07:00  INFO 16100 --- [AFK3] [Test worker] i.a.u.c.a.a.service.ListingServiceImpl   : hitting url nulluser/get-role
2024-05-20T09:43:03.903+07:00 ERROR 16100 --- [AFK3] [Test worker] i.a.u.c.a.a.service.ListingServiceImpl   : Update listing by id 00558e9f-1c39-460e-8860-71af6af63bc7 FAILED
2024-05-20T09:43:03.904+07:00  INFO 16100 --- [AFK3] [Test worker] i.a.u.c.a.a.service.ListingServiceImpl   : Find listings by id 00558e9f-1c39-460e-8860-71af6af63bc7 SUCCESSFUL
2024-05-20T09:43:03.921+07:00  INFO 16100 --- [AFK3] [Test worker] i.a.u.c.a.a.service.ListingServiceImpl   : hitting url nulluser/get-role
2024-05-20T09:43:03.924+07:00  INFO 16100 --- [AFK3] [Test worker] i.a.u.c.a.a.service.ListingServiceImpl   : listing eb558e9f-1c39-460e-8860-71af6af63bd6 saved SUCCESS
2024-05-20T09:43:03.928+07:00  INFO 16100 --- [AFK3] [Test worker] i.a.u.c.a.a.service.ListingServiceImpl   : hitting url nulluser/get-role
2024-05-20T09:43:03.930+07:00  INFO 16100 --- [AFK3] [Test worker] i.a.u.c.a.a.service.ListingServiceImpl   : listing 12345678-1111-1111-1111-111111111111 saved FAILED
2024-05-20T09:43:03.952+07:00  INFO 16100 --- [AFK3] [Test worker] i.a.u.c.a.a.service.ListingServiceImpl   : hitting url nulluser/get-role
2024-05-20T09:43:03.953+07:00  INFO 16100 --- [AFK3] [Test worker] i.a.u.c.a.a.service.ListingServiceImpl   : listing eb558e9f-1c39-460e-8860-71af6af63bd6 saved SUCCESS
2024-05-20T09:43:03.957+07:00  INFO 16100 --- [AFK3] [Test worker] i.a.u.c.a.a.service.ListingServiceImpl   : hitting url nulluser/get-role
2024-05-20T09:43:03.959+07:00  INFO 16100 --- [AFK3] [Test worker] i.a.u.c.a.a.service.ListingServiceImpl   : listing 12345678-1111-1111-1111-111111111111 saved SUCCESS
2024-05-20T09:43:03.981+07:00  INFO 16100 --- [AFK3] [Test worker] i.a.u.c.a.a.service.ListingServiceImpl   : hitting url nulluser/get-role
2024-05-20T09:43:03.983+07:00  INFO 16100 --- [AFK3] [Test worker] i.a.u.c.a.a.service.ListingServiceImpl   : listing eb558e9f-1c39-460e-8860-71af6af63bd6 saved SUCCESS
2024-05-20T09:43:03.986+07:00  INFO 16100 --- [AFK3] [Test worker] i.a.u.c.a.a.service.ListingServiceImpl   : hitting url nulluser/get-role
2024-05-20T09:43:03.987+07:00  INFO 16100 --- [AFK3] [Test worker] i.a.u.c.a.a.service.ListingServiceImpl   : listing 12345678-1111-1111-1111-111111111111 saved FAILED
2024-05-20T09:43:04.011+07:00  INFO 16100 --- [AFK3] [Test worker] i.a.u.c.a.a.service.ListingServiceImpl   : hitting url nulluser/get-role
2024-05-20T09:43:04.013+07:00  INFO 16100 --- [AFK3] [Test worker] i.a.u.c.a.a.service.ListingServiceImpl   : listing eb558e9f-1c39-460e-8860-71af6af63bd6 saved SUCCESS
2024-05-20T09:43:04.017+07:00  INFO 16100 --- [AFK3] [Test worker] i.a.u.c.a.a.service.ListingServiceImpl   : hitting url nulluser/get-role
2024-05-20T09:43:04.018+07:00  INFO 16100 --- [AFK3] [Test worker] i.a.u.c.a.a.service.ListingServiceImpl   : listing 00558e9f-1c39-460e-8860-71af6af63bc7 saved SUCCESS
2024-05-20T09:43:04.019+07:00 ERROR 16100 --- [AFK3] [Test worker] i.a.u.c.a.a.service.ListingServiceImpl   : Delete listing by id 00558e9f-1c39-460e-8860-71af6af63bc7 FAILED
2024-05-20T09:43:04.042+07:00  INFO 16100 --- [AFK3] [Test worker] i.a.u.c.a.a.service.ListingServiceImpl   : hitting url nulluser/get-role
2024-05-20T09:43:04.044+07:00  INFO 16100 --- [AFK3] [Test worker] i.a.u.c.a.a.service.ListingServiceImpl   : listing eb558e9f-1c39-460e-8860-71af6af63bd6 saved SUCCESS
2024-05-20T09:43:04.048+07:00  INFO 16100 --- [AFK3] [Test worker] i.a.u.c.a.a.service.ListingServiceImpl   : hitting url nulluser/get-role
2024-05-20T09:43:04.050+07:00  INFO 16100 --- [AFK3] [Test worker] i.a.u.c.a.a.service.ListingServiceImpl   : listing 00558e9f-1c39-460e-8860-71af6af63bc7 saved SUCCESS
2024-05-20T09:43:04.051+07:00 ERROR 16100 --- [AFK3] [Test worker] i.a.u.c.a.a.service.ListingServiceImpl   : FindAll listing not allowed
2024-05-20T09:43:04.072+07:00  INFO 16100 --- [AFK3] [Test worker] i.a.u.c.a.a.service.ListingServiceImpl   : hitting url nulluser/get-role
2024-05-20T09:43:04.074+07:00  INFO 16100 --- [AFK3] [Test worker] i.a.u.c.a.a.service.ListingServiceImpl   : listing eb558e9f-1c39-460e-8860-71af6af63bd6 saved SUCCESS
2024-05-20T09:43:04.076+07:00  INFO 16100 --- [AFK3] [Test worker] i.a.u.c.a.a.service.ListingServiceImpl   : hitting url nulluser/get-role
2024-05-20T09:43:04.078+07:00  INFO 16100 --- [AFK3] [Test worker] i.a.u.c.a.a.service.ListingServiceImpl   : listing 00558e9f-1c39-460e-8860-71af6af63bc7 saved SUCCESS
2024-05-20T09:43:04.080+07:00 ERROR 16100 --- [AFK3] [Test worker] i.a.u.c.a.a.service.ListingServiceImpl   : Delete listing by id 00558e9f-1c39-460e-8860-71af6af63bc7 FAILED
2024-05-20T09:43:04.100+07:00  INFO 16100 --- [AFK3] [Test worker] i.a.u.c.a.a.service.ListingServiceImpl   : hitting url nulluser/get-role
2024-05-20T09:43:04.101+07:00  INFO 16100 --- [AFK3] [Test worker] i.a.u.c.a.a.service.ListingServiceImpl   : listing eb558e9f-1c39-460e-8860-71af6af63bd6 saved SUCCESS
2024-05-20T09:43:04.104+07:00  INFO 16100 --- [AFK3] [Test worker] i.a.u.c.a.a.service.ListingServiceImpl   : hitting url nulluser/get-role
2024-05-20T09:43:04.106+07:00  INFO 16100 --- [AFK3] [Test worker] i.a.u.c.a.a.service.ListingServiceImpl   : listing 00558e9f-1c39-460e-8860-71af6af63bc7 saved SUCCESS
2024-05-20T09:43:04.106+07:00  INFO 16100 --- [AFK3] [Test worker] i.a.u.c.a.a.service.ListingServiceImpl   : Delete listing by id 00558e9f-1c39-460e-8860-71af6af63bc7 SUCCESSFUL
2024-05-20T09:43:04.121+07:00  INFO 16100 --- [AFK3] [Test worker] t.c.s.AnnotationConfigContextLoaderUtils : Could not detect default configuration classes for test class [id.ac.ui.cs.advprog.afk3.Service.OrderServiceTest]: OrderServiceTest does not declare any static, non-private, non-final, nested classes annotated with @Configuration.
2024-05-20T09:43:04.126+07:00  INFO 16100 --- [AFK3] [Test worker] .b.t.c.SpringBootTestContextBootstrapper : Found @SpringBootConfiguration id.ac.ui.cs.advprog.afk3.Afk3Application for test class id.ac.ui.cs.advprog.afk3.Service.OrderServiceTest
2024-05-20T09:43:04.151+07:00  INFO 16100 --- [AFK3] [Test worker] i.a.u.c.a.afk3.service.OrderServiceImpl  : orders deleted by with listing eb558e9f-1c39-460e-8860-71af6af63bd6
2024-05-20T09:43:04.209+07:00  INFO 16100 --- [AFK3] [Test worker] i.a.u.c.a.afk3.service.OrderServiceImpl  : order 1224d0ce-acad-4dc1-aee1-2c0115ae711b found
2024-05-20T09:43:04.209+07:00 ERROR 16100 --- [AFK3] [Test worker] i.a.u.c.a.afk3.service.OrderServiceImpl  : order FAILED to be updated
2024-05-20T09:43:04.234+07:00  INFO 16100 --- [AFK3] [Test worker] i.a.u.c.a.afk3.service.OrderServiceImpl  : orders found by safira sudarajat
2024-05-20T09:43:04.255+07:00 ERROR 16100 --- [AFK3] [Test worker] i.a.u.c.a.afk3.service.OrderServiceImpl  : listing eb558e9f-1c39-460e-8860-71af6af63bd6 out of stock
2024-05-20T09:43:04.313+07:00  INFO 16100 --- [AFK3] [Test worker] i.a.u.c.a.afk3.service.OrderServiceImpl  : order c463d85e-85ec-45dd-8314-b53a0e468bfa found
2024-05-20T09:43:04.314+07:00  INFO 16100 --- [AFK3] [Test worker] i.a.u.c.a.afk3.service.OrderServiceImpl  : order c463d85e-85ec-45dd-8314-b53a0e468bfa placed successful
2024-05-20T09:43:04.353+07:00  INFO 16100 --- [AFK3] [Test worker] i.a.u.c.a.afk3.service.OrderServiceImpl  : orders found by Safira Sudarajat
2024-05-20T09:43:04.373+07:00  INFO 16100 --- [AFK3] [Test worker] i.a.u.c.a.afk3.service.OrderServiceImpl  : order 4c5d10f2-a86c-45d2-8507-d74abf99318c placed successful
2024-05-20T09:43:04.452+07:00  INFO 16100 --- [AFK3] [Test worker] i.a.u.c.a.afk3.service.OrderServiceImpl  : order 9828f0f4-87a2-41ad-98da-21ecadc1de3b found
2024-05-20T09:43:04.472+07:00  INFO 16100 --- [AFK3] [Test worker] i.a.u.c.a.afk3.service.OrderServiceImpl  : order 8e3322eb-3ef4-4d6f-91b9-683f3d542e3a placed successful
2024-05-20T09:43:04.495+07:00  INFO 16100 --- [AFK3] [Test worker] i.a.u.c.a.afk3.service.OrderServiceImpl  : order cb808cb8-dcc9-44b2-9e65-08d27e9f1106 found
2024-05-20T09:43:04.517+07:00  INFO 16100 --- [AFK3] [Test worker] t.c.s.AnnotationConfigContextLoaderUtils : Could not detect default configuration classes for test class [id.ac.ui.cs.advprog.afk3.controller.ListingControllerTest]: ListingControllerTest does not declare any static, non-private, non-final, nested classes annotated with @Configuration.
2024-05-20T09:43:04.592+07:00  INFO 16100 --- [AFK3] [Test worker] .b.t.c.SpringBootTestContextBootstrapper : Found @SpringBootConfiguration id.ac.ui.cs.advprog.afk3.Afk3Application for test class id.ac.ui.cs.advprog.afk3.controller.ListingControllerTest
2024-05-20T09:43:04.670+07:00  INFO 16100 --- [AFK3] [Test worker] i.a.u.c.a.a.c.ListingControllerTest      : Starting ListingControllerTest using Java 21.0.2 with PID 16100 (started by Jim in C:\Users\Jim\IdeaProjects\AFK3)
2024-05-20T09:43:04.670+07:00  INFO 16100 --- [AFK3] [Test worker] i.a.u.c.a.a.c.ListingControllerTest      : The following 1 profile is active: "test"
2024-05-20T09:43:05.356+07:00  INFO 16100 --- [AFK3] [Test worker] o.s.b.t.m.w.SpringBootMockServletContext : Initializing Spring TestDispatcherServlet ''
2024-05-20T09:43:05.357+07:00  INFO 16100 --- [AFK3] [Test worker] o.s.t.web.servlet.TestDispatcherServlet  : Initializing Servlet ''
2024-05-20T09:43:05.359+07:00  INFO 16100 --- [AFK3] [Test worker] o.s.t.web.servlet.TestDispatcherServlet  : Completed initialization in 1 ms
2024-05-20T09:43:05.381+07:00  INFO 16100 --- [AFK3] [Test worker] i.a.u.c.a.a.c.ListingControllerTest      : Started ListingControllerTest in 0.782 seconds (process running for 23.744)
2024-05-20T09:43:05.623+07:00  INFO 16100 --- [AFK3] [Test worker] i.a.u.c.a.a.c.ListingController          : get by seller hitted
2024-05-20T09:43:05.625+07:00  INFO 16100 --- [AFK3] [Test worker] i.a.u.c.a.a.c.ListingController          : returning successfull
2024-05-20T09:43:07.342+07:00  INFO 16100 --- [AFK3] [Test worker] t.c.s.AnnotationConfigContextLoaderUtils : Could not detect default configuration classes for test class [id.ac.ui.cs.advprog.afk3.controller.OrderControllerTest]: OrderControllerTest does not declare any static, non-private, non-final, nested classes annotated with @Configuration.
2024-05-20T09:43:07.363+07:00  INFO 16100 --- [AFK3] [Test worker] .b.t.c.SpringBootTestContextBootstrapper : Found @SpringBootConfiguration id.ac.ui.cs.advprog.afk3.Afk3Application for test class id.ac.ui.cs.advprog.afk3.controller.OrderControllerTest
2024-05-20T09:43:07.421+07:00  INFO 16100 --- [AFK3] [Test worker] i.a.u.c.a.a.c.OrderControllerTest        : Starting OrderControllerTest using Java 21.0.2 with PID 16100 (started by Jim in C:\Users\Jim\IdeaProjects\AFK3)
2024-05-20T09:43:07.422+07:00  INFO 16100 --- [AFK3] [Test worker] i.a.u.c.a.a.c.OrderControllerTest        : The following 1 profile is active: "test"
2024-05-20T09:43:07.900+07:00  INFO 16100 --- [AFK3] [Test worker] o.s.b.t.m.w.SpringBootMockServletContext : Initializing Spring TestDispatcherServlet ''
2024-05-20T09:43:07.900+07:00  INFO 16100 --- [AFK3] [Test worker] o.s.t.web.servlet.TestDispatcherServlet  : Initializing Servlet ''
2024-05-20T09:43:07.901+07:00  INFO 16100 --- [AFK3] [Test worker] o.s.t.web.servlet.TestDispatcherServlet  : Completed initialization in 1 ms
2024-05-20T09:43:07.913+07:00  INFO 16100 --- [AFK3] [Test worker] i.a.u.c.a.a.c.OrderControllerTest        : Started OrderControllerTest in 0.542 seconds (process running for 26.274)
2024-05-20T09:43:08.088+07:00  INFO 16100 --- [AFK3] [Test worker] t.c.s.AnnotationConfigContextLoaderUtils : Could not detect default configuration classes for test class [id.ac.ui.cs.advprog.afk3.model.ListingTest]: ListingTest does not declare any static, non-private, non-final, nested classes annotated with @Configuration.
2024-05-20T09:43:08.103+07:00  INFO 16100 --- [AFK3] [Test worker] .b.t.c.SpringBootTestContextBootstrapper : Found @SpringBootConfiguration id.ac.ui.cs.advprog.afk3.Afk3Application for test class id.ac.ui.cs.advprog.afk3.model.ListingTest
2024-05-20T09:43:08.178+07:00  INFO 16100 --- [AFK3] [Test worker] t.c.s.AnnotationConfigContextLoaderUtils : Could not detect default configuration classes for test class [id.ac.ui.cs.advprog.afk3.model.OrderTest]: OrderTest does not declare any static, non-private, non-final, nested classes annotated with @Configuration.
2024-05-20T09:43:08.181+07:00  INFO 16100 --- [AFK3] [Test worker] .b.t.c.SpringBootTestContextBootstrapper : Found @SpringBootConfiguration id.ac.ui.cs.advprog.afk3.Afk3Application for test class id.ac.ui.cs.advprog.afk3.model.OrderTest
2024-05-20T09:43:08.286+07:00  INFO 16100 --- [AFK3] [SpringApplicationShutdownHook] j.LocalContainerEntityManagerFactoryBean : Closing JPA EntityManagerFactory for persistence unit 'default'
2024-05-20T09:43:08.291+07:00  INFO 16100 --- [AFK3] [SpringApplicationShutdownHook] com.zaxxer.hikari.HikariDataSource       : HikariPool-1 - Shutdown initiated...
2024-05-20T09:43:08.296+07:00  INFO 16100 --- [AFK3] [SpringApplicationShutdownHook] com.zaxxer.hikari.HikariDataSource       : HikariPool-1 - Shutdown completed.
2024-05-20T09:43:08.302+07:00  INFO 16100 --- [AFK3] [SpringApplicationShutdownHook] j.LocalContainerEntityManagerFactoryBean : Closing JPA EntityManagerFactory for persistence unit 'default'
2024-05-20T09:43:08.303+07:00  INFO 16100 --- [AFK3] [SpringApplicationShutdownHook] com.zaxxer.hikari.HikariDataSource       : HikariPool-2 - Shutdown initiated...
2024-05-20T09:43:08.308+07:00  INFO 16100 --- [AFK3] [SpringApplicationShutdownHook] com.zaxxer.hikari.HikariDataSource       : HikariPool-2 - Shutdown completed.
